2022-12-30 09:01:10 info: [0mOPTIONS /configs/uridical [32m204[0m 0.271 ms - 0[0m
2022-12-30 09:01:10 info: [0mOPTIONS /configs/uridical [32m204[0m 0.360 ms - 0[0m
2022-12-30 09:01:10 info: [0mGET /configs/uridical [36m304[0m 8.142 ms - -[0m
2022-12-30 09:01:10 info: [0mGET /configs/uridical [36m304[0m 3.679 ms - -[0m
2022-12-30 09:01:10 info: [0mGET /images/card%201.png [32m200[0m 0.859 ms - -[0m
2022-12-30 09:01:10 info: [0mGET /images/%D0%92%D0%BA%D0%BE%D0%BD%D1%82%D0%B0%D0%BA%D1%82%D0%B5.png [32m200[0m 1.649 ms - -[0m
2022-12-30 09:01:10 info: [0mGET /images/Rectangle%208.png [32m200[0m 0.818 ms - -[0m
2022-12-30 09:01:10 info: [0mOPTIONS /images [32m204[0m 0.364 ms - 0[0m
2022-12-30 09:01:10 info: [0mOPTIONS /images [32m204[0m 0.339 ms - 0[0m
2022-12-30 09:01:10 info: [0mOPTIONS /images [32m204[0m 0.367 ms - 0[0m
2022-12-30 09:01:10 info: [0mGET /images [36m304[0m 3.847 ms - -[0m
2022-12-30 09:01:10 info: [0mGET /images [36m304[0m 4.230 ms - -[0m
2022-12-30 09:01:10 info: [0mGET /images [36m304[0m 3.072 ms - -[0m
2022-12-30 09:01:10 info: [0mGET /images [36m304[0m 4.079 ms - -[0m
2022-12-30 09:01:10 info: [0mGET /images [36m304[0m 5.145 ms - -[0m
2022-12-30 09:01:10 info: [0mGET /images [36m304[0m 3.209 ms - -[0m
2022-12-30 09:01:10 info: [0mGET /images [36m304[0m 3.114 ms - -[0m
2022-12-30 09:01:10 info: [0mGET /images [36m304[0m 4.046 ms - -[0m
2022-12-30 09:01:10 info: [0mGET /images [36m304[0m 2.605 ms - -[0m
2022-12-30 09:01:10 info: [0mGET /images [36m304[0m 2.735 ms - -[0m
2022-12-30 09:01:10 info: [0mGET /images [36m304[0m 2.564 ms - -[0m
2022-12-30 09:01:10 info: [0mGET /images [36m304[0m 3.136 ms - -[0m
2022-12-30 09:01:10 info: [0mGET /images [36m304[0m 3.390 ms - -[0m
2022-12-30 09:01:10 info: [0mGET /images [36m304[0m 2.724 ms - -[0m
2022-12-30 09:01:10 info: [0mGET /images [36m304[0m 1.844 ms - -[0m
2022-12-30 09:01:11 info: [0mGET /images [36m304[0m 1.940 ms - -[0m
2022-12-30 09:01:11 info: [0mGET /images [36m304[0m 2.674 ms - -[0m
2022-12-30 09:01:11 info: [0mGET /images [36m304[0m 1.882 ms - -[0m
2022-12-30 09:01:11 info: [0mGET /images [36m304[0m 2.278 ms - -[0m
2022-12-30 09:01:11 info: [0mGET /images [36m304[0m 2.454 ms - -[0m
2022-12-30 09:01:11 info: [0mGET /images [36m304[0m 2.016 ms - -[0m
2022-12-30 09:01:11 info: [0mGET /images [36m304[0m 2.309 ms - -[0m
2022-12-30 09:01:11 info: [0mGET /images [36m304[0m 2.138 ms - -[0m
2022-12-30 09:01:11 info: [0mGET /images [36m304[0m 1.778 ms - -[0m
2022-12-30 09:01:11 info: [0mGET /images [36m304[0m 1.823 ms - -[0m
2022-12-30 09:01:11 info: [0mGET /images [36m304[0m 3.316 ms - -[0m
2022-12-30 09:01:11 info: [0mGET /images [36m304[0m 2.898 ms - -[0m
2022-12-30 09:01:11 info: [0mGET /images [36m304[0m 2.366 ms - -[0m
2022-12-30 09:01:11 info: [0mGET /images [36m304[0m 1.815 ms - -[0m
2022-12-30 09:01:11 info: [0mGET /images [36m304[0m 2.768 ms - -[0m
2022-12-30 09:01:11 info: [0mGET /images [36m304[0m 2.036 ms - -[0m
2022-12-30 09:01:11 info: [0mGET /images [36m304[0m 1.839 ms - -[0m
2022-12-30 09:01:11 info: [0mGET /images [36m304[0m 2.064 ms - -[0m
2022-12-30 09:01:11 info: [0mGET /images [36m304[0m 2.856 ms - -[0m
2022-12-30 09:01:13 info: [0mOPTIONS /configs/physical [32m204[0m 0.215 ms - 0[0m
2022-12-30 09:01:13 info: [0mOPTIONS /configs/physical [32m204[0m 0.266 ms - 0[0m
2022-12-30 09:01:13 info: [0mGET /configs/physical [36m304[0m 3.547 ms - -[0m
2022-12-30 09:01:13 info: [0mGET /configs/physical [36m304[0m 2.692 ms - -[0m
2022-12-30 09:01:13 info: [0mGET /images/logo_green.png [32m200[0m 1.190 ms - -[0m
2022-12-30 09:01:13 info: [0mGET /images [36m304[0m 3.489 ms - -[0m
2022-12-30 09:01:13 info: [0mGET /images [36m304[0m 2.699 ms - -[0m
2022-12-30 09:01:13 info: [0mGET /images [36m304[0m 2.479 ms - -[0m
2022-12-30 09:01:13 info: [0mGET /images [36m304[0m 2.459 ms - -[0m
2022-12-30 09:01:13 info: [0mGET /images [36m304[0m 2.447 ms - -[0m
2022-12-30 09:01:13 info: [0mGET /images [36m304[0m 2.745 ms - -[0m
2022-12-30 09:01:13 info: [0mGET /images [36m304[0m 2.570 ms - -[0m
2022-12-30 09:01:13 info: [0mGET /images [36m304[0m 2.418 ms - -[0m
2022-12-30 09:01:13 info: [0mGET /images [36m304[0m 2.191 ms - -[0m
2022-12-30 09:01:13 info: [0mGET /images [36m304[0m 2.657 ms - -[0m
2022-12-30 09:01:13 info: [0mGET /images [36m304[0m 2.698 ms - -[0m
2022-12-30 09:01:13 info: [0mGET /images [36m304[0m 2.395 ms - -[0m
2022-12-30 09:01:13 info: [0mGET /images [36m304[0m 2.329 ms - -[0m
2022-12-30 09:01:13 info: [0mGET /images [36m304[0m 1.922 ms - -[0m
2022-12-30 09:01:13 info: [0mGET /images [36m304[0m 2.260 ms - -[0m
2022-12-30 09:01:13 info: [0mGET /images [36m304[0m 2.437 ms - -[0m
2022-12-30 09:01:13 info: [0mGET /images [36m304[0m 2.465 ms - -[0m
2022-12-30 09:01:13 info: [0mGET /images [36m304[0m 2.402 ms - -[0m
2022-12-30 09:01:13 info: [0mGET /images [36m304[0m 2.636 ms - -[0m
2022-12-30 09:01:13 info: [0mGET /images [36m304[0m 1.951 ms - -[0m
2022-12-30 09:01:13 info: [0mGET /images [36m304[0m 1.905 ms - -[0m
2022-12-30 09:01:13 info: [0mGET /images [36m304[0m 1.611 ms - -[0m
2022-12-30 09:01:13 info: [0mGET /images [36m304[0m 1.759 ms - -[0m
2022-12-30 09:01:13 info: [0mGET /images [36m304[0m 3.159 ms - -[0m
2022-12-30 09:01:13 info: [0mGET /images [36m304[0m 2.140 ms - -[0m
2022-12-30 09:01:13 info: [0mGET /images [36m304[0m 2.064 ms - -[0m
2022-12-30 09:01:13 info: [0mGET /images [36m304[0m 2.492 ms - -[0m
2022-12-30 09:01:13 info: [0mGET /images [36m304[0m 2.162 ms - -[0m
2022-12-30 09:01:13 info: [0mGET /images [36m304[0m 1.676 ms - -[0m
2022-12-30 09:01:13 info: [0mGET /images [36m304[0m 1.652 ms - -[0m
2022-12-30 09:01:13 info: [0mGET /images [36m304[0m 2.096 ms - -[0m
2022-12-30 09:01:13 info: [0mGET /images [36m304[0m 2.526 ms - -[0m
2022-12-30 09:01:13 info: [0mGET /images [36m304[0m 2.534 ms - -[0m
2022-12-30 09:01:13 info: [0mGET /images [36m304[0m 2.450 ms - -[0m
2022-12-30 09:01:13 info: [0mGET /images [36m304[0m 1.869 ms - -[0m
2022-12-30 09:01:13 info: [0mGET /images [36m304[0m 2.007 ms - -[0m
2022-12-30 09:07:45 info: =================================
2022-12-30 09:07:45 info: ======= ENV: development =======
2022-12-30 09:07:45 info: 🚀 App listening on the port 8080
2022-12-30 09:07:45 info: =================================
2022-12-30 09:08:01 info: =================================
2022-12-30 09:08:01 info: ======= ENV: development =======
2022-12-30 09:08:01 info: 🚀 App listening on the port 8080
2022-12-30 09:08:01 info: =================================
2022-12-30 09:08:14 info: [0mOPTIONS /configs/physical [32m204[0m 3.624 ms - 0[0m
2022-12-30 09:08:14 info: [0mOPTIONS /configs/physical [32m204[0m 0.344 ms - 0[0m
2022-12-30 09:08:14 info: [0mGET /configs/physical [36m304[0m 14.885 ms - -[0m
2022-12-30 09:08:14 info: [0mGET /configs/physical [36m304[0m 4.495 ms - -[0m
2022-12-30 09:08:14 info: [0mGET /images/logo_green.png [32m200[0m 1.600 ms - -[0m
2022-12-30 09:08:14 info: [0mOPTIONS /images [32m204[0m 0.407 ms - 0[0m
2022-12-30 09:08:14 info: [0mGET /images [36m304[0m 9.890 ms - -[0m
2022-12-30 09:08:14 info: [0mGET /images [36m304[0m 4.990 ms - -[0m
2022-12-30 09:08:14 info: [0mGET /images [36m304[0m 5.493 ms - -[0m
2022-12-30 09:08:14 info: [0mGET /images [36m304[0m 4.275 ms - -[0m
2022-12-30 09:08:14 info: [0mGET /images [36m304[0m 4.688 ms - -[0m
2022-12-30 09:08:14 info: [0mGET /images [36m304[0m 4.340 ms - -[0m
2022-12-30 09:08:14 info: [0mGET /images [36m304[0m 4.984 ms - -[0m
2022-12-30 09:08:14 info: [0mGET /images [36m304[0m 4.714 ms - -[0m
2022-12-30 09:08:14 info: [0mGET /images [36m304[0m 4.852 ms - -[0m
2022-12-30 09:08:14 info: [0mGET /images [36m304[0m 9.227 ms - -[0m
2022-12-30 09:08:14 info: [0mGET /images [36m304[0m 4.050 ms - -[0m
2022-12-30 09:08:14 info: [0mGET /images [36m304[0m 3.895 ms - -[0m
2022-12-30 09:08:14 info: [0mGET /images [36m304[0m 3.352 ms - -[0m
2022-12-30 09:08:14 info: [0mGET /images [36m304[0m 3.329 ms - -[0m
2022-12-30 09:08:14 info: [0mGET /images [36m304[0m 4.072 ms - -[0m
2022-12-30 09:08:14 info: [0mGET /images [36m304[0m 3.318 ms - -[0m
2022-12-30 09:08:14 info: [0mGET /images [36m304[0m 3.822 ms - -[0m
2022-12-30 09:08:14 info: [0mGET /images [36m304[0m 3.989 ms - -[0m
2022-12-30 09:08:14 info: [0mGET /images [36m304[0m 3.870 ms - -[0m
2022-12-30 09:08:14 info: [0mGET /images [36m304[0m 3.334 ms - -[0m
2022-12-30 09:08:14 info: [0mGET /images [36m304[0m 4.125 ms - -[0m
2022-12-30 09:08:14 info: [0mGET /images [36m304[0m 2.832 ms - -[0m
2022-12-30 09:08:14 info: [0mGET /images [36m304[0m 3.172 ms - -[0m
2022-12-30 09:08:14 info: [0mGET /images [36m304[0m 3.404 ms - -[0m
2022-12-30 09:08:14 info: [0mGET /images [36m304[0m 3.456 ms - -[0m
2022-12-30 09:08:14 info: [0mGET /images [36m304[0m 3.053 ms - -[0m
2022-12-30 09:08:14 info: [0mGET /images [36m304[0m 3.166 ms - -[0m
2022-12-30 09:08:14 info: [0mGET /images [36m304[0m 3.705 ms - -[0m
2022-12-30 09:08:14 info: [0mGET /images [36m304[0m 3.453 ms - -[0m
2022-12-30 09:08:14 info: [0mGET /images [36m304[0m 3.819 ms - -[0m
2022-12-30 09:08:14 info: [0mGET /images [36m304[0m 3.130 ms - -[0m
2022-12-30 09:08:14 info: [0mGET /images [36m304[0m 3.841 ms - -[0m
2022-12-30 09:08:14 info: [0mGET /images [36m304[0m 3.193 ms - -[0m
2022-12-30 09:08:14 info: [0mGET /images [36m304[0m 3.793 ms - -[0m
2022-12-30 09:08:14 info: [0mGET /images [36m304[0m 3.125 ms - -[0m
2022-12-30 09:08:14 info: [0mGET /images [36m304[0m 3.577 ms - -[0m
2022-12-30 09:08:15 info: [0mGET /images/Arrow%201.png [32m200[0m 0.845 ms - -[0m
2022-12-30 09:08:15 info: [0mGET /images/Arrow%202.png [32m200[0m 1.096 ms - -[0m
2022-12-30 09:08:15 info: [0mGET /images/ArrowLeft.png [32m200[0m 0.929 ms - -[0m
2022-12-30 09:08:15 info: [0mGET /images/card%201.png [32m200[0m 0.713 ms - -[0m
2022-12-30 09:08:15 info: [0mGET /images/ArrowRight.png [32m200[0m 0.881 ms - -[0m
2022-12-30 09:08:15 info: [0mGET /images/card%202.png [32m200[0m 0.850 ms - -[0m
2022-12-30 09:08:30 info: [0mOPTIONS /images [32m204[0m 0.299 ms - 0[0m
2022-12-30 09:08:30 error: [POST] /images >> StatusCode:: 500, Message:: Cannot read properties of undefined (reading 'originalname')
2022-12-30 09:08:30 info: [0mPOST /images [31m500[0m 11.190 ms - 74[0m
2022-12-30 09:08:32 info: [0mGET /images/Facebook.png [32m200[0m 0.921 ms - -[0m
2022-12-30 09:08:32 info: [0mGET /images/Handshake.png [32m200[0m 1.025 ms - -[0m
2022-12-30 09:08:32 info: [0mGET /images/Instagram.png [32m200[0m 0.731 ms - -[0m
2022-12-30 09:08:32 info: [0mGET /images/Laptop%20E-Mail.png [32m200[0m 0.986 ms - -[0m
2022-12-30 09:08:32 info: [0mGET /images/location-pin.png [32m200[0m 5.383 ms - -[0m
2022-12-30 09:08:32 info: [0mGET /images/logo-black%201.png [32m200[0m 1.785 ms - -[0m
2022-12-30 09:08:34 info: [0mGET /images/surprise%203.png [32m200[0m 0.785 ms - -[0m
2022-12-30 09:08:34 info: [0mGET /images/time%201.png [32m200[0m 1.022 ms - -[0m
2022-12-30 09:08:34 info: [0mGET /images/Youtube.png [32m200[0m 0.954 ms - -[0m
2022-12-30 09:08:34 info: [0mGET /images/%D0%92%D0%BA%D0%BE%D0%BD%D1%82%D0%B0%D0%BA%D1%82%D0%B5.png [32m200[0m 0.654 ms - -[0m
2022-12-30 09:08:34 info: [0mGET /images/%D0%9E%D0%B4%D0%BD%D0%BE%D0%BA%D0%BB%D0%B0%D1%81%D1%81%D0%BD%D0%B8%D0%BA%D0%B8.png [32m200[0m 0.743 ms - -[0m
2022-12-30 09:08:36 info: [0mGET /images/Rectangle%209.png [32m200[0m 1.510 ms - -[0m
2022-12-30 09:08:36 info: [0mGET /images/Screenshot_1.png [32m200[0m 0.865 ms - -[0m
2022-12-30 09:08:36 info: [0mGET /images/security%201.png [32m200[0m 0.917 ms - -[0m
2022-12-30 09:08:36 info: [0mGET /images/shopping-cart%201.png [32m200[0m 0.761 ms - -[0m
2022-12-30 09:08:36 info: [0mGET /images/surprise%201.png [32m200[0m 1.057 ms - -[0m
2022-12-30 09:08:36 info: [0mGET /images/surprise%202.png [32m200[0m 0.827 ms - -[0m
2022-12-30 09:08:39 info: [0mGET /images/Rectangle%2011.png [32m200[0m 1.155 ms - -[0m
2022-12-30 09:08:39 info: [0mGET /images/Rectangle%2016.png [32m200[0m 0.818 ms - -[0m
2022-12-30 09:08:39 info: [0mGET /images/Rectangle%205.png [32m200[0m 1.317 ms - -[0m
2022-12-30 09:08:39 info: [0mGET /images/Rectangle%206.png [32m200[0m 2.589 ms - -[0m
2022-12-30 09:08:39 info: [0mGET /images/Rectangle%207.png [32m200[0m 1.018 ms - -[0m
2022-12-30 09:08:39 info: [0mGET /images/Rectangle%208.png [32m200[0m 0.864 ms - -[0m
2022-12-30 09:08:41 info: [0mGET /images/logo-white%201.png [32m200[0m 0.908 ms - -[0m
2022-12-30 09:08:41 info: [0mGET /images/MasterCard%20Credit%20Card.png [32m200[0m 0.900 ms - -[0m
2022-12-30 09:08:41 info: [0mGET /images/Place%20Marker.png [32m200[0m 0.784 ms - -[0m
2022-12-30 09:08:42 info: [0mGET /images/Rectangle%201.png [32m200[0m 1.556 ms - -[0m
2022-12-30 09:08:42 info: [0mGET /images/Rectangle%2010.png [32m200[0m 2.647 ms - -[0m
2022-12-30 09:09:19 info: =================================
2022-12-30 09:09:19 info: ======= ENV: development =======
2022-12-30 09:09:19 info: 🚀 App listening on the port 8080
2022-12-30 09:09:19 info: =================================
2022-12-30 09:09:20 info: [0mOPTIONS /images [32m204[0m 5.472 ms - 0[0m
2022-12-30 09:09:20 info: [0mPOST /images [32m200[0m 29.521 ms - -[0m
2022-12-30 09:09:20 info: [0mGET /images [32m200[0m 13.774 ms - -[0m
2022-12-30 09:09:30 info: =================================
2022-12-30 09:09:30 info: ======= ENV: development =======
2022-12-30 09:09:30 info: 🚀 App listening on the port 8080
2022-12-30 09:09:30 info: =================================
2022-12-30 09:09:31 info: [0mOPTIONS /images [32m204[0m 5.735 ms - 0[0m
2022-12-30 09:09:31 info: [0mPOST /images [32m200[0m 34.047 ms - -[0m
2022-12-30 09:09:31 info: [0mGET /images [32m200[0m 14.102 ms - -[0m
2022-12-30 09:10:08 info: =================================
2022-12-30 09:10:08 info: ======= ENV: development =======
2022-12-30 09:10:08 info: 🚀 App listening on the port 8080
2022-12-30 09:10:08 info: =================================
2022-12-30 09:10:10 info: [0mOPTIONS /images [32m204[0m 3.004 ms - 0[0m
2022-12-30 09:10:10 info: [0mPOST /images [32m200[0m 19.224 ms - -[0m
2022-12-30 09:10:10 info: [0mGET /images [32m200[0m 12.277 ms - -[0m
2022-12-30 09:10:14 info: [0mGET /images/Facebook.png [32m200[0m 2.171 ms - -[0m
2022-12-30 09:10:14 info: [0mGET /images/free-icon-cargo-truck-2311484.png [32m200[0m 0.994 ms - -[0m
2022-12-30 09:10:14 info: [0mGET /images/Handshake.png [32m200[0m 1.179 ms - -[0m
2022-12-30 09:10:14 info: [0mGET /images/Instagram.png [32m200[0m 0.935 ms - -[0m
2022-12-30 09:10:14 info: [0mGET /images/Laptop%20E-Mail.png [32m200[0m 0.531 ms - -[0m
2022-12-30 09:10:14 info: [0mGET /images/location-pin.png [32m200[0m 0.942 ms - -[0m
2022-12-30 09:10:20 info: [0mOPTIONS /configs/uridical [32m204[0m 0.403 ms - 0[0m
2022-12-30 09:10:20 info: [0mOPTIONS /configs/uridical [32m204[0m 0.399 ms - 0[0m
2022-12-30 09:10:20 info: [0mGET /configs/uridical [36m304[0m 5.332 ms - -[0m
2022-12-30 09:10:20 info: [0mGET /configs/uridical [36m304[0m 4.908 ms - -[0m
2022-12-30 09:10:20 info: [0mGET /images/Rectangle%208.png [32m200[0m 0.865 ms - -[0m
2022-12-30 09:10:20 info: [0mGET /images/%D0%92%D0%BA%D0%BE%D0%BD%D1%82%D0%B0%D0%BA%D1%82%D0%B5.png [32m200[0m 0.797 ms - -[0m
2022-12-30 09:10:20 info: [0mOPTIONS /images [32m204[0m 0.652 ms - 0[0m
2022-12-30 09:10:20 info: [0mOPTIONS /images [32m204[0m 0.435 ms - 0[0m
2022-12-30 09:10:20 info: [0mGET /images [36m304[0m 5.549 ms - -[0m
2022-12-30 09:10:20 info: [0mGET /images [36m304[0m 4.239 ms - -[0m
2022-12-30 09:10:20 info: [0mGET /images [36m304[0m 4.338 ms - -[0m
2022-12-30 09:10:20 info: [0mGET /images [36m304[0m 3.507 ms - -[0m
2022-12-30 09:10:20 info: [0mGET /images [36m304[0m 4.138 ms - -[0m
2022-12-30 09:10:20 info: [0mGET /images [36m304[0m 4.705 ms - -[0m
2022-12-30 09:10:20 info: [0mGET /images [36m304[0m 4.478 ms - -[0m
2022-12-30 09:10:20 info: [0mGET /images [36m304[0m 2.865 ms - -[0m
2022-12-30 09:10:20 info: [0mGET /images [36m304[0m 6.050 ms - -[0m
2022-12-30 09:10:20 info: [0mGET /images [36m304[0m 2.604 ms - -[0m
2022-12-30 09:10:20 info: [0mGET /images [36m304[0m 3.246 ms - -[0m
2022-12-30 09:10:20 info: [0mGET /images [36m304[0m 3.259 ms - -[0m
2022-12-30 09:10:20 info: [0mGET /images [36m304[0m 3.129 ms - -[0m
2022-12-30 09:10:20 info: [0mGET /images [36m304[0m 2.642 ms - -[0m
2022-12-30 09:10:20 info: [0mGET /images [36m304[0m 2.490 ms - -[0m
2022-12-30 09:10:20 info: [0mGET /images [36m304[0m 2.843 ms - -[0m
2022-12-30 09:10:20 info: [0mGET /images [36m304[0m 2.323 ms - -[0m
2022-12-30 09:10:20 info: [0mGET /images [36m304[0m 3.507 ms - -[0m
2022-12-30 09:10:20 info: [0mGET /images [36m304[0m 3.538 ms - -[0m
2022-12-30 09:10:20 info: [0mGET /images [36m304[0m 3.087 ms - -[0m
2022-12-30 09:10:20 info: [0mGET /images [36m304[0m 3.155 ms - -[0m
2022-12-30 09:10:20 info: [0mGET /images [36m304[0m 2.538 ms - -[0m
2022-12-30 09:10:20 info: [0mGET /images [36m304[0m 2.601 ms - -[0m
2022-12-30 09:10:20 info: [0mGET /images [36m304[0m 2.843 ms - -[0m
2022-12-30 09:10:20 info: [0mGET /images [36m304[0m 5.276 ms - -[0m
2022-12-30 09:10:20 info: [0mGET /images [36m304[0m 2.289 ms - -[0m
2022-12-30 09:10:20 info: [0mGET /images [36m304[0m 2.906 ms - -[0m
2022-12-30 09:10:20 info: [0mGET /images [36m304[0m 2.792 ms - -[0m
2022-12-30 09:10:20 info: [0mGET /images [36m304[0m 2.037 ms - -[0m
2022-12-30 09:10:20 info: [0mGET /images [36m304[0m 2.956 ms - -[0m
2022-12-30 09:10:20 info: [0mGET /images [36m304[0m 2.971 ms - -[0m
2022-12-30 09:10:20 info: [0mGET /images [36m304[0m 2.471 ms - -[0m
2022-12-30 09:10:20 info: [0mGET /images [36m304[0m 3.254 ms - -[0m
2022-12-30 09:10:20 info: [0mGET /images [36m304[0m 3.120 ms - -[0m
2022-12-30 09:10:21 info: [0mOPTIONS /configs/physical [32m204[0m 0.211 ms - 0[0m
2022-12-30 09:10:21 info: [0mOPTIONS /configs/physical [32m204[0m 0.190 ms - 0[0m
2022-12-30 09:10:21 info: [0mGET /configs/physical [36m304[0m 3.025 ms - -[0m
2022-12-30 09:10:21 info: [0mGET /configs/physical [36m304[0m 2.694 ms - -[0m
2022-12-30 09:10:21 info: [0mGET /images/logo_green.png [32m200[0m 0.776 ms - -[0m
2022-12-30 09:10:21 info: [0mGET /images [36m304[0m 3.827 ms - -[0m
2022-12-30 09:10:21 info: [0mGET /images [36m304[0m 3.046 ms - -[0m
2022-12-30 09:10:21 info: [0mGET /images [36m304[0m 2.981 ms - -[0m
2022-12-30 09:10:21 info: [0mGET /images [36m304[0m 2.928 ms - -[0m
2022-12-30 09:10:21 info: [0mGET /images [36m304[0m 2.939 ms - -[0m
2022-12-30 09:10:21 info: [0mGET /images [36m304[0m 2.914 ms - -[0m
2022-12-30 09:10:21 info: [0mGET /images [36m304[0m 2.868 ms - -[0m
2022-12-30 09:10:21 info: [0mGET /images [36m304[0m 3.011 ms - -[0m
2022-12-30 09:10:21 info: [0mGET /images [36m304[0m 2.324 ms - -[0m
2022-12-30 09:10:21 info: [0mGET /images [36m304[0m 2.762 ms - -[0m
2022-12-30 09:10:21 info: [0mGET /images [36m304[0m 3.542 ms - -[0m
2022-12-30 09:10:21 info: [0mGET /images [36m304[0m 3.012 ms - -[0m
2022-12-30 09:10:21 info: [0mGET /images [36m304[0m 2.550 ms - -[0m
2022-12-30 09:10:21 info: [0mGET /images [36m304[0m 2.746 ms - -[0m
2022-12-30 09:10:21 info: [0mGET /images [36m304[0m 2.278 ms - -[0m
2022-12-30 09:10:21 info: [0mGET /images [36m304[0m 2.054 ms - -[0m
2022-12-30 09:10:21 info: [0mGET /images [36m304[0m 2.274 ms - -[0m
2022-12-30 09:10:21 info: [0mGET /images [36m304[0m 2.923 ms - -[0m
2022-12-30 09:10:21 info: [0mGET /images [36m304[0m 2.845 ms - -[0m
2022-12-30 09:10:21 info: [0mGET /images [36m304[0m 2.684 ms - -[0m
2022-12-30 09:10:21 info: [0mGET /images [36m304[0m 2.255 ms - -[0m
2022-12-30 09:10:21 info: [0mGET /images [36m304[0m 2.938 ms - -[0m
2022-12-30 09:10:21 info: [0mGET /images [36m304[0m 2.757 ms - -[0m
2022-12-30 09:10:21 info: [0mGET /images [36m304[0m 2.820 ms - -[0m
2022-12-30 09:10:21 info: [0mGET /images [36m304[0m 2.398 ms - -[0m
2022-12-30 09:10:21 info: [0mGET /images [36m304[0m 2.618 ms - -[0m
2022-12-30 09:10:21 info: [0mGET /images [36m304[0m 1.969 ms - -[0m
2022-12-30 09:10:21 info: [0mGET /images [36m304[0m 1.937 ms - -[0m
2022-12-30 09:10:21 info: [0mGET /images [36m304[0m 2.216 ms - -[0m
2022-12-30 09:10:21 info: [0mGET /images [36m304[0m 2.344 ms - -[0m
2022-12-30 09:10:21 info: [0mGET /images [36m304[0m 2.172 ms - -[0m
2022-12-30 09:10:21 info: [0mGET /images [36m304[0m 2.583 ms - -[0m
2022-12-30 09:10:21 info: [0mGET /images [36m304[0m 2.971 ms - -[0m
2022-12-30 09:10:21 info: [0mGET /images [36m304[0m 2.665 ms - -[0m
2022-12-30 09:10:21 info: [0mGET /images [36m304[0m 4.409 ms - -[0m
2022-12-30 09:10:21 info: [0mGET /images [36m304[0m 2.565 ms - -[0m
2022-12-30 13:17:04 info: =================================
2022-12-30 13:17:04 info: ======= ENV: development =======
2022-12-30 13:17:04 info: 🚀 App listening on the port 8080
2022-12-30 13:17:04 info: =================================
2022-12-30 13:17:13 info: [0mGET / [32m200[0m 14.242 ms - 24[0m
2022-12-30 13:17:14 info: [0mGET /favicon.ico [33m404[0m 5.257 ms - 150[0m
2022-12-30 13:17:47 info: =================================
2022-12-30 13:17:47 info: ======= ENV: development =======
2022-12-30 13:17:47 info: 🚀 App listening on the port 443
2022-12-30 13:17:47 info: =================================
2022-12-30 13:17:56 info: [0mGET / [32m200[0m 13.270 ms - 24[0m
2022-12-30 13:17:56 info: [0mGET /favicon.ico [33m404[0m 4.425 ms - 150[0m
2022-12-30 13:23:05 info: =================================
2022-12-30 13:23:05 info: ======= ENV: development =======
2022-12-30 13:23:05 info: 🚀 App listening on the port 443
2022-12-30 13:23:05 info: =================================
2022-12-30 13:25:57 info: =================================
2022-12-30 13:25:57 info: ======= ENV: development =======
2022-12-30 13:25:57 info: 🚀 App listening on the port 443
2022-12-30 13:25:57 info: =================================
2022-12-30 13:26:05 info: [0mGET / [36m304[0m 8.482 ms - -[0m
2022-12-30 13:27:33 info: =================================
2022-12-30 13:27:33 info: ======= ENV: development =======
2022-12-30 13:27:33 info: 🚀 App listening on the port 443
2022-12-30 13:27:33 info: =================================
2022-12-30 13:29:11 info: =================================
2022-12-30 13:29:11 info: ======= ENV: development =======
2022-12-30 13:29:11 info: 🚀 App listening on the port 443
2022-12-30 13:29:11 info: =================================
2022-12-30 13:29:37 info: [0mGET / [36m304[0m 6.462 ms - -[0m
2022-12-30 13:30:01 info: [0mGET /configs/physical [32m200[0m 64.621 ms - -[0m
2022-12-30 13:35:27 info: [0mGET / [36m304[0m 1.092 ms - -[0m
2022-12-30 13:51:28 info: =================================
2022-12-30 13:51:28 info: ======= ENV: development =======
2022-12-30 13:51:28 info: 🚀 App listening on the port 443
2022-12-30 13:51:28 info: =================================
2022-12-30 13:51:30 info: [0mGET / [32m200[0m 14.786 ms - 109[0m
2022-12-30 13:51:31 info: [0mGET / [32m200[0m 2.635 ms - 109[0m
2022-12-30 13:51:32 info: [0mGET / [32m200[0m 1.047 ms - 109[0m
2022-12-30 13:51:33 info: [0mGET / [32m200[0m 0.887 ms - 109[0m
