2022-12-07 10:06:34 info: =================================
2022-12-07 10:06:34 info: ======= ENV: development =======
2022-12-07 10:06:34 info: 🚀 App listening on the port 3000
2022-12-07 10:06:34 info: =================================
2022-12-07 10:08:13 info: =================================
2022-12-07 10:08:13 info: ======= ENV: development =======
2022-12-07 10:08:13 info: 🚀 App listening on the port 3000
2022-12-07 10:08:13 info: =================================
2022-12-07 10:10:07 info: =================================
2022-12-07 10:10:07 info: ======= ENV: development =======
2022-12-07 10:10:07 info: 🚀 App listening on the port 3000
2022-12-07 10:10:07 info: =================================
2022-12-07 10:10:25 info: =================================
2022-12-07 10:10:25 info: ======= ENV: development =======
2022-12-07 10:10:25 info: 🚀 App listening on the port 3000
2022-12-07 10:10:25 info: =================================
2022-12-07 10:10:25 error: [GET] / >> StatusCode:: 500, Message:: Something went wrong
2022-12-07 10:10:25 info: [0mGET / [31m500[0m 4.965 ms - -[0m
2022-12-07 10:10:37 info: =================================
2022-12-07 10:10:37 info: ======= ENV: development =======
2022-12-07 10:10:37 info: 🚀 App listening on the port 3000
2022-12-07 10:10:37 info: =================================
2022-12-07 10:10:39 info: [0mGET / [32m200[0m 7.135 ms - 2[0m
