2022-12-28 08:56:38 info: [0mOPTIONS /auth [32m204[0m 0.474 ms - 0[0m
2022-12-28 08:56:38 info: [0mPOST /auth [32m200[0m 14.030 ms - 134[0m
2022-12-28 08:56:38 info: [0mPOST /auth [32m200[0m 12.379 ms - 134[0m
2022-12-28 08:56:38 info: [0mPATCH /configs [32m200[0m 7.994 ms - -[0m
2022-12-28 08:56:38 info: [0mGET /configs/physical [32m200[0m 4.022 ms - -[0m
2022-12-28 09:00:48 info: [0mPATCH /configs [32m200[0m 17.334 ms - -[0m
2022-12-28 09:00:48 info: [0mGET /configs/physical [32m200[0m 4.996 ms - -[0m
2022-12-28 09:05:40 info: [0mPATCH /configs [32m200[0m 13.225 ms - -[0m
2022-12-28 09:05:40 info: [0mGET /configs/physical [32m200[0m 3.524 ms - -[0m
2022-12-28 09:06:01 info: [0mPATCH /configs [32m200[0m 7.607 ms - -[0m
2022-12-28 09:06:01 info: [0mGET /configs/physical [32m200[0m 2.667 ms - -[0m
2022-12-28 09:07:47 info: [0mPATCH /configs [32m200[0m 5.948 ms - -[0m
2022-12-28 09:07:47 info: [0mGET /configs/physical [32m200[0m 2.951 ms - -[0m
2022-12-28 09:08:41 info: [0mPATCH /configs [32m200[0m 5.909 ms - -[0m
2022-12-28 09:08:41 info: [0mGET /configs/physical [32m200[0m 2.700 ms - -[0m
2022-12-28 09:12:11 info: [0mPATCH /configs [32m200[0m 7.351 ms - -[0m
2022-12-28 09:12:11 info: [0mGET /configs/physical [32m200[0m 2.929 ms - -[0m
2022-12-28 09:12:20 info: [0mOPTIONS /auth [32m204[0m 0.322 ms - 0[0m
2022-12-28 09:12:20 info: [0mPOST /auth [32m200[0m 4.645 ms - 134[0m
2022-12-28 09:12:20 info: [0mPOST /auth [32m200[0m 3.769 ms - 134[0m
2022-12-28 09:12:37 info: [0mPATCH /configs [32m200[0m 6.437 ms - -[0m
2022-12-28 09:12:37 info: [0mGET /configs/physical [32m200[0m 2.575 ms - -[0m
2022-12-28 10:34:24 info: =================================
2022-12-28 10:34:24 info: ======= ENV: development =======
2022-12-28 10:34:24 info: 🚀 App listening on the port 8080
2022-12-28 10:34:24 info: =================================
2022-12-28 10:35:06 info: =================================
2022-12-28 10:35:06 info: ======= ENV: development =======
2022-12-28 10:35:06 info: 🚀 App listening on the port 8080
2022-12-28 10:35:06 info: =================================
2022-12-28 10:39:28 info: [0mOPTIONS /configs/physical [32m204[0m 4.040 ms - 0[0m
2022-12-28 10:39:28 info: [0mOPTIONS /configs/physical [32m204[0m 0.539 ms - 0[0m
2022-12-28 10:39:28 info: [0mGET /configs/physical [32m200[0m 16.918 ms - -[0m
2022-12-28 10:39:28 info: [0mGET /configs/physical [36m304[0m 4.569 ms - -[0m
2022-12-28 10:39:59 info: [0mOPTIONS /configs/physical [32m204[0m 0.421 ms - 0[0m
2022-12-28 10:39:59 info: [0mGET /configs/physical [36m304[0m 9.993 ms - -[0m
2022-12-28 10:40:05 info: [0mOPTIONS /configs/physical [32m204[0m 0.490 ms - 0[0m
2022-12-28 10:40:05 info: [0mGET /configs/physical [36m304[0m 4.062 ms - -[0m
2022-12-28 10:40:53 info: [0mOPTIONS /configs/physical [32m204[0m 0.627 ms - 0[0m
2022-12-28 10:40:53 info: [0mGET /configs/physical [36m304[0m 6.654 ms - -[0m
2022-12-28 10:41:25 info: [0mOPTIONS /configs/physical [32m204[0m 0.326 ms - 0[0m
2022-12-28 10:41:25 info: [0mGET /configs/physical [36m304[0m 8.367 ms - -[0m
2022-12-28 10:41:29 info: [0mGET /configs/physical [36m304[0m 4.991 ms - -[0m
2022-12-28 10:45:35 info: [0mOPTIONS /configs/physical [32m204[0m 0.705 ms - 0[0m
2022-12-28 10:45:35 info: [0mOPTIONS /configs/physical [32m204[0m 0.534 ms - 0[0m
2022-12-28 10:45:35 info: [0mGET /configs/physical [36m304[0m 8.618 ms - -[0m
2022-12-28 10:45:35 info: [0mGET /configs/physical [36m304[0m 3.888 ms - -[0m
2022-12-28 10:45:50 info: [0mOPTIONS /configs/physical [32m204[0m 1.324 ms - 0[0m
2022-12-28 10:45:50 info: [0mGET /configs/physical [36m304[0m 6.406 ms - -[0m
2022-12-28 10:46:38 info: [0mOPTIONS /configs/physical [32m204[0m 0.347 ms - 0[0m
2022-12-28 10:46:38 info: [0mGET /configs/physical [36m304[0m 26.102 ms - -[0m
2022-12-28 10:46:51 info: [0mOPTIONS /configs/physical [32m204[0m 0.302 ms - 0[0m
2022-12-28 10:46:51 info: [0mGET /configs/physical [36m304[0m 10.565 ms - -[0m
2022-12-28 10:47:13 info: [0mOPTIONS /configs/physical [32m204[0m 0.263 ms - 0[0m
2022-12-28 10:47:13 info: [0mGET /configs/physical [36m304[0m 8.620 ms - -[0m
2022-12-28 10:48:14 info: [0mOPTIONS /configs/physical [32m204[0m 0.367 ms - 0[0m
2022-12-28 10:48:14 info: [0mGET /configs/physical [36m304[0m 7.278 ms - -[0m
2022-12-28 10:48:27 info: [0mOPTIONS /configs/physical [32m204[0m 0.332 ms - 0[0m
2022-12-28 10:48:27 info: [0mGET /configs/physical [36m304[0m 7.182 ms - -[0m
2022-12-28 10:50:04 info: [0mOPTIONS /configs/physical [32m204[0m 0.208 ms - 0[0m
2022-12-28 10:50:04 info: [0mGET /configs/physical [36m304[0m 7.545 ms - -[0m
2022-12-28 10:51:02 info: [0mOPTIONS /configs/physical [32m204[0m 0.223 ms - 0[0m
2022-12-28 10:51:02 info: [0mGET /configs/physical [36m304[0m 5.578 ms - -[0m
2022-12-28 10:51:07 info: [0mGET /configs/physical [36m304[0m 4.260 ms - -[0m
2022-12-28 10:51:28 info: [0mOPTIONS /configs/physical [32m204[0m 0.339 ms - 0[0m
2022-12-28 10:51:28 info: [0mGET /configs/physical [36m304[0m 11.297 ms - -[0m
2022-12-28 10:51:59 error: [PATCH] /configs >> StatusCode:: 404, Message:: Authentication token missing
2022-12-28 10:51:59 info: [0mPATCH /configs [33m404[0m 28.268 ms - 42[0m
2022-12-28 10:52:23 info: [0mGET /configs/physical [32m200[0m 8.652 ms - -[0m
2022-12-28 10:52:23 info: [0mGET /configs/physical [32m200[0m 3.864 ms - -[0m
2022-12-28 10:54:29 info: [0mOPTIONS /configs/physical [32m204[0m 0.305 ms - 0[0m
2022-12-28 10:54:29 info: [0mGET /configs/physical [36m304[0m 6.399 ms - -[0m
2022-12-28 10:54:57 info: [0mOPTIONS /configs/physical [32m204[0m 0.258 ms - 0[0m
2022-12-28 10:54:57 info: [0mGET /configs/physical [36m304[0m 6.056 ms - -[0m
2022-12-28 10:55:08 info: [0mOPTIONS /configs/physical [32m204[0m 0.514 ms - 0[0m
2022-12-28 10:55:08 info: [0mGET /configs/physical [36m304[0m 6.977 ms - -[0m
2022-12-28 10:55:14 info: [0mOPTIONS /configs/physical [32m204[0m 1.676 ms - 0[0m
2022-12-28 10:55:14 info: [0mGET /configs/physical [36m304[0m 3.396 ms - -[0m
2022-12-28 10:55:17 info: [0mGET /configs/physical [36m304[0m 3.939 ms - -[0m
2022-12-28 10:55:30 info: [0mOPTIONS /configs/physical [32m204[0m 0.286 ms - 0[0m
2022-12-28 10:55:30 info: [0mGET /configs/physical [36m304[0m 8.653 ms - -[0m
2022-12-28 10:59:47 info: [0mOPTIONS /configs/physical [32m204[0m 0.333 ms - 0[0m
2022-12-28 10:59:47 info: [0mGET /configs/physical [36m304[0m 6.373 ms - -[0m
2022-12-28 11:01:25 info: [0mOPTIONS /configs/physical [32m204[0m 0.287 ms - 0[0m
2022-12-28 11:01:25 info: [0mGET /configs/physical [36m304[0m 6.453 ms - -[0m
2022-12-28 11:01:48 info: [0mGET /configs/physical [32m200[0m 4.838 ms - -[0m
2022-12-28 11:01:48 info: [0mGET /configs/physical [32m200[0m 3.259 ms - -[0m
2022-12-28 11:01:56 info: [0mOPTIONS /configs/physical [32m204[0m 0.295 ms - 0[0m
2022-12-28 11:01:56 info: [0mOPTIONS /configs/physical [32m204[0m 0.180 ms - 0[0m
2022-12-28 11:01:56 info: [0mGET /configs/physical [36m304[0m 3.784 ms - -[0m
2022-12-28 11:01:56 info: [0mGET /configs/physical [36m304[0m 3.473 ms - -[0m
2022-12-28 11:02:17 info: [0mGET /configs/physical [32m200[0m 4.962 ms - -[0m
2022-12-28 11:02:29 info: [0mOPTIONS /configs/physical [32m204[0m 1.138 ms - 0[0m
2022-12-28 11:02:29 info: [0mOPTIONS /configs/physical [32m204[0m 0.274 ms - 0[0m
2022-12-28 11:02:29 info: [0mGET /configs/physical [36m304[0m 5.823 ms - -[0m
2022-12-28 11:02:29 info: [0mGET /configs/physical [36m304[0m 2.339 ms - -[0m
2022-12-28 11:02:35 info: [0mOPTIONS /configs/physical [32m204[0m 0.183 ms - 0[0m
2022-12-28 11:02:35 info: [0mGET /configs/physical [36m304[0m 3.580 ms - -[0m
2022-12-28 11:02:36 info: [0mGET /configs/physical [36m304[0m 2.842 ms - -[0m
2022-12-28 11:02:48 info: [0mGET /configs/physical [32m200[0m 5.135 ms - -[0m
2022-12-28 11:02:48 info: [0mGET /configs/physical [32m200[0m 6.916 ms - -[0m
2022-12-28 11:03:09 info: [0mGET /configs/physical [32m200[0m 9.494 ms - -[0m
2022-12-28 11:03:09 info: [0mGET /configs/physical [32m200[0m 2.575 ms - -[0m
2022-12-28 11:03:42 info: [0mOPTIONS /configs/physical [32m204[0m 0.337 ms - 0[0m
2022-12-28 11:03:42 info: [0mGET /configs/physical [36m304[0m 6.034 ms - -[0m
2022-12-28 11:03:42 info: [0mGET /configs/physical [32m200[0m 3.218 ms - -[0m
2022-12-28 11:03:42 info: [0mGET /configs/physical [32m200[0m 6.029 ms - -[0m
2022-12-28 11:03:50 info: [0mOPTIONS /configs/physical [32m204[0m 0.271 ms - 0[0m
2022-12-28 11:03:50 info: [0mGET /configs/physical [36m304[0m 2.586 ms - -[0m
2022-12-28 11:04:31 info: [0mOPTIONS /configs/physical [32m204[0m 0.323 ms - 0[0m
2022-12-28 11:04:31 info: [0mOPTIONS /configs/physical [32m204[0m 0.310 ms - 0[0m
2022-12-28 11:04:31 info: [0mGET /configs/physical [36m304[0m 4.572 ms - -[0m
2022-12-28 11:04:31 info: [0mGET /configs/physical [36m304[0m 5.808 ms - -[0m
2022-12-28 11:04:57 info: [0mOPTIONS /configs/physical [32m204[0m 0.313 ms - 0[0m
2022-12-28 11:04:57 info: [0mGET /configs/physical [36m304[0m 11.700 ms - -[0m
2022-12-28 11:05:45 info: [0mOPTIONS /configs/physical [32m204[0m 0.260 ms - 0[0m
2022-12-28 11:05:45 info: [0mGET /configs/physical [36m304[0m 8.598 ms - -[0m
2022-12-28 11:05:52 info: [0mOPTIONS /configs/physical [32m204[0m 0.323 ms - 0[0m
2022-12-28 11:05:52 info: [0mGET /configs/physical [36m304[0m 3.666 ms - -[0m
2022-12-28 11:06:14 info: [0mOPTIONS /configs/physical [32m204[0m 0.320 ms - 0[0m
2022-12-28 11:06:14 info: [0mGET /configs/physical [36m304[0m 7.916 ms - -[0m
2022-12-28 11:07:46 info: [0mOPTIONS /configs/physical [32m204[0m 0.299 ms - 0[0m
2022-12-28 11:07:46 info: [0mGET /configs/physical [36m304[0m 7.145 ms - -[0m
2022-12-28 12:23:38 info: [0mOPTIONS /configs/physical [32m204[0m 0.301 ms - 0[0m
2022-12-28 12:23:38 info: [0mGET /configs/physical [36m304[0m 4.985 ms - -[0m
2022-12-28 12:23:38 info: [0mGET /configs/physical [36m304[0m 2.341 ms - -[0m
2022-12-28 12:24:53 info: [0mOPTIONS /configs/physical [32m204[0m 0.243 ms - 0[0m
2022-12-28 12:24:53 info: [0mGET /configs/physical [36m304[0m 5.222 ms - -[0m
2022-12-28 12:24:53 info: [0mGET /configs/physical [36m304[0m 3.084 ms - -[0m
2022-12-28 12:25:52 info: [0mOPTIONS /configs/physical [32m204[0m 0.331 ms - 0[0m
2022-12-28 12:25:52 info: [0mOPTIONS /configs/physical [32m204[0m 0.432 ms - 0[0m
2022-12-28 12:25:52 info: [0mGET /configs/physical [36m304[0m 7.421 ms - -[0m
2022-12-28 12:25:52 info: [0mGET /configs/physical [36m304[0m 4.713 ms - -[0m
2022-12-28 12:25:56 info: [0mGET /configs/physical [36m304[0m 3.632 ms - -[0m
2022-12-28 12:25:57 info: [0mOPTIONS /configs/physical [32m204[0m 0.184 ms - 0[0m
2022-12-28 12:25:57 info: [0mGET /configs/physical [36m304[0m 2.337 ms - -[0m
2022-12-28 12:26:21 info: [0mOPTIONS /configs/physical [32m204[0m 0.357 ms - 0[0m
2022-12-28 12:26:21 info: [0mGET /configs/physical [36m304[0m 4.034 ms - -[0m
2022-12-28 12:26:57 info: [0mOPTIONS /configs/physical [32m204[0m 0.183 ms - 0[0m
2022-12-28 12:26:57 info: [0mGET /configs/physical [36m304[0m 4.640 ms - -[0m
2022-12-28 12:27:53 info: [0mOPTIONS /configs/physical [32m204[0m 0.291 ms - 0[0m
2022-12-28 12:27:53 info: [0mOPTIONS /configs/physical [32m204[0m 0.287 ms - 0[0m
2022-12-28 12:27:53 info: [0mGET /configs/physical [36m304[0m 5.986 ms - -[0m
2022-12-28 12:27:53 info: [0mGET /configs/physical [36m304[0m 3.278 ms - -[0m
2022-12-28 12:27:58 info: [0mOPTIONS /configs/physical [32m204[0m 0.282 ms - 0[0m
2022-12-28 12:27:58 info: [0mGET /configs/physical [36m304[0m 3.418 ms - -[0m
2022-12-28 12:28:23 info: [0mOPTIONS /configs/physical [32m204[0m 0.214 ms - 0[0m
2022-12-28 12:28:23 info: [0mGET /configs/physical [36m304[0m 5.284 ms - -[0m
2022-12-28 12:28:35 info: [0mOPTIONS /configs/physical [32m204[0m 0.167 ms - 0[0m
2022-12-28 12:28:35 info: [0mGET /configs/physical [36m304[0m 3.597 ms - -[0m
2022-12-28 12:29:35 info: [0mOPTIONS /configs/physical [32m204[0m 0.253 ms - 0[0m
2022-12-28 12:29:35 info: [0mGET /configs/physical [36m304[0m 4.761 ms - -[0m
2022-12-28 12:29:51 info: [0mOPTIONS /configs/physical [32m204[0m 0.313 ms - 0[0m
2022-12-28 12:29:51 info: [0mGET /configs/physical [36m304[0m 6.392 ms - -[0m
2022-12-28 12:30:35 info: [0mOPTIONS /configs/physical [32m204[0m 0.206 ms - 0[0m
2022-12-28 12:30:35 info: [0mGET /configs/physical [36m304[0m 5.891 ms - -[0m
2022-12-28 12:30:39 info: [0mGET /configs/physical [36m304[0m 4.179 ms - -[0m
2022-12-28 12:32:07 info: [0mOPTIONS /configs/physical [32m204[0m 0.200 ms - 0[0m
2022-12-28 12:32:07 info: [0mOPTIONS /configs/physical [32m204[0m 0.277 ms - 0[0m
2022-12-28 12:32:07 info: [0mGET /configs/physical [36m304[0m 5.326 ms - -[0m
2022-12-28 12:32:08 info: [0mGET /configs/physical [36m304[0m 4.828 ms - -[0m
2022-12-28 12:32:19 info: [0mOPTIONS /configs/physical [32m204[0m 0.233 ms - 0[0m
2022-12-28 12:32:19 info: [0mOPTIONS /configs/physical [32m204[0m 0.269 ms - 0[0m
2022-12-28 12:32:19 info: [0mGET /configs/physical [36m304[0m 4.631 ms - -[0m
2022-12-28 12:32:19 info: [0mGET /configs/physical [36m304[0m 7.449 ms - -[0m
2022-12-28 12:35:32 info: [0mOPTIONS /configs/physical [32m204[0m 0.313 ms - 0[0m
2022-12-28 12:35:32 info: [0mGET /configs/physical [36m304[0m 7.314 ms - -[0m
2022-12-28 12:36:10 info: [0mOPTIONS /configs/physical [32m204[0m 0.293 ms - 0[0m
2022-12-28 12:36:10 info: [0mOPTIONS /configs/physical [32m204[0m 0.331 ms - 0[0m
2022-12-28 12:36:10 info: [0mGET /configs/physical [36m304[0m 7.999 ms - -[0m
2022-12-28 12:36:10 info: [0mGET /configs/physical [36m304[0m 6.862 ms - -[0m
2022-12-28 12:36:29 info: [0mOPTIONS /configs/physical [32m204[0m 0.192 ms - 0[0m
2022-12-28 12:36:29 info: [0mOPTIONS /configs/physical [32m204[0m 0.190 ms - 0[0m
2022-12-28 12:36:29 info: [0mGET /configs/physical [36m304[0m 4.852 ms - -[0m
2022-12-28 12:36:29 info: [0mGET /configs/physical [36m304[0m 3.676 ms - -[0m
2022-12-28 12:38:09 info: [0mOPTIONS /configs/physical [32m204[0m 0.296 ms - 0[0m
2022-12-28 12:38:09 info: [0mGET /configs/physical [36m304[0m 5.074 ms - -[0m
2022-12-28 12:38:32 info: [0mOPTIONS /configs/physical [32m204[0m 0.287 ms - 0[0m
2022-12-28 12:38:32 info: [0mGET /configs/physical [36m304[0m 5.081 ms - -[0m
2022-12-28 12:40:57 info: [0mOPTIONS /configs/physical [32m204[0m 0.962 ms - 0[0m
2022-12-28 12:40:57 info: [0mGET /configs/physical [36m304[0m 5.182 ms - -[0m
2022-12-28 12:41:17 info: [0mOPTIONS /configs/physical [32m204[0m 0.184 ms - 0[0m
2022-12-28 12:41:17 info: [0mGET /configs/physical [36m304[0m 4.575 ms - -[0m
2022-12-28 12:42:34 info: [0mOPTIONS /configs/physical [32m204[0m 0.186 ms - 0[0m
2022-12-28 12:42:34 info: [0mGET /configs/physical [36m304[0m 3.557 ms - -[0m
2022-12-28 12:42:47 info: [0mGET /configs/physical [32m200[0m 3.870 ms - -[0m
2022-12-28 12:42:47 info: [0mGET /configs/physical [32m200[0m 2.844 ms - -[0m
2022-12-28 12:43:11 info: [0mGET /configs/physical [32m200[0m 7.107 ms - -[0m
2022-12-28 12:43:11 info: [0mGET /configs/physical [32m200[0m 2.965 ms - -[0m
2022-12-28 12:43:33 info: [0mGET /configs/physical [32m200[0m 6.138 ms - -[0m
2022-12-28 12:43:33 info: [0mGET /configs/physical [32m200[0m 2.769 ms - -[0m
2022-12-28 12:44:47 info: [0mOPTIONS /configs/physical [32m204[0m 0.321 ms - 0[0m
2022-12-28 12:44:47 info: [0mGET /configs/physical [36m304[0m 11.490 ms - -[0m
2022-12-28 12:44:48 info: [0mGET /configs/physical [32m200[0m 3.208 ms - -[0m
2022-12-28 12:45:18 info: [0mGET /configs/physical [32m200[0m 5.555 ms - -[0m
2022-12-28 12:45:42 info: [0mGET /configs/physical [32m200[0m 5.847 ms - -[0m
2022-12-28 12:46:07 info: [0mGET /configs/physical [32m200[0m 10.085 ms - -[0m
2022-12-28 12:46:07 info: [0mGET /configs/physical [32m200[0m 2.338 ms - -[0m
2022-12-28 12:46:26 info: [0mGET /configs/physical [32m200[0m 5.871 ms - -[0m
2022-12-28 12:46:26 info: [0mGET /configs/physical [32m200[0m 2.198 ms - -[0m
2022-12-28 12:48:52 info: [0mOPTIONS /configs/physical [32m204[0m 0.265 ms - 0[0m
2022-12-28 12:48:52 info: [0mGET /configs/physical [36m304[0m 4.357 ms - -[0m
2022-12-28 12:48:54 info: [0mGET /configs/physical [36m304[0m 1.917 ms - -[0m
2022-12-28 12:49:32 info: [0mOPTIONS /configs/physical [32m204[0m 0.282 ms - 0[0m
2022-12-28 12:49:32 info: [0mGET /configs/physical [36m304[0m 3.879 ms - -[0m
2022-12-28 12:50:45 info: [0mOPTIONS /configs/physical [32m204[0m 0.237 ms - 0[0m
2022-12-28 12:50:45 info: [0mGET /configs/physical [36m304[0m 4.651 ms - -[0m
2022-12-28 12:50:47 info: [0mGET /configs/physical [36m304[0m 2.189 ms - -[0m
2022-12-28 12:50:51 info: [0mOPTIONS /configs/physical [32m204[0m 0.269 ms - 0[0m
2022-12-28 12:50:51 info: [0mGET /configs/physical [36m304[0m 4.064 ms - -[0m
2022-12-28 12:52:24 info: [0mOPTIONS /configs/physical [32m204[0m 0.327 ms - 0[0m
2022-12-28 12:52:24 info: [0mGET /configs/physical [36m304[0m 9.205 ms - -[0m
2022-12-28 12:59:42 info: =================================
2022-12-28 12:59:42 info: ======= ENV: development =======
2022-12-28 12:59:42 info: 🚀 App listening on the port 8080
2022-12-28 12:59:42 info: =================================
2022-12-28 13:00:23 info: =================================
2022-12-28 13:00:23 info: ======= ENV: development =======
2022-12-28 13:00:23 info: 🚀 App listening on the port 8080
2022-12-28 13:00:23 info: =================================
2022-12-28 13:00:34 info: [0mOPTIONS /configs/physical [32m204[0m 2.299 ms - 0[0m
2022-12-28 13:00:34 info: [0mOPTIONS /configs/physical [32m204[0m 0.297 ms - 0[0m
2022-12-28 13:00:34 info: [0mGET /configs/physical [36m304[0m 12.633 ms - -[0m
2022-12-28 13:00:34 info: [0mGET /configs/physical [36m304[0m 6.585 ms - -[0m
2022-12-28 13:00:35 info: [0mGET /images/temp.png [32m200[0m 6.556 ms - -[0m
2022-12-28 13:04:40 info: [0mOPTIONS /configs/physical [32m204[0m 0.358 ms - 0[0m
2022-12-28 13:04:40 info: [0mGET /configs/physical [36m304[0m 10.134 ms - -[0m
2022-12-28 13:06:45 info: [0mOPTIONS /configs/physical [32m204[0m 0.334 ms - 0[0m
2022-12-28 13:06:45 info: [0mOPTIONS /configs/physical [32m204[0m 0.357 ms - 0[0m
2022-12-28 13:06:45 info: [0mGET /configs/physical [36m304[0m 4.932 ms - -[0m
2022-12-28 13:06:45 info: [0mGET /configs/physical [36m304[0m 3.977 ms - -[0m
2022-12-28 13:07:03 info: [0mGET /images/temp.png [32m200[0m 0.904 ms - -[0m
2022-12-28 13:07:23 info: [0mOPTIONS /configs/physical [32m204[0m 0.704 ms - 0[0m
2022-12-28 13:07:23 info: [0mGET /configs/physical [36m304[0m 5.311 ms - -[0m
2022-12-28 13:07:57 info: [0mOPTIONS /configs/physical [32m204[0m 0.313 ms - 0[0m
2022-12-28 13:07:57 info: [0mOPTIONS /configs/physical [32m204[0m 0.479 ms - 0[0m
2022-12-28 13:07:57 info: [0mGET /configs/physical [36m304[0m 8.280 ms - -[0m
2022-12-28 13:07:57 info: [0mGET /configs/physical [36m304[0m 4.077 ms - -[0m
2022-12-28 13:08:48 info: [0mOPTIONS /configs/physical [32m204[0m 0.292 ms - 0[0m
2022-12-28 13:08:48 info: [0mGET /configs/physical [36m304[0m 9.085 ms - -[0m
2022-12-28 13:08:48 info: [0mGET /configs/physical [36m304[0m 4.570 ms - -[0m
2022-12-28 13:08:53 info: [0mGET /configs/physical [36m304[0m 3.355 ms - -[0m
2022-12-28 13:11:08 info: [0mOPTIONS /configs/physical [32m204[0m 0.449 ms - 0[0m
2022-12-28 13:11:08 info: [0mOPTIONS /configs/physical [32m204[0m 0.379 ms - 0[0m
2022-12-28 13:11:08 info: [0mGET /configs/physical [32m200[0m 10.740 ms - -[0m
2022-12-28 13:11:08 info: [0mGET /configs/physical [36m304[0m 3.721 ms - -[0m
2022-12-28 13:11:22 info: [0mOPTIONS /configs/physical [32m204[0m 0.332 ms - 0[0m
2022-12-28 13:11:22 info: [0mGET /configs/physical [36m304[0m 9.348 ms - -[0m
2022-12-28 13:11:22 info: [0mGET /configs/physical [36m304[0m 4.812 ms - -[0m
2022-12-28 13:11:28 info: [0mOPTIONS /configs/physical [32m204[0m 0.325 ms - 0[0m
2022-12-28 13:11:28 info: [0mOPTIONS /configs/physical [32m204[0m 0.305 ms - 0[0m
2022-12-28 13:11:28 info: [0mGET /configs/physical [36m304[0m 3.973 ms - -[0m
2022-12-28 13:11:28 info: [0mGET /configs/physical [36m304[0m 4.937 ms - -[0m
2022-12-28 13:11:48 info: [0mOPTIONS /configs/physical [32m204[0m 0.287 ms - 0[0m
2022-12-28 13:11:48 info: [0mGET /configs/physical [36m304[0m 9.127 ms - -[0m
2022-12-28 13:11:48 info: [0mGET /configs/physical [36m304[0m 4.112 ms - -[0m
2022-12-28 13:11:49 info: [0mGET /images/temp.png [32m200[0m 0.774 ms - -[0m
2022-12-28 13:13:14 info: [0mOPTIONS /configs/physical [32m204[0m 0.342 ms - 0[0m
2022-12-28 13:13:14 info: [0mGET /configs/physical [36m304[0m 6.776 ms - -[0m
2022-12-28 13:19:21 info: [0mOPTIONS /configs/physical [32m204[0m 0.380 ms - 0[0m
2022-12-28 13:19:21 info: [0mOPTIONS /configs/physical [32m204[0m 0.497 ms - 0[0m
2022-12-28 13:19:21 info: [0mGET /configs/physical [36m304[0m 7.868 ms - -[0m
2022-12-28 13:19:21 info: [0mGET /configs/physical [36m304[0m 3.437 ms - -[0m
2022-12-28 13:19:53 info: [0mOPTIONS /configs/physical [32m204[0m 0.409 ms - 0[0m
2022-12-28 13:19:53 info: [0mOPTIONS /configs/physical [32m204[0m 0.668 ms - 0[0m
2022-12-28 13:19:53 info: [0mGET /configs/physical [36m304[0m 5.898 ms - -[0m
2022-12-28 13:19:53 info: [0mGET /configs/physical [36m304[0m 3.612 ms - -[0m
2022-12-28 13:19:55 info: [0mGET /configs/physical [32m200[0m 4.273 ms - -[0m
2022-12-28 13:20:03 info: [0mOPTIONS /configs/physical [32m204[0m 0.227 ms - 0[0m
2022-12-28 13:20:03 info: [0mOPTIONS /configs/physical [32m204[0m 0.296 ms - 0[0m
2022-12-28 13:20:03 info: [0mGET /configs/physical [36m304[0m 3.949 ms - -[0m
2022-12-28 13:20:03 info: [0mGET /configs/physical [36m304[0m 2.665 ms - -[0m
2022-12-28 13:20:03 info: [0mGET /configs/physical [32m200[0m 2.160 ms - -[0m
2022-12-28 13:20:12 info: [0mGET /images/temp.png [32m200[0m 0.633 ms - -[0m
2022-12-28 13:20:53 info: [0mGET /images/temp.png [32m200[0m 1.206 ms - -[0m
2022-12-28 13:20:53 info: [0mGET /configs/physical [32m200[0m 6.798 ms - -[0m
2022-12-28 13:20:53 info: [0mGET /configs/physical [32m200[0m 5.725 ms - -[0m
2022-12-28 13:23:17 info: =================================
2022-12-28 13:23:17 info: ======= ENV: development =======
2022-12-28 13:23:17 info: 🚀 App listening on the port 8080
2022-12-28 13:23:17 info: =================================
2022-12-28 13:23:17 info: [0mOPTIONS /configs/physical [32m204[0m 2.909 ms - 0[0m
2022-12-28 13:23:17 info: [0mGET /configs/physical [36m304[0m 10.813 ms - -[0m
2022-12-28 13:25:21 info: [0mOPTIONS /configs/physical [32m204[0m 0.320 ms - 0[0m
2022-12-28 13:25:21 info: [0mGET /configs/physical [36m304[0m 7.374 ms - -[0m
2022-12-28 13:25:26 info: [0mGET /configs/physical [36m304[0m 5.539 ms - -[0m
2022-12-28 13:25:48 info: =================================
2022-12-28 13:25:48 info: ======= ENV: development =======
2022-12-28 13:25:48 info: 🚀 App listening on the port 8080
2022-12-28 13:25:48 info: =================================
2022-12-28 13:27:11 info: =================================
2022-12-28 13:27:11 info: ======= ENV: development =======
2022-12-28 13:27:11 info: 🚀 App listening on the port 8080
2022-12-28 13:27:11 info: =================================
2022-12-28 13:27:25 info: =================================
2022-12-28 13:27:25 info: ======= ENV: development =======
2022-12-28 13:27:25 info: 🚀 App listening on the port 8080
2022-12-28 13:27:25 info: =================================
2022-12-28 13:27:31 info: [0mGET /configs/physical [32m200[0m 16.001 ms - -[0m
2022-12-28 13:28:38 info: [0mOPTIONS /configs/physical [32m204[0m 0.609 ms - 0[0m
2022-12-28 13:28:38 info: [0mOPTIONS /configs/physical [32m204[0m 0.275 ms - 0[0m
2022-12-28 13:28:38 info: [0mGET /configs/physical [36m304[0m 6.787 ms - -[0m
2022-12-28 13:28:38 info: [0mGET /configs/physical [36m304[0m 4.254 ms - -[0m
2022-12-28 13:30:12 info: =================================
2022-12-28 13:30:12 info: ======= ENV: development =======
2022-12-28 13:30:12 info: 🚀 App listening on the port 8080
2022-12-28 13:30:12 info: =================================
2022-12-28 13:30:14 info: [0mOPTIONS /images [32m204[0m 4.025 ms - 0[0m
2022-12-28 13:30:14 info: [0mGET /images [32m204[0m 3.074 ms - -[0m
2022-12-28 13:32:04 info: [0mOPTIONS /images [32m204[0m 1.195 ms - 0[0m
2022-12-28 13:32:04 info: [0mGET /images [32m204[0m 1.512 ms - -[0m
2022-12-28 13:32:18 info: =================================
2022-12-28 13:32:18 info: ======= ENV: development =======
2022-12-28 13:32:18 info: 🚀 App listening on the port 8080
2022-12-28 13:32:18 info: =================================
2022-12-28 13:33:07 info: =================================
2022-12-28 13:33:07 info: ======= ENV: development =======
2022-12-28 13:33:07 info: 🚀 App listening on the port 8080
2022-12-28 13:33:07 info: =================================
2022-12-28 13:33:12 info: =================================
2022-12-28 13:33:12 info: ======= ENV: development =======
2022-12-28 13:33:12 info: 🚀 App listening on the port 8080
2022-12-28 13:33:12 info: =================================
2022-12-28 13:33:16 info: [0mOPTIONS /configs/physical [32m204[0m 2.863 ms - 0[0m
2022-12-28 13:33:16 info: [0mOPTIONS /configs/physical [32m204[0m 0.313 ms - 0[0m
2022-12-28 13:33:16 info: [0mGET /configs/physical [36m304[0m 11.989 ms - -[0m
2022-12-28 13:33:16 info: [0mGET /configs/physical [36m304[0m 5.245 ms - -[0m
2022-12-28 13:33:17 info: [0mOPTIONS /images [32m204[0m 0.286 ms - 0[0m
2022-12-28 13:33:17 info: [0mGET /images [32m200[0m 0.874 ms - 2[0m
2022-12-28 13:34:00 info: =================================
2022-12-28 13:34:00 info: ======= ENV: development =======
2022-12-28 13:34:00 info: 🚀 App listening on the port 8080
2022-12-28 13:34:00 info: =================================
2022-12-28 13:34:04 info: [0mOPTIONS /configs/physical [32m204[0m 3.554 ms - 0[0m
2022-12-28 13:34:04 info: [0mOPTIONS /configs/physical [32m204[0m 0.295 ms - 0[0m
2022-12-28 13:34:04 info: [0mGET /configs/physical [36m304[0m 9.900 ms - -[0m
2022-12-28 13:34:04 info: [0mGET /configs/physical [36m304[0m 5.103 ms - -[0m
2022-12-28 13:34:06 info: [0mOPTIONS /images [32m204[0m 1.494 ms - 0[0m
2022-12-28 13:34:06 info: [0mGET /images [36m304[0m 2.037 ms - -[0m
2022-12-28 13:34:20 info: =================================
2022-12-28 13:34:20 info: ======= ENV: development =======
2022-12-28 13:34:20 info: 🚀 App listening on the port 8080
2022-12-28 13:34:20 info: =================================
2022-12-28 13:34:56 info: =================================
2022-12-28 13:34:56 info: ======= ENV: development =======
2022-12-28 13:34:56 info: 🚀 App listening on the port 8080
2022-12-28 13:34:56 info: =================================
2022-12-28 13:36:09 info: =================================
2022-12-28 13:36:09 info: ======= ENV: development =======
2022-12-28 13:36:09 info: 🚀 App listening on the port 8080
2022-12-28 13:36:09 info: =================================
2022-12-28 13:37:16 info: =================================
2022-12-28 13:37:16 info: ======= ENV: development =======
2022-12-28 13:37:16 info: 🚀 App listening on the port 8080
2022-12-28 13:37:16 info: =================================
2022-12-28 13:37:19 info: [0mOPTIONS /configs/physical [32m204[0m 3.513 ms - 0[0m
2022-12-28 13:37:19 info: [0mOPTIONS /configs/physical [32m204[0m 0.391 ms - 0[0m
2022-12-28 13:37:19 info: [0mGET /configs/physical [36m304[0m 13.429 ms - -[0m
2022-12-28 13:37:19 info: [0mGET /configs/physical [36m304[0m 4.512 ms - -[0m
2022-12-28 13:37:20 info: [0mOPTIONS /images [32m204[0m 1.480 ms - 0[0m
2022-12-28 13:37:20 info: [0mGET /images [32m200[0m 2.823 ms - 75[0m
2022-12-28 13:37:43 info: =================================
2022-12-28 13:37:43 info: ======= ENV: development =======
2022-12-28 13:37:43 info: 🚀 App listening on the port 8080
2022-12-28 13:37:43 info: =================================
2022-12-28 13:37:49 info: =================================
2022-12-28 13:37:49 info: ======= ENV: development =======
2022-12-28 13:37:49 info: 🚀 App listening on the port 8080
2022-12-28 13:37:49 info: =================================
2022-12-28 13:37:51 info: [0mOPTIONS /images [32m204[0m 5.827 ms - 0[0m
2022-12-28 13:37:51 info: [0mGET /images [36m304[0m 6.234 ms - -[0m
2022-12-28 13:38:23 info: [0mOPTIONS /configs/physical [32m204[0m 0.376 ms - 0[0m
2022-12-28 13:38:23 info: [0mOPTIONS /configs/physical [32m204[0m 0.373 ms - 0[0m
2022-12-28 13:38:23 info: [0mGET /configs/physical [36m304[0m 13.441 ms - -[0m
2022-12-28 13:38:23 info: [0mGET /configs/physical [36m304[0m 5.024 ms - -[0m
2022-12-28 13:38:24 info: [0mOPTIONS /images [32m204[0m 0.322 ms - 0[0m
2022-12-28 13:38:24 info: [0mGET /images [36m304[0m 0.935 ms - -[0m
2022-12-28 13:38:36 info: =================================
2022-12-28 13:38:36 info: ======= ENV: development =======
2022-12-28 13:38:36 info: 🚀 App listening on the port 8080
2022-12-28 13:38:36 info: =================================
2022-12-28 13:38:48 info: [0mOPTIONS /images [32m204[0m 3.536 ms - 0[0m
2022-12-28 13:38:48 info: [0mGET /images [36m304[0m 5.561 ms - -[0m
2022-12-28 13:39:37 info: [0mOPTIONS /images [32m204[0m 1.531 ms - 0[0m
2022-12-28 13:39:37 info: [0mGET /images [36m304[0m 5.144 ms - -[0m
2022-12-28 13:39:51 info: [0mOPTIONS /configs/physical [32m204[0m 0.339 ms - 0[0m
2022-12-28 13:39:51 info: [0mOPTIONS /configs/physical [32m204[0m 0.425 ms - 0[0m
2022-12-28 13:39:51 info: [0mGET /configs/physical [36m304[0m 11.884 ms - -[0m
2022-12-28 13:39:51 info: [0mGET /configs/physical [36m304[0m 4.283 ms - -[0m
2022-12-28 13:39:52 info: [0mOPTIONS /images [32m204[0m 0.453 ms - 0[0m
2022-12-28 13:39:52 info: [0mGET /images [36m304[0m 0.864 ms - -[0m
2022-12-28 13:40:53 info: [0mOPTIONS /images [32m204[0m 0.991 ms - 0[0m
2022-12-28 13:40:53 info: [0mGET /images [36m304[0m 2.011 ms - -[0m
2022-12-28 13:41:01 info: [0mOPTIONS /configs/physical [32m204[0m 0.332 ms - 0[0m
2022-12-28 13:41:01 info: [0mOPTIONS /configs/physical [32m204[0m 0.340 ms - 0[0m
2022-12-28 13:41:01 info: [0mGET /configs/physical [36m304[0m 7.187 ms - -[0m
2022-12-28 13:41:01 info: [0mGET /configs/physical [36m304[0m 4.310 ms - -[0m
2022-12-28 13:41:03 info: [0mOPTIONS /images [32m204[0m 0.237 ms - 0[0m
2022-12-28 13:41:03 info: [0mGET /images [36m304[0m 0.890 ms - -[0m
2022-12-28 13:42:00 info: [0mOPTIONS /configs/physical [32m204[0m 0.270 ms - 0[0m
2022-12-28 13:42:00 info: [0mOPTIONS /configs/physical [32m204[0m 1.167 ms - 0[0m
2022-12-28 13:42:00 info: [0mGET /configs/physical [36m304[0m 8.620 ms - -[0m
2022-12-28 13:42:00 info: [0mGET /configs/physical [36m304[0m 4.412 ms - -[0m
2022-12-28 13:42:02 info: [0mOPTIONS /images [32m204[0m 0.341 ms - 0[0m
2022-12-28 13:42:02 info: [0mGET /images [36m304[0m 0.688 ms - -[0m
2022-12-28 13:42:23 info: [0mOPTIONS /images [32m204[0m 0.237 ms - 0[0m
2022-12-28 13:42:23 info: [0mGET /images [36m304[0m 0.771 ms - -[0m
2022-12-28 13:42:32 info: [0mOPTIONS /configs/physical [32m204[0m 0.290 ms - 0[0m
2022-12-28 13:42:32 info: [0mOPTIONS /configs/physical [32m204[0m 0.274 ms - 0[0m
2022-12-28 13:42:32 info: [0mGET /configs/physical [36m304[0m 5.804 ms - -[0m
2022-12-28 13:42:32 info: [0mGET /configs/physical [36m304[0m 3.698 ms - -[0m
2022-12-28 13:42:34 info: [0mOPTIONS /images [32m204[0m 1.021 ms - 0[0m
2022-12-28 13:42:34 info: [0mGET /images [36m304[0m 2.639 ms - -[0m
2022-12-28 13:42:50 info: [0mOPTIONS /images [32m204[0m 0.220 ms - 0[0m
2022-12-28 13:42:50 info: [0mGET /images [36m304[0m 0.906 ms - -[0m
2022-12-28 13:43:11 info: [0mOPTIONS /configs/physical [32m204[0m 0.420 ms - 0[0m
2022-12-28 13:43:11 info: [0mGET /configs/physical [36m304[0m 9.946 ms - -[0m
2022-12-28 13:43:15 info: [0mGET /configs/physical [36m304[0m 3.661 ms - -[0m
2022-12-28 13:43:15 info: [0mGET /configs/physical [36m304[0m 3.769 ms - -[0m
2022-12-28 13:43:16 info: [0mOPTIONS /images [32m204[0m 0.567 ms - 0[0m
2022-12-28 13:43:16 info: [0mGET /images [36m304[0m 1.973 ms - -[0m
2022-12-28 13:43:16 info: [0mGET /dsa.png [33m404[0m 1.471 ms - 146[0m
2022-12-28 13:43:16 info: [0mGET /temp.png [33m404[0m 1.538 ms - 147[0m
2022-12-28 13:43:42 info: [0mOPTIONS /configs/physical [32m204[0m 0.321 ms - 0[0m
2022-12-28 13:43:42 info: [0mOPTIONS /configs/physical [32m204[0m 0.372 ms - 0[0m
2022-12-28 13:43:42 info: [0mGET /configs/physical [36m304[0m 7.524 ms - -[0m
2022-12-28 13:43:42 info: [0mGET /configs/physical [36m304[0m 3.810 ms - -[0m
2022-12-28 13:43:43 info: [0mOPTIONS /images [32m204[0m 0.202 ms - 0[0m
2022-12-28 13:43:43 info: [0mGET /images [36m304[0m 0.533 ms - -[0m
2022-12-28 13:43:43 info: [0mGET //images/dsa.png [33m404[0m 0.792 ms - 154[0m
2022-12-28 13:43:43 info: [0mGET //images/temp.png [33m404[0m 0.600 ms - 155[0m
2022-12-28 13:43:55 info: [0mOPTIONS /configs/physical [32m204[0m 0.361 ms - 0[0m
2022-12-28 13:43:55 info: [0mOPTIONS /configs/physical [32m204[0m 0.282 ms - 0[0m
2022-12-28 13:43:55 info: [0mGET /configs/physical [36m304[0m 6.046 ms - -[0m
2022-12-28 13:43:55 info: [0mGET /configs/physical [36m304[0m 4.270 ms - -[0m
2022-12-28 13:43:56 info: [0mOPTIONS /images [32m204[0m 0.391 ms - 0[0m
2022-12-28 13:43:56 info: [0mGET /images [36m304[0m 0.530 ms - -[0m
2022-12-28 13:43:56 info: [0mGET //imagesdsa.png [33m404[0m 0.719 ms - 153[0m
2022-12-28 13:43:56 info: [0mGET //imagestemp.png [33m404[0m 0.610 ms - 154[0m
2022-12-28 13:44:08 info: [0mOPTIONS /configs/physical [32m204[0m 0.238 ms - 0[0m
2022-12-28 13:44:08 info: [0mGET /configs/physical [36m304[0m 7.598 ms - -[0m
2022-12-28 13:44:08 info: [0mGET /configs/physical [36m304[0m 5.101 ms - -[0m
2022-12-28 13:44:09 info: [0mOPTIONS /images [32m204[0m 0.268 ms - 0[0m
2022-12-28 13:44:09 info: [0mGET /images [36m304[0m 0.550 ms - -[0m
2022-12-28 13:44:09 info: [0mGET /images/dsa.png [32m200[0m 1.054 ms - -[0m
2022-12-28 13:44:09 info: [0mGET /images/temp.png [32m200[0m 0.523 ms - -[0m
2022-12-28 13:48:08 info: [0mOPTIONS /configs/physical [32m204[0m 0.309 ms - 0[0m
2022-12-28 13:48:08 info: [0mGET /configs/physical [36m304[0m 9.770 ms - -[0m
2022-12-28 13:48:51 info: =================================
2022-12-28 13:48:51 info: ======= ENV: development =======
2022-12-28 13:48:51 info: 🚀 App listening on the port 8080
2022-12-28 13:48:51 info: =================================
2022-12-28 13:49:15 info: =================================
2022-12-28 13:49:15 info: ======= ENV: development =======
2022-12-28 13:49:15 info: 🚀 App listening on the port 8080
2022-12-28 13:49:15 info: =================================
2022-12-28 13:49:21 info: [0mOPTIONS /configs/physical [32m204[0m 2.957 ms - 0[0m
2022-12-28 13:49:21 info: [0mOPTIONS /configs/physical [32m204[0m 0.277 ms - 0[0m
2022-12-28 13:49:21 info: [0mGET /configs/physical [36m304[0m 11.687 ms - -[0m
2022-12-28 13:49:21 info: [0mGET /configs/physical [36m304[0m 4.825 ms - -[0m
2022-12-28 13:49:22 info: [0mOPTIONS /images [32m204[0m 0.305 ms - 0[0m
2022-12-28 13:49:22 info: [0mGET /images [32m200[0m 1.575 ms - 131[0m
2022-12-28 13:49:22 info: [0mGET /imagesdsa.png [33m404[0m 1.584 ms - 152[0m
2022-12-28 13:49:22 info: [0mGET /imagestemp.png [33m404[0m 0.574 ms - 153[0m
2022-12-28 13:50:08 info: =================================
2022-12-28 13:50:08 info: ======= ENV: development =======
2022-12-28 13:50:08 info: 🚀 App listening on the port 8080
2022-12-28 13:50:08 info: =================================
2022-12-28 13:50:09 info: [0mOPTIONS /images [32m204[0m 13.761 ms - 0[0m
2022-12-28 13:50:09 info: [0mGET /images [32m200[0m 5.629 ms - 133[0m
2022-12-28 13:50:09 info: [0mGET /images/dsa.png [32m200[0m 2.109 ms - -[0m
2022-12-28 13:50:09 info: [0mGET /images/temp.png [32m200[0m 1.482 ms - -[0m
2022-12-28 13:50:24 info: [0mOPTIONS /images [32m204[0m 0.548 ms - 0[0m
2022-12-28 13:50:24 info: [0mGET /images [36m304[0m 1.165 ms - -[0m
2022-12-28 13:50:24 info: [0mGET /images [36m304[0m 0.879 ms - -[0m
2022-12-28 13:53:09 info: [0mOPTIONS /configs/physical [32m204[0m 0.342 ms - 0[0m
2022-12-28 13:53:09 info: [0mGET /configs/physical [36m304[0m 21.582 ms - -[0m
2022-12-28 13:54:28 info: [0mOPTIONS /images [32m204[0m 0.385 ms - 0[0m
2022-12-28 13:54:28 info: [0mOPTIONS /configs/physical [32m204[0m 0.355 ms - 0[0m
2022-12-28 13:54:28 info: [0mOPTIONS /images [32m204[0m 0.347 ms - 0[0m
2022-12-28 13:54:28 info: [0mGET /images [36m304[0m 1.594 ms - -[0m
2022-12-28 13:54:28 info: [0mGET /configs/physical [36m304[0m 14.071 ms - -[0m
2022-12-28 13:54:28 info: [0mGET /images [36m304[0m 1.236 ms - -[0m
2022-12-28 13:54:55 info: [0mOPTIONS /configs/physical [32m204[0m 1.470 ms - 0[0m
2022-12-28 13:54:55 info: [0mGET /configs/physical [36m304[0m 8.998 ms - -[0m
2022-12-28 13:55:12 info: [0mOPTIONS /configs/physical [32m204[0m 0.336 ms - 0[0m
2022-12-28 13:55:12 info: [0mGET /configs/physical [36m304[0m 7.446 ms - -[0m
2022-12-28 13:55:20 info: [0mGET /images/dsa.png [32m200[0m 0.683 ms - -[0m
2022-12-28 13:55:20 info: [0mGET /images/temp.png [32m200[0m 1.050 ms - -[0m
2022-12-28 13:55:21 info: [0mOPTIONS /configs/physical [32m204[0m 0.256 ms - 0[0m
2022-12-28 13:55:21 info: [0mGET /configs/physical [36m304[0m 3.235 ms - -[0m
2022-12-28 13:55:55 info: =================================
2022-12-28 13:55:55 info: ======= ENV: development =======
2022-12-28 13:55:55 info: 🚀 App listening on the port 8080
2022-12-28 13:55:55 info: =================================
2022-12-28 13:58:42 info: =================================
2022-12-28 13:58:42 info: ======= ENV: development =======
2022-12-28 13:58:42 info: 🚀 App listening on the port 8080
2022-12-28 13:58:42 info: =================================
2022-12-28 13:58:58 info: [0mOPTIONS /images [32m204[0m 4.092 ms - 0[0m
2022-12-28 13:58:58 info: [0mGET /images [36m304[0m 7.505 ms - -[0m
2022-12-28 13:58:58 info: [0mGET /images/dsa.png [32m200[0m 3.190 ms - -[0m
2022-12-28 13:58:58 info: [0mGET /images/temp.png [32m200[0m 1.476 ms - -[0m
2022-12-28 13:59:22 info: [0mOPTIONS /images [32m204[0m 0.622 ms - 0[0m
2022-12-28 13:59:22 info: [0mGET /images [36m304[0m 1.821 ms - -[0m
2022-12-28 13:59:28 info: [0mOPTIONS /configs/physical [32m204[0m 0.442 ms - 0[0m
2022-12-28 13:59:28 info: [0mOPTIONS /configs/physical [32m204[0m 0.577 ms - 0[0m
2022-12-28 13:59:28 info: [0mGET /configs/physical [36m304[0m 16.465 ms - -[0m
2022-12-28 13:59:28 info: [0mGET /configs/physical [36m304[0m 3.645 ms - -[0m
2022-12-28 13:59:28 info: [0mOPTIONS /images [32m204[0m 0.636 ms - 0[0m
2022-12-28 13:59:28 info: [0mGET /images [36m304[0m 1.246 ms - -[0m
2022-12-28 13:59:28 info: [0mGET /images [36m304[0m 2.151 ms - -[0m
2022-12-28 13:59:29 info: [0mGET /images/dsa.png [32m200[0m 1.085 ms - -[0m
2022-12-28 13:59:29 info: [0mGET /images/temp.png [32m200[0m 1.184 ms - -[0m
2022-12-28 13:59:34 info: [0mOPTIONS /images [32m204[0m 0.304 ms - 0[0m
2022-12-28 13:59:34 info: [0mGET /images [36m304[0m 2.410 ms - -[0m
2022-12-28 13:59:36 info: [0mGET /images [36m304[0m 1.069 ms - -[0m
2022-12-28 14:00:07 info: [0mOPTIONS /images [32m204[0m 0.549 ms - 0[0m
2022-12-28 14:00:07 info: [0mGET /images [36m304[0m 1.217 ms - -[0m
2022-12-28 14:00:17 info: [0mOPTIONS /images [32m204[0m 0.468 ms - 0[0m
2022-12-28 14:00:17 info: [0mGET /images [36m304[0m 1.196 ms - -[0m
2022-12-28 14:00:24 info: [0mOPTIONS /images [32m204[0m 0.337 ms - 0[0m
2022-12-28 14:00:24 info: [0mGET /images [36m304[0m 1.445 ms - -[0m
2022-12-28 14:00:41 info: [0mOPTIONS /images [32m204[0m 0.225 ms - 0[0m
2022-12-28 14:00:41 info: [0mGET /images [36m304[0m 0.753 ms - -[0m
2022-12-28 14:00:54 info: [0mOPTIONS /images [32m204[0m 0.310 ms - 0[0m
2022-12-28 14:00:54 info: [0mGET /images [36m304[0m 0.961 ms - -[0m
2022-12-28 14:01:11 info: [0mOPTIONS /images [32m204[0m 0.309 ms - 0[0m
2022-12-28 14:01:11 info: [0mOPTIONS /images [32m204[0m 0.275 ms - 0[0m
2022-12-28 14:01:11 info: [0mGET /images [36m304[0m 0.651 ms - -[0m
2022-12-28 14:01:11 info: [0mGET /images [36m304[0m 1.979 ms - -[0m
2022-12-28 14:03:23 info: [0mOPTIONS /images [32m204[0m 0.290 ms - 0[0m
2022-12-28 14:03:23 info: [0mGET /images [36m304[0m 0.903 ms - -[0m
2022-12-28 14:05:18 info: =================================
2022-12-28 14:05:18 info: ======= ENV: development =======
2022-12-28 14:05:18 info: 🚀 App listening on the port 8080
2022-12-28 14:05:18 info: =================================
2022-12-28 14:06:58 info: [0mOPTIONS /images [32m204[0m 6.421 ms - 0[0m
2022-12-28 14:06:58 info: [0mGET /images [36m304[0m 8.480 ms - -[0m
2022-12-28 14:07:57 info: [0mOPTIONS /images [32m204[0m 0.411 ms - 0[0m
2022-12-28 14:07:57 info: [0mGET /images [36m304[0m 1.790 ms - -[0m
2022-12-28 14:08:00 info: [0mPOST /images [32m200[0m 16.019 ms - 2[0m
2022-12-28 14:08:00 info: [0mGET /images [32m200[0m 2.150 ms - 133[0m
2022-12-28 14:08:02 info: [0mOPTIONS /images [32m204[0m 1.464 ms - 0[0m
2022-12-28 14:08:02 info: [0mPOST /images [32m200[0m 3.356 ms - 2[0m
2022-12-28 14:08:02 info: [0mGET /images [32m200[0m 2.893 ms - 133[0m
2022-12-28 14:08:55 info: [0mOPTIONS /images [32m204[0m 2.058 ms - 0[0m
2022-12-28 14:08:55 info: [0mGET /images [36m304[0m 1.365 ms - -[0m
2022-12-28 14:08:58 info: [0mPOST /images [32m200[0m 3.964 ms - 2[0m
2022-12-28 14:08:58 info: [0mGET /images [32m200[0m 5.051 ms - 133[0m
2022-12-28 14:09:00 info: [0mPOST /images [32m200[0m 2.508 ms - 2[0m
2022-12-28 14:09:00 info: [0mGET /images [32m200[0m 2.202 ms - 133[0m
2022-12-28 14:09:29 info: =================================
2022-12-28 14:09:29 info: ======= ENV: development =======
2022-12-28 14:09:29 info: 🚀 App listening on the port 8080
2022-12-28 14:09:29 info: =================================
2022-12-28 14:09:35 info: =================================
2022-12-28 14:09:35 info: ======= ENV: development =======
2022-12-28 14:09:35 info: 🚀 App listening on the port 8080
2022-12-28 14:09:35 info: =================================
2022-12-28 14:09:51 info: [0mOPTIONS /images [32m204[0m 4.063 ms - 0[0m
2022-12-28 14:09:51 info: [0mGET /images [36m304[0m 22.586 ms - -[0m
2022-12-28 14:09:52 info: [0mPOST /images [32m200[0m 7.781 ms - 2[0m
2022-12-28 14:09:52 info: [0mGET /images [32m200[0m 2.290 ms - 133[0m
2022-12-28 14:10:23 info: [0mOPTIONS /images [32m204[0m 2.029 ms - 0[0m
2022-12-28 14:10:23 info: [0mPOST /images [32m200[0m 20.417 ms - 2[0m
2022-12-28 14:10:23 info: [0mGET /images [32m200[0m 6.106 ms - 133[0m
2022-12-28 14:10:43 info: [0mOPTIONS /images [32m204[0m 0.927 ms - 0[0m
2022-12-28 14:10:43 info: [0mGET /images [36m304[0m 5.915 ms - -[0m
2022-12-28 14:10:47 info: [0mPOST /images [32m200[0m 7.591 ms - 2[0m
2022-12-28 14:10:47 info: [0mGET /images [32m200[0m 4.971 ms - 133[0m
2022-12-28 14:11:02 info: [0mOPTIONS /images [32m204[0m 0.420 ms - 0[0m
2022-12-28 14:11:02 info: [0mGET /images [36m304[0m 6.696 ms - -[0m
2022-12-28 14:12:13 info: =================================
2022-12-28 14:12:13 info: ======= ENV: development =======
2022-12-28 14:12:13 info: 🚀 App listening on the port 8080
2022-12-28 14:12:13 info: =================================
2022-12-28 14:12:14 info: [0mOPTIONS /images [32m204[0m 7.008 ms - 0[0m
2022-12-28 14:12:14 info: [0mPOST /images [32m200[0m 10.872 ms - 2[0m
2022-12-28 14:12:14 info: [0mGET /images [32m200[0m 3.706 ms - 133[0m
2022-12-28 14:13:31 info: =================================
2022-12-28 14:13:31 info: ======= ENV: development =======
2022-12-28 14:13:31 info: 🚀 App listening on the port 8080
2022-12-28 14:13:31 info: =================================
2022-12-28 14:13:38 info: [0mOPTIONS /images [32m204[0m 6.798 ms - 0[0m
2022-12-28 14:13:38 info: [0mPOST /images [32m200[0m 22.830 ms - 2[0m
2022-12-28 14:13:38 info: [0mGET /images [32m200[0m 3.861 ms - 133[0m
2022-12-28 14:14:37 info: =================================
2022-12-28 14:14:37 info: ======= ENV: development =======
2022-12-28 14:14:37 info: 🚀 App listening on the port 8080
2022-12-28 14:14:37 info: =================================
2022-12-28 14:14:40 info: [0mOPTIONS /images [32m204[0m 9.687 ms - 0[0m
2022-12-28 14:14:40 info: [0mPOST /images [32m200[0m 9.953 ms - 2[0m
2022-12-28 14:14:40 info: [0mGET /images [32m200[0m 3.806 ms - 133[0m
2022-12-28 14:15:05 info: =================================
2022-12-28 14:15:05 info: ======= ENV: development =======
2022-12-28 14:15:05 info: 🚀 App listening on the port 8080
2022-12-28 14:15:05 info: =================================
2022-12-28 14:15:07 info: [0mOPTIONS /images [32m204[0m 5.945 ms - 0[0m
2022-12-28 14:15:07 info: [0mPOST /images [32m200[0m 14.325 ms - 2[0m
2022-12-28 14:15:07 info: [0mGET /images [32m200[0m 5.966 ms - 133[0m
2022-12-28 14:15:23 info: =================================
2022-12-28 14:15:23 info: ======= ENV: development =======
2022-12-28 14:15:23 info: 🚀 App listening on the port 8080
2022-12-28 14:15:23 info: =================================
2022-12-28 14:15:24 info: [0mOPTIONS /images [32m204[0m 5.532 ms - 0[0m
2022-12-28 14:15:24 info: [0mPOST /images [32m200[0m 20.308 ms - 2[0m
2022-12-28 14:15:24 info: [0mGET /images [32m200[0m 3.771 ms - 133[0m
2022-12-28 14:18:14 info: [0mOPTIONS /images [32m204[0m 0.404 ms - 0[0m
2022-12-28 14:18:14 info: [0mGET /images [36m304[0m 9.356 ms - -[0m
2022-12-28 14:18:17 info: [0mPOST /images [32m200[0m 13.594 ms - 2[0m
2022-12-28 14:18:17 info: [0mGET /images [32m200[0m 5.093 ms - 133[0m
2022-12-28 14:18:28 info: =================================
2022-12-28 14:18:28 info: ======= ENV: development =======
2022-12-28 14:18:28 info: 🚀 App listening on the port 8080
2022-12-28 14:18:28 info: =================================
2022-12-28 14:18:32 info: [0mOPTIONS /images [32m204[0m 3.424 ms - 0[0m
2022-12-28 14:18:32 info: [0mPOST /images [32m200[0m 11.191 ms - 2[0m
2022-12-28 14:18:32 info: [0mGET /images [32m200[0m 3.682 ms - 133[0m
2022-12-28 14:18:39 info: =================================
2022-12-28 14:18:39 info: ======= ENV: development =======
2022-12-28 14:18:39 info: 🚀 App listening on the port 8080
2022-12-28 14:18:39 info: =================================
2022-12-28 14:18:40 info: [0mOPTIONS /images [32m204[0m 5.016 ms - 0[0m
2022-12-28 14:18:40 info: [0mPOST /images [32m200[0m 16.420 ms - 2[0m
2022-12-28 14:18:40 info: [0mGET /images [32m200[0m 3.856 ms - 133[0m
2022-12-28 14:18:41 info: [0mPOST /images [32m200[0m 4.725 ms - 2[0m
2022-12-28 14:18:41 info: [0mGET /images [32m200[0m 5.954 ms - 133[0m
2022-12-28 14:19:10 info: [0mOPTIONS /images [32m204[0m 0.359 ms - 0[0m
2022-12-28 14:19:10 info: [0mGET /images [36m304[0m 8.869 ms - -[0m
2022-12-28 14:19:16 info: [0mOPTIONS /images [32m204[0m 0.951 ms - 0[0m
2022-12-28 14:19:16 info: [0mPOST /images [32m200[0m 8.384 ms - 2[0m
2022-12-28 14:19:16 info: [0mGET /images [32m200[0m 4.942 ms - 133[0m
2022-12-28 14:20:53 info: =================================
2022-12-28 14:20:53 info: ======= ENV: development =======
2022-12-28 14:20:53 info: 🚀 App listening on the port 8080
2022-12-28 14:20:53 info: =================================
2022-12-28 14:20:53 info: [0mOPTIONS /images [32m204[0m 2.172 ms - 0[0m
2022-12-28 14:20:53 info: [0mGET /images [36m304[0m 13.965 ms - -[0m
2022-12-28 14:20:54 info: [0mPOST /images [32m200[0m 22.363 ms - 2[0m
2022-12-28 14:20:54 info: [0mGET /images [32m200[0m 5.698 ms - 133[0m
2022-12-28 14:22:48 info: [0mOPTIONS /images [32m204[0m 0.326 ms - 0[0m
2022-12-28 14:22:48 info: [0mGET /images [36m304[0m 8.351 ms - -[0m
2022-12-28 14:22:51 info: [0mPOST /images [32m200[0m 11.215 ms - 2[0m
2022-12-28 14:22:51 info: [0mGET /images [32m200[0m 3.958 ms - 133[0m
2022-12-28 14:24:19 info: [0mOPTIONS /images [32m204[0m 0.389 ms - 0[0m
2022-12-28 14:24:19 info: [0mGET /images [36m304[0m 7.518 ms - -[0m
2022-12-28 14:24:32 info: [0mOPTIONS /images [32m204[0m 1.038 ms - 0[0m
2022-12-28 14:24:32 info: [0mPOST /images [32m200[0m 18.008 ms - 2[0m
2022-12-28 14:24:32 info: [0mGET /images [32m200[0m 8.322 ms - 133[0m
2022-12-28 14:24:38 info: [0mOPTIONS /images [32m204[0m 0.353 ms - 0[0m
2022-12-28 14:24:38 info: [0mGET /images [36m304[0m 3.197 ms - -[0m
2022-12-28 14:26:15 info: [0mOPTIONS /images [32m204[0m 0.343 ms - 0[0m
2022-12-28 14:26:15 info: [0mGET /images [36m304[0m 6.152 ms - -[0m
2022-12-28 14:26:51 info: [0mOPTIONS /images [32m204[0m 0.308 ms - 0[0m
2022-12-28 14:26:51 info: [0mGET /images [36m304[0m 4.209 ms - -[0m
2022-12-28 14:27:07 info: [0mOPTIONS /configs/physical [32m204[0m 0.239 ms - 0[0m
2022-12-28 14:27:07 info: [0mOPTIONS /configs/physical [32m204[0m 0.262 ms - 0[0m
2022-12-28 14:27:07 info: [0mGET /configs/physical [36m304[0m 7.602 ms - -[0m
2022-12-28 14:27:07 info: [0mGET /configs/physical [36m304[0m 3.597 ms - -[0m
2022-12-28 14:27:07 info: [0mOPTIONS /images [32m204[0m 0.250 ms - 0[0m
2022-12-28 14:27:07 info: [0mGET /images [36m304[0m 2.681 ms - -[0m
2022-12-28 14:27:07 info: [0mGET /images [36m304[0m 2.349 ms - -[0m
2022-12-28 14:27:11 info: [0mGET /images/dsa.png [32m200[0m 0.733 ms - -[0m
2022-12-28 14:27:11 info: [0mGET /images/temp.png [32m200[0m 0.590 ms - -[0m
2022-12-28 14:27:19 info: [0mOPTIONS /images [32m204[0m 1.036 ms - 0[0m
2022-12-28 14:27:19 info: [0mPOST /images [32m200[0m 17.211 ms - 2[0m
2022-12-28 14:27:19 info: [0mGET /images [32m200[0m 2.222 ms - 133[0m
2022-12-28 14:29:39 info: [0mOPTIONS /images [32m204[0m 0.347 ms - 0[0m
2022-12-28 14:29:39 info: [0mOPTIONS /images [32m204[0m 0.313 ms - 0[0m
2022-12-28 14:29:40 info: [0mGET /images [36m304[0m 6.750 ms - -[0m
2022-12-28 14:29:40 info: [0mGET /images [36m304[0m 2.965 ms - -[0m
2022-12-28 14:29:50 info: [0mOPTIONS /images [32m204[0m 0.335 ms - 0[0m
2022-12-28 14:29:50 info: [0mGET /images [36m304[0m 5.849 ms - -[0m
2022-12-28 14:30:07 info: [0mOPTIONS /images [32m204[0m 0.347 ms - 0[0m
2022-12-28 14:30:07 info: [0mGET /images [36m304[0m 5.442 ms - -[0m
2022-12-28 14:30:39 info: [0mOPTIONS /images [32m204[0m 0.299 ms - 0[0m
2022-12-28 14:30:39 info: [0mGET /images [36m304[0m 7.335 ms - -[0m
2022-12-28 14:31:40 info: [0mOPTIONS /images [32m204[0m 0.314 ms - 0[0m
2022-12-28 14:31:40 info: [0mGET /images [36m304[0m 5.664 ms - -[0m
2022-12-28 14:31:57 info: [0mOPTIONS /images [32m204[0m 0.257 ms - 0[0m
2022-12-28 14:31:57 info: [0mGET /images [36m304[0m 5.606 ms - -[0m
2022-12-28 14:31:59 info: [0mPOST /images [32m200[0m 3.836 ms - 2[0m
2022-12-28 14:31:59 info: [0mGET /images [32m200[0m 4.086 ms - 133[0m
2022-12-28 14:32:08 info: [0mOPTIONS /images [32m204[0m 0.304 ms - 0[0m
2022-12-28 14:32:08 info: [0mGET /images [36m304[0m 3.525 ms - -[0m
2022-12-28 14:32:12 info: [0mGET /images [36m304[0m 3.139 ms - -[0m
2022-12-28 14:32:12 info: [0mGET /images [36m304[0m 3.208 ms - -[0m
2022-12-28 14:32:20 info: [0mOPTIONS /images [32m204[0m 0.276 ms - 0[0m
2022-12-28 14:32:20 info: [0mGET /images [36m304[0m 2.474 ms - -[0m
2022-12-28 14:34:48 info: [0mOPTIONS /images [32m204[0m 0.341 ms - 0[0m
2022-12-28 14:34:48 info: [0mGET /images [36m304[0m 5.569 ms - -[0m
2022-12-28 14:34:50 info: [0mGET /images [36m304[0m 3.133 ms - -[0m
2022-12-28 14:34:58 info: [0mOPTIONS /images [32m204[0m 0.290 ms - 0[0m
2022-12-28 14:34:58 info: [0mGET /images [36m304[0m 3.595 ms - -[0m
2022-12-28 14:35:00 info: [0mGET /images/dsa.png [32m200[0m 0.638 ms - -[0m
2022-12-28 14:35:00 info: [0mGET /images/temp.png [32m200[0m 0.691 ms - -[0m
2022-12-28 14:35:07 info: [0mOPTIONS /images [32m204[0m 0.916 ms - 0[0m
2022-12-28 14:35:07 info: [0mPOST /images [32m200[0m 9.782 ms - 2[0m
2022-12-28 14:35:07 info: [0mGET /images [32m200[0m 3.601 ms - 133[0m
2022-12-28 14:35:45 info: [0mOPTIONS /images [32m204[0m 0.303 ms - 0[0m
2022-12-28 14:35:45 info: [0mGET /images [36m304[0m 5.891 ms - -[0m
2022-12-28 14:36:47 info: [0mOPTIONS /images [32m204[0m 0.332 ms - 0[0m
2022-12-28 14:36:47 info: [0mGET /images [36m304[0m 5.470 ms - -[0m
2022-12-28 14:37:06 info: =================================
2022-12-28 14:37:06 info: ======= ENV: development =======
2022-12-28 14:37:06 info: 🚀 App listening on the port 8080
2022-12-28 14:37:06 info: =================================
2022-12-28 14:37:13 info: [0mOPTIONS /images [32m204[0m 10.403 ms - 0[0m
2022-12-28 14:37:13 error: [POST] /images >> StatusCode:: 500, Message:: Cannot read properties of undefined (reading '0')
2022-12-28 14:37:13 info: [0mPOST /images [31m500[0m 30.807 ms - 63[0m
2022-12-28 14:39:47 info: =================================
2022-12-28 14:39:47 info: ======= ENV: development =======
2022-12-28 14:39:47 info: 🚀 App listening on the port 8080
2022-12-28 14:39:47 info: =================================
2022-12-28 14:39:51 info: [0mOPTIONS /images [32m204[0m 5.936 ms - 0[0m
2022-12-28 14:39:51 info: [0mPOST /images [32m200[0m 28.924 ms - 2[0m
2022-12-28 14:39:51 info: [0mGET /images [32m200[0m 4.335 ms - 133[0m
2022-12-28 14:42:24 info: =================================
2022-12-28 14:42:24 info: ======= ENV: development =======
2022-12-28 14:42:24 info: 🚀 App listening on the port 8080
2022-12-28 14:42:24 info: =================================
2022-12-28 14:42:28 info: [0mOPTIONS /configs/physical [32m204[0m 2.725 ms - 0[0m
2022-12-28 14:42:28 info: [0mOPTIONS /configs/physical [32m204[0m 0.275 ms - 0[0m
2022-12-28 14:42:28 info: [0mGET /configs/physical [36m304[0m 10.458 ms - -[0m
2022-12-28 14:42:28 info: [0mGET /configs/physical [36m304[0m 5.047 ms - -[0m
2022-12-28 14:42:28 info: [0mOPTIONS /images [32m204[0m 0.297 ms - 0[0m
2022-12-28 14:42:28 info: [0mGET /images [36m304[0m 6.331 ms - -[0m
2022-12-28 14:42:28 info: [0mGET /images [36m304[0m 4.404 ms - -[0m
2022-12-28 14:42:30 info: [0mGET /images/dsa.png [32m200[0m 4.008 ms - -[0m
2022-12-28 14:42:30 info: [0mGET /images/temp.png [32m200[0m 3.966 ms - -[0m
2022-12-28 14:42:37 info: [0mOPTIONS /images [32m204[0m 2.108 ms - 0[0m
2022-12-28 14:42:37 info: [0mPOST /images [32m200[0m 18.715 ms - 2[0m
2022-12-28 14:42:38 info: [0mGET /images [32m200[0m 5.175 ms - 133[0m
2022-12-28 14:43:35 info: =================================
2022-12-28 14:43:35 info: ======= ENV: development =======
2022-12-28 14:43:35 info: 🚀 App listening on the port 8080
2022-12-28 14:43:35 info: =================================
2022-12-28 14:43:59 info: [0mOPTIONS /images [32m204[0m 7.128 ms - 0[0m
2022-12-28 14:43:59 info: [0mPOST /images [32m200[0m 23.007 ms - 2[0m
2022-12-28 14:43:59 info: [0mGET /images [32m200[0m 4.183 ms - 133[0m
2022-12-28 14:44:08 info: [0mOPTIONS /images [32m204[0m 0.358 ms - 0[0m
2022-12-28 14:44:08 info: [0mGET /images [36m304[0m 6.846 ms - -[0m
2022-12-28 14:44:10 info: [0mPOST /images [32m200[0m 7.999 ms - 2[0m
2022-12-28 14:44:10 info: [0mGET /images [32m200[0m 6.087 ms - 133[0m
2022-12-28 14:44:27 info: [0mOPTIONS /images [32m204[0m 0.306 ms - 0[0m
2022-12-28 14:44:27 info: [0mGET /images [36m304[0m 5.770 ms - -[0m
2022-12-28 14:44:29 info: [0mOPTIONS /images [32m204[0m 0.768 ms - 0[0m
2022-12-28 14:44:29 info: [0mPOST /images [32m200[0m 50.094 ms - 2[0m
2022-12-28 14:44:29 info: [0mGET /images [32m200[0m 3.147 ms - 133[0m
2022-12-28 14:44:57 info: [0mOPTIONS /images [32m204[0m 0.404 ms - 0[0m
2022-12-28 14:44:57 info: [0mGET /images [36m304[0m 5.713 ms - -[0m
2022-12-28 14:45:00 info: [0mPOST /images [32m200[0m 2.582 ms - 2[0m
2022-12-28 14:45:00 info: [0mGET /images [32m200[0m 2.170 ms - 133[0m
2022-12-28 14:45:32 info: [0mOPTIONS /images [32m204[0m 1.413 ms - 0[0m
2022-12-28 14:45:32 info: [0mPOST /images [32m200[0m 10.471 ms - 2[0m
2022-12-28 14:45:32 info: [0mGET /images [32m200[0m 4.577 ms - 133[0m
2022-12-28 14:47:06 info: =================================
2022-12-28 14:47:06 info: ======= ENV: development =======
2022-12-28 14:47:06 info: 🚀 App listening on the port 8080
2022-12-28 14:47:06 info: =================================
2022-12-28 14:47:25 info: =================================
2022-12-28 14:47:25 info: ======= ENV: development =======
2022-12-28 14:47:25 info: 🚀 App listening on the port 8080
2022-12-28 14:47:25 info: =================================
2022-12-28 14:47:43 info: [0mOPTIONS /images [32m204[0m 2.484 ms - 0[0m
2022-12-28 14:47:43 info: [0mPOST /images [32m200[0m 17.016 ms - 2[0m
2022-12-28 14:47:43 info: [0mGET /images [32m200[0m 5.095 ms - 133[0m
2022-12-28 14:47:53 info: [0mOPTIONS /configs/physical [32m204[0m 0.287 ms - 0[0m
2022-12-28 14:47:53 info: [0mOPTIONS /configs/physical [32m204[0m 0.454 ms - 0[0m
2022-12-28 14:47:53 info: [0mGET /configs/physical [36m304[0m 16.942 ms - -[0m
2022-12-28 14:47:53 info: [0mGET /configs/physical [36m304[0m 4.086 ms - -[0m
2022-12-28 14:47:53 info: [0mOPTIONS /images [32m204[0m 0.200 ms - 0[0m
2022-12-28 14:47:53 info: [0mGET /images [36m304[0m 3.000 ms - -[0m
2022-12-28 14:47:53 info: [0mGET /images [36m304[0m 4.982 ms - -[0m
2022-12-28 14:47:56 info: [0mGET /images/dsa.png [32m200[0m 1.151 ms - -[0m
2022-12-28 14:47:56 info: [0mGET /images/temp.png [32m200[0m 0.525 ms - -[0m
2022-12-28 14:48:04 info: [0mOPTIONS /images [32m204[0m 1.108 ms - 0[0m
2022-12-28 14:48:04 info: [0mPOST /images [32m200[0m 10.265 ms - 2[0m
2022-12-28 14:48:04 info: [0mGET /images [32m200[0m 5.943 ms - 133[0m
2022-12-28 14:48:06 info: [0mPOST /images [32m200[0m 2.775 ms - 2[0m
2022-12-28 14:48:06 info: [0mGET /images [32m200[0m 2.251 ms - 133[0m
2022-12-28 14:48:06 info: [0mPOST /images [32m200[0m 2.056 ms - 2[0m
2022-12-28 14:48:06 info: [0mGET /images [32m200[0m 1.828 ms - 133[0m
2022-12-28 14:48:06 info: [0mPOST /images [32m200[0m 7.710 ms - 2[0m
2022-12-28 14:48:06 info: [0mGET /images [32m200[0m 6.035 ms - 133[0m
2022-12-28 14:48:06 info: [0mPOST /images [32m200[0m 3.036 ms - 2[0m
2022-12-28 14:48:06 info: [0mGET /images [32m200[0m 1.600 ms - 133[0m
2022-12-28 14:48:07 info: [0mPOST /images [32m200[0m 7.538 ms - 2[0m
2022-12-28 14:48:07 info: [0mGET /images [32m200[0m 9.572 ms - 133[0m
2022-12-28 14:48:07 info: [0mPOST /images [32m200[0m 8.600 ms - 2[0m
2022-12-28 14:48:07 info: [0mGET /images [32m200[0m 8.045 ms - 133[0m
2022-12-28 14:48:07 info: [0mPOST /images [32m200[0m 4.229 ms - 2[0m
2022-12-28 14:48:07 info: [0mGET /images [32m200[0m 1.595 ms - 133[0m
2022-12-28 14:48:07 info: [0mPOST /images [32m200[0m 5.357 ms - 2[0m
2022-12-28 14:48:07 info: [0mGET /images [32m200[0m 4.157 ms - 133[0m
2022-12-28 14:48:07 info: [0mPOST /images [32m200[0m 3.789 ms - 2[0m
2022-12-28 14:48:07 info: [0mGET /images [32m200[0m 6.778 ms - 133[0m
2022-12-28 14:48:07 info: [0mPOST /images [32m200[0m 7.909 ms - 2[0m
2022-12-28 14:48:07 info: [0mGET /images [32m200[0m 4.817 ms - 133[0m
2022-12-28 14:48:08 info: [0mPOST /images [32m200[0m 7.367 ms - 2[0m
2022-12-28 14:48:08 info: [0mGET /images [32m200[0m 3.793 ms - 133[0m
2022-12-28 15:32:01 info: =================================
2022-12-28 15:32:01 info: ======= ENV: development =======
2022-12-28 15:32:01 info: 🚀 App listening on the port 8080
2022-12-28 15:32:01 info: =================================
2022-12-28 15:33:00 info: [0mGET /configs/physical [32m200[0m 17.304 ms - -[0m
2022-12-28 15:33:00 info: [0mGET /configs/physical [32m200[0m 4.236 ms - -[0m
2022-12-28 15:33:00 info: [0mGET /configs/physical [32m200[0m 3.605 ms - -[0m
2022-12-28 15:33:00 info: [0mGET /configs/physical [32m200[0m 2.926 ms - -[0m
2022-12-28 15:33:00 info: [0mGET /configs/physical [32m200[0m 3.831 ms - -[0m
2022-12-28 15:33:00 info: [0mGET /configs/physical [32m200[0m 3.422 ms - -[0m
2022-12-28 15:33:00 info: [0mGET /configs/physical [32m200[0m 2.750 ms - -[0m
2022-12-28 16:06:29 info: [0mOPTIONS /configs/physical [32m204[0m 0.426 ms - 0[0m
2022-12-28 16:06:29 info: [0mOPTIONS /configs/physical [32m204[0m 0.603 ms - 0[0m
2022-12-28 16:06:29 info: [0mGET /configs/physical [36m304[0m 7.137 ms - -[0m
2022-12-28 16:06:29 info: [0mGET /configs/physical [36m304[0m 3.668 ms - -[0m
2022-12-28 16:06:29 info: [0mOPTIONS /images [32m204[0m 0.496 ms - 0[0m
2022-12-28 16:06:29 info: [0mGET /images [36m304[0m 6.275 ms - -[0m
2022-12-28 16:06:29 info: [0mGET /images [36m304[0m 2.623 ms - -[0m
2022-12-28 16:07:17 info: [0mGET /configs/physical [32m200[0m 6.202 ms - -[0m
2022-12-28 16:08:46 info: [0mOPTIONS /configs/physical [32m204[0m 0.332 ms - 0[0m
2022-12-28 16:08:46 info: [0mGET /configs/physical [36m304[0m 4.560 ms - -[0m
2022-12-28 16:09:46 info: [0mOPTIONS /configs/physical [32m204[0m 0.341 ms - 0[0m
2022-12-28 16:09:46 info: [0mOPTIONS /configs/physical [32m204[0m 0.382 ms - 0[0m
2022-12-28 16:09:46 info: [0mGET /configs/physical [36m304[0m 9.875 ms - -[0m
2022-12-28 16:09:46 info: [0mGET /configs/physical [36m304[0m 11.646 ms - -[0m
2022-12-28 16:09:46 info: [0mOPTIONS /images [32m204[0m 0.542 ms - 0[0m
2022-12-28 16:09:46 info: [0mGET /images [36m304[0m 4.370 ms - -[0m
2022-12-28 16:09:46 info: [0mGET /images [36m304[0m 3.710 ms - -[0m
2022-12-28 16:10:36 info: [0mOPTIONS /configs/physical [32m204[0m 0.367 ms - 0[0m
2022-12-28 16:10:36 info: [0mOPTIONS /configs/physical [32m204[0m 0.367 ms - 0[0m
2022-12-28 16:10:36 info: [0mGET /configs/physical [36m304[0m 8.220 ms - -[0m
2022-12-28 16:10:36 info: [0mGET /configs/physical [36m304[0m 6.537 ms - -[0m
2022-12-28 16:10:36 info: [0mOPTIONS /images [32m204[0m 0.957 ms - 0[0m
2022-12-28 16:10:36 info: [0mGET /images [36m304[0m 3.220 ms - -[0m
2022-12-28 16:10:36 info: [0mGET /images [36m304[0m 2.981 ms - -[0m
2022-12-28 16:11:33 info: [0mOPTIONS /configs/physical [32m204[0m 0.358 ms - 0[0m
2022-12-28 16:11:33 info: [0mOPTIONS /configs/physical [32m204[0m 0.249 ms - 0[0m
2022-12-28 16:11:33 info: [0mGET /configs/physical [36m304[0m 8.382 ms - -[0m
2022-12-28 16:11:33 info: [0mGET /configs/physical [36m304[0m 4.676 ms - -[0m
2022-12-28 16:11:33 info: [0mOPTIONS /images [32m204[0m 0.260 ms - 0[0m
2022-12-28 16:11:33 info: [0mGET /images [36m304[0m 2.504 ms - -[0m
2022-12-28 16:11:33 info: [0mGET /images [36m304[0m 3.279 ms - -[0m
2022-12-28 16:12:31 info: [0mOPTIONS /configs/physical [32m204[0m 0.246 ms - 0[0m
2022-12-28 16:12:31 info: [0mGET /configs/physical [36m304[0m 6.186 ms - -[0m
2022-12-28 16:12:31 info: [0mGET /configs/physical [36m304[0m 2.705 ms - -[0m
2022-12-28 16:12:31 info: [0mOPTIONS /images [32m204[0m 0.310 ms - 0[0m
2022-12-28 16:12:31 info: [0mGET /images [36m304[0m 4.755 ms - -[0m
2022-12-28 16:12:31 info: [0mGET /images [36m304[0m 3.331 ms - -[0m
2022-12-28 16:15:24 info: [0mOPTIONS /configs/physical [32m204[0m 0.276 ms - 0[0m
2022-12-28 16:15:24 info: [0mGET /configs/physical [36m304[0m 8.497 ms - -[0m
2022-12-28 16:15:24 info: [0mGET /configs/physical [36m304[0m 5.885 ms - -[0m
2022-12-28 16:15:24 info: [0mOPTIONS /images [32m204[0m 0.310 ms - 0[0m
2022-12-28 16:15:24 info: [0mGET /images [36m304[0m 2.569 ms - -[0m
2022-12-28 16:15:24 info: [0mGET /images [36m304[0m 2.628 ms - -[0m
2022-12-28 16:18:31 info: [0mOPTIONS /configs/physical [32m204[0m 0.333 ms - 0[0m
2022-12-28 16:18:31 info: [0mGET /configs/physical [36m304[0m 8.203 ms - -[0m
2022-12-28 16:18:31 info: [0mGET /configs/physical [36m304[0m 4.123 ms - -[0m
2022-12-28 16:18:31 info: [0mOPTIONS /images [32m204[0m 0.360 ms - 0[0m
2022-12-28 16:18:31 info: [0mGET /images [36m304[0m 2.270 ms - -[0m
2022-12-28 16:18:31 info: [0mGET /images [36m304[0m 2.326 ms - -[0m
2022-12-28 16:20:55 info: [0mOPTIONS /configs/physical [32m204[0m 0.358 ms - 0[0m
2022-12-28 16:20:55 info: [0mOPTIONS /configs/physical [32m204[0m 0.340 ms - 0[0m
2022-12-28 16:20:55 info: [0mGET /configs/physical [36m304[0m 4.333 ms - -[0m
2022-12-28 16:20:55 info: [0mGET /configs/physical [36m304[0m 3.887 ms - -[0m
2022-12-28 16:20:55 info: [0mOPTIONS /images [32m204[0m 0.325 ms - 0[0m
2022-12-28 16:20:55 info: [0mGET /images [36m304[0m 2.448 ms - -[0m
2022-12-28 16:20:55 info: [0mGET /images [36m304[0m 2.473 ms - -[0m
2022-12-28 16:28:19 info: [0mOPTIONS /configs/physical [32m204[0m 0.291 ms - 0[0m
2022-12-28 16:28:19 info: [0mGET /configs/physical [36m304[0m 6.395 ms - -[0m
2022-12-28 16:37:31 info: [0mOPTIONS /configs/physical [32m204[0m 0.357 ms - 0[0m
2022-12-28 16:37:31 info: [0mGET /configs/physical [36m304[0m 8.875 ms - -[0m
2022-12-28 16:41:03 info: [0mOPTIONS /configs/physical [32m204[0m 0.290 ms - 0[0m
2022-12-28 16:41:03 info: [0mOPTIONS /configs/physical [32m204[0m 0.263 ms - 0[0m
2022-12-28 16:41:03 info: [0mGET /configs/physical [36m304[0m 5.210 ms - -[0m
2022-12-28 16:41:03 info: [0mGET /configs/physical [36m304[0m 3.045 ms - -[0m
2022-12-28 16:41:03 info: [0mOPTIONS /images [32m204[0m 0.293 ms - 0[0m
2022-12-28 16:41:03 info: [0mOPTIONS /images [32m204[0m 0.368 ms - 0[0m
2022-12-28 16:41:03 info: [0mGET /images [36m304[0m 2.616 ms - -[0m
2022-12-28 16:41:03 info: [0mGET /images [36m304[0m 2.252 ms - -[0m
2022-12-28 16:45:11 info: [0mOPTIONS /configs/physical [32m204[0m 0.370 ms - 0[0m
2022-12-28 16:45:11 info: [0mOPTIONS /configs/physical [32m204[0m 0.177 ms - 0[0m
2022-12-28 16:45:11 info: [0mGET /configs/physical [36m304[0m 4.710 ms - -[0m
2022-12-28 16:45:11 info: [0mGET /configs/physical [36m304[0m 2.455 ms - -[0m
2022-12-28 16:45:11 info: [0mOPTIONS /images [32m204[0m 0.305 ms - 0[0m
2022-12-28 16:45:11 info: [0mOPTIONS /images [32m204[0m 0.350 ms - 0[0m
2022-12-28 16:45:11 info: [0mGET /images [36m304[0m 3.162 ms - -[0m
2022-12-28 16:45:11 info: [0mGET /images [36m304[0m 2.256 ms - -[0m
2022-12-28 18:26:11 info: [0mOPTIONS /configs/physical [32m204[0m 0.539 ms - 0[0m
2022-12-28 18:26:11 info: [0mGET /configs/physical [36m304[0m 9.008 ms - -[0m
2022-12-28 18:26:11 info: [0mGET /configs/physical [36m304[0m 4.061 ms - -[0m
2022-12-28 18:26:12 info: [0mOPTIONS /images [32m204[0m 1.428 ms - 0[0m
2022-12-28 18:26:12 info: [0mGET /images [36m304[0m 2.677 ms - -[0m
2022-12-28 18:26:12 info: [0mGET /images [36m304[0m 2.524 ms - -[0m
2022-12-28 18:27:25 info: [0mOPTIONS /configs/physical [32m204[0m 0.375 ms - 0[0m
2022-12-28 18:27:25 info: [0mGET /configs/physical [36m304[0m 9.059 ms - -[0m
2022-12-28 18:28:14 info: [0mGET /configs/physical [32m200[0m 6.217 ms - -[0m
2022-12-28 18:28:24 info: [0mOPTIONS /configs/physical [32m204[0m 0.369 ms - 0[0m
2022-12-28 18:28:24 info: [0mGET /configs/physical [36m304[0m 6.107 ms - -[0m
2022-12-28 18:28:24 info: [0mGET /configs/physical [36m304[0m 6.789 ms - -[0m
2022-12-28 18:28:24 info: [0mOPTIONS /images [32m204[0m 0.388 ms - 0[0m
2022-12-28 18:28:24 info: [0mGET /images [36m304[0m 3.201 ms - -[0m
2022-12-28 18:28:24 info: [0mGET /images [36m304[0m 2.625 ms - -[0m
2022-12-28 18:30:02 info: [0mOPTIONS /images [32m204[0m 0.390 ms - 0[0m
2022-12-28 18:30:02 info: [0mOPTIONS /configs/physical [32m204[0m 0.330 ms - 0[0m
2022-12-28 18:30:02 info: [0mGET /images [36m304[0m 11.464 ms - -[0m
2022-12-28 18:30:02 info: [0mGET /configs/physical [36m304[0m 9.587 ms - -[0m
2022-12-28 18:30:02 info: [0mGET /images [36m304[0m 2.904 ms - -[0m
2022-12-28 18:33:02 info: [0mOPTIONS /configs/physical [32m204[0m 0.414 ms - 0[0m
2022-12-28 18:33:02 info: [0mGET /configs/physical [36m304[0m 8.454 ms - -[0m
2022-12-28 18:33:08 info: [0mGET /images/dsa.png [32m200[0m 1.696 ms - -[0m
2022-12-28 18:33:08 info: [0mGET /images/temp.png [32m200[0m 0.984 ms - -[0m
2022-12-28 18:33:31 info: [0mOPTIONS /configs/physical [32m204[0m 0.356 ms - 0[0m
2022-12-28 18:33:31 info: [0mGET /configs/physical [36m304[0m 5.168 ms - -[0m
2022-12-28 18:36:34 info: [0mOPTIONS /configs/physical [32m204[0m 0.400 ms - 0[0m
2022-12-28 18:36:34 info: [0mGET /configs/physical [36m304[0m 20.684 ms - -[0m
2022-12-28 18:37:21 info: [0mOPTIONS /configs/physical [32m204[0m 0.651 ms - 0[0m
2022-12-28 18:37:21 info: [0mGET /configs/physical [36m304[0m 11.201 ms - -[0m
2022-12-28 18:37:21 info: [0mGET /configs/physical [36m304[0m 5.897 ms - -[0m
2022-12-28 18:37:21 info: [0mOPTIONS /images [32m204[0m 0.286 ms - 0[0m
2022-12-28 18:37:21 info: [0mGET /images [36m304[0m 2.244 ms - -[0m
2022-12-28 18:37:21 info: [0mGET /images [36m304[0m 4.351 ms - -[0m
2022-12-28 18:37:21 info: [0mGET /images [36m304[0m 3.150 ms - -[0m
2022-12-28 18:37:21 info: [0mGET /images [36m304[0m 2.392 ms - -[0m
2022-12-28 18:37:23 info: [0mGET /images/dsa.png [32m200[0m 0.722 ms - -[0m
2022-12-28 18:37:23 info: [0mGET /images/temp.png [32m200[0m 0.992 ms - -[0m
2022-12-28 18:39:20 info: [0mOPTIONS /configs/physical [32m204[0m 0.373 ms - 0[0m
2022-12-28 18:39:20 info: [0mGET /configs/physical [36m304[0m 9.859 ms - -[0m
2022-12-28 18:40:17 info: [0mOPTIONS /configs/physical [32m204[0m 0.522 ms - 0[0m
2022-12-28 18:40:17 info: [0mGET /configs/physical [36m304[0m 6.504 ms - -[0m
2022-12-28 18:40:17 info: [0mGET /configs/physical [36m304[0m 3.665 ms - -[0m
2022-12-28 18:40:17 info: [0mOPTIONS /images [32m204[0m 0.452 ms - 0[0m
2022-12-28 18:40:17 info: [0mOPTIONS /images [32m204[0m 0.579 ms - 0[0m
2022-12-28 18:40:17 info: [0mGET /images [36m304[0m 3.285 ms - -[0m
2022-12-28 18:40:17 info: [0mGET /images [36m304[0m 3.183 ms - -[0m
2022-12-28 18:40:17 info: [0mGET /images [36m304[0m 3.996 ms - -[0m
2022-12-28 18:40:17 info: [0mGET /images [36m304[0m 2.534 ms - -[0m
2022-12-28 18:41:28 info: [0mOPTIONS /images [32m204[0m 0.374 ms - 0[0m
2022-12-28 18:41:28 info: [0mOPTIONS /configs/physical [32m204[0m 0.432 ms - 0[0m
2022-12-28 18:41:28 info: [0mGET /images [36m304[0m 10.401 ms - -[0m
2022-12-28 18:41:28 info: [0mGET /configs/physical [36m304[0m 10.512 ms - -[0m
2022-12-28 18:41:28 info: [0mGET /images [36m304[0m 4.166 ms - -[0m
2022-12-28 18:41:32 info: [0mGET /images/dsa.png [32m200[0m 1.632 ms - -[0m
2022-12-28 18:41:32 info: [0mGET /images/temp.png [32m200[0m 1.183 ms - -[0m
2022-12-28 18:44:28 info: [0mOPTIONS /configs/physical [32m204[0m 0.378 ms - 0[0m
2022-12-28 18:44:28 info: [0mGET /configs/physical [36m304[0m 8.328 ms - -[0m
2022-12-28 18:45:15 info: [0mOPTIONS /images [32m204[0m 0.335 ms - 0[0m
2022-12-28 18:45:15 info: [0mOPTIONS /configs/physical [32m204[0m 0.337 ms - 0[0m
2022-12-28 18:45:16 info: [0mGET /images [36m304[0m 7.984 ms - -[0m
2022-12-28 18:45:16 info: [0mGET /configs/physical [36m304[0m 10.274 ms - -[0m
2022-12-28 18:45:16 info: [0mGET /images [36m304[0m 3.829 ms - -[0m
2022-12-28 18:46:06 info: [0mOPTIONS /configs/physical [32m204[0m 0.358 ms - 0[0m
2022-12-28 18:46:06 info: [0mGET /configs/physical [36m304[0m 9.616 ms - -[0m
2022-12-28 18:46:15 info: [0mOPTIONS /configs/physical [32m204[0m 0.478 ms - 0[0m
2022-12-28 18:46:15 info: [0mGET /configs/physical [36m304[0m 6.795 ms - -[0m
2022-12-28 18:46:15 info: [0mGET /configs/physical [36m304[0m 7.684 ms - -[0m
2022-12-28 18:46:15 info: [0mOPTIONS /images [32m204[0m 0.442 ms - 0[0m
2022-12-28 18:46:15 info: [0mOPTIONS /images [32m204[0m 0.584 ms - 0[0m
2022-12-28 18:46:15 info: [0mGET /images [32m200[0m 3.331 ms - -[0m
2022-12-28 18:46:15 info: [0mGET /images [36m304[0m 4.892 ms - -[0m
2022-12-28 18:46:15 info: [0mGET /images [36m304[0m 2.689 ms - -[0m
2022-12-28 18:46:15 info: [0mGET /images [36m304[0m 2.921 ms - -[0m
2022-12-28 18:46:15 info: [0mGET /images [36m304[0m 7.042 ms - -[0m
2022-12-28 18:46:15 info: [0mGET /images [36m304[0m 3.800 ms - -[0m
2022-12-28 18:46:20 info: [0mGET /images/Arrow%201.png [32m200[0m 0.629 ms - -[0m
2022-12-28 18:46:20 info: [0mGET /images/Arrow%202.png [32m200[0m 0.793 ms - -[0m
2022-12-28 18:46:20 info: [0mGET /images/ArrowLeft.png [32m200[0m 1.034 ms - -[0m
2022-12-28 18:46:20 info: [0mGET /images/ArrowRight.png [32m200[0m 0.835 ms - -[0m
2022-12-28 18:46:20 info: [0mGET /images/card%202.png [32m200[0m 0.705 ms - -[0m
2022-12-28 18:46:20 info: [0mGET /images/card%201.png [32m200[0m 0.651 ms - -[0m
2022-12-28 18:46:43 info: [0mOPTIONS /configs/physical [32m204[0m 0.338 ms - 0[0m
2022-12-28 18:46:43 info: [0mGET /configs/physical [36m304[0m 7.089 ms - -[0m
2022-12-28 18:48:28 info: [0mGET /images/security%201.png [32m200[0m 1.257 ms - -[0m
2022-12-28 18:48:28 info: [0mGET /images/shopping-cart%201.png [32m200[0m 1.479 ms - -[0m
2022-12-28 18:48:28 info: [0mGET /images/surprise%201.png [32m200[0m 1.510 ms - -[0m
2022-12-28 18:48:28 info: [0mGET /images/surprise%202.png [32m200[0m 1.366 ms - -[0m
2022-12-28 18:48:28 info: [0mGET /images/surprise%203.png [32m200[0m 3.094 ms - -[0m
2022-12-28 18:48:28 info: [0mGET /images/time%201.png [32m200[0m 1.288 ms - -[0m
2022-12-28 18:48:30 info: [0mGET /images/Youtube.png [32m200[0m 2.927 ms - -[0m
2022-12-28 18:48:30 info: [0mGET /images/%D0%92%D0%BA%D0%BE%D0%BD%D1%82%D0%B0%D0%BA%D1%82%D0%B5.png [32m200[0m 3.205 ms - -[0m
2022-12-28 18:48:30 info: [0mGET /images/%D0%9E%D0%B4%D0%BD%D0%BE%D0%BA%D0%BB%D0%B0%D1%81%D1%81%D0%BD%D0%B8%D0%BA%D0%B8.png [32m200[0m 3.018 ms - -[0m
2022-12-28 18:48:32 info: [0mGET /images/logo_green.png [32m200[0m 3.182 ms - -[0m
2022-12-28 18:48:32 info: [0mGET /images/MasterCard%20Credit%20Card.png [32m200[0m 1.423 ms - -[0m
2022-12-28 18:48:32 info: [0mGET /images/Place%20Marker.png [32m200[0m 1.503 ms - -[0m
2022-12-28 18:48:32 info: [0mGET /images/Rectangle%201.png [32m200[0m 2.885 ms - -[0m
2022-12-28 18:48:32 info: [0mGET /images/Rectangle%2010.png [32m200[0m 2.435 ms - -[0m
2022-12-28 18:48:32 info: [0mGET /images/Rectangle%2011.png [32m200[0m 2.278 ms - -[0m
2022-12-28 18:48:56 info: [0mOPTIONS /configs/physical [32m204[0m 0.584 ms - 0[0m
2022-12-28 18:48:56 info: [0mGET /configs/physical [36m304[0m 14.709 ms - -[0m
2022-12-28 18:48:56 info: [0mGET /configs/physical [36m304[0m 7.337 ms - -[0m
2022-12-28 18:48:56 info: [0mOPTIONS /images [32m204[0m 0.423 ms - 0[0m
2022-12-28 18:48:56 info: [0mOPTIONS /images [32m204[0m 0.354 ms - 0[0m
2022-12-28 18:48:56 info: [0mGET /images [36m304[0m 3.233 ms - -[0m
2022-12-28 18:48:56 info: [0mGET /images [36m304[0m 2.434 ms - -[0m
2022-12-28 18:48:56 info: [0mGET /images [36m304[0m 2.154 ms - -[0m
2022-12-28 18:48:56 info: [0mGET /images [36m304[0m 2.839 ms - -[0m
2022-12-28 18:48:56 info: [0mGET /images [36m304[0m 2.259 ms - -[0m
2022-12-28 18:48:56 info: [0mGET /images [36m304[0m 3.727 ms - -[0m
2022-12-28 18:52:28 info: [0mOPTIONS /configs/physical [32m204[0m 0.381 ms - 0[0m
2022-12-28 18:52:28 info: [0mGET /configs/physical [36m304[0m 9.289 ms - -[0m
2022-12-28 18:55:42 info: [0mOPTIONS /images [32m204[0m 0.353 ms - 0[0m
2022-12-28 18:55:42 info: [0mOPTIONS /images [32m204[0m 0.363 ms - 0[0m
2022-12-28 18:55:42 info: [0mGET /images [36m304[0m 6.725 ms - -[0m
2022-12-28 18:55:42 info: [0mGET /images [36m304[0m 3.097 ms - -[0m
2022-12-28 18:55:42 info: [0mGET /images [36m304[0m 4.628 ms - -[0m
2022-12-28 18:55:42 info: [0mGET /images [36m304[0m 3.563 ms - -[0m
2022-12-28 18:55:42 info: [0mGET /images [36m304[0m 3.611 ms - -[0m
2022-12-28 18:55:42 info: [0mGET /images [36m304[0m 3.996 ms - -[0m
2022-12-28 18:56:45 info: [0mOPTIONS /images [32m204[0m 0.378 ms - 0[0m
2022-12-28 18:56:45 info: [0mOPTIONS /images [32m204[0m 0.372 ms - 0[0m
2022-12-28 18:56:45 info: [0mOPTIONS /configs/physical [32m204[0m 0.359 ms - 0[0m
2022-12-28 18:56:45 info: [0mGET /images [36m304[0m 8.348 ms - -[0m
2022-12-28 18:56:45 info: [0mGET /configs/physical [36m304[0m 7.541 ms - -[0m
2022-12-28 18:56:45 info: [0mGET /images [36m304[0m 5.873 ms - -[0m
2022-12-28 18:56:45 info: [0mGET /images [36m304[0m 3.257 ms - -[0m
2022-12-28 18:56:45 info: [0mGET /images [36m304[0m 3.439 ms - -[0m
2022-12-28 18:56:45 info: [0mGET /images [36m304[0m 4.494 ms - -[0m
2022-12-28 18:56:45 info: [0mGET /images [36m304[0m 3.958 ms - -[0m
2022-12-28 18:56:45 info: [0mGET /images [36m304[0m 3.626 ms - -[0m
2022-12-28 18:56:45 info: [0mGET /images [36m304[0m 3.691 ms - -[0m
2022-12-28 18:56:45 info: [0mGET /images [36m304[0m 3.214 ms - -[0m
2022-12-28 18:56:45 info: [0mGET /images [36m304[0m 3.450 ms - -[0m
2022-12-28 18:57:17 info: [0mOPTIONS /configs/physical [32m204[0m 0.370 ms - 0[0m
2022-12-28 18:57:17 info: [0mGET /configs/physical [36m304[0m 6.760 ms - -[0m
2022-12-28 18:57:36 info: [0mOPTIONS /configs/physical [32m204[0m 0.400 ms - 0[0m
2022-12-28 18:57:36 info: [0mGET /configs/physical [36m304[0m 7.307 ms - -[0m
2022-12-28 18:58:18 info: [0mOPTIONS /configs/physical [32m204[0m 0.315 ms - 0[0m
2022-12-28 18:58:18 info: [0mGET /configs/physical [36m304[0m 8.833 ms - -[0m
2022-12-28 19:00:20 info: [0mOPTIONS /configs/physical [32m204[0m 0.364 ms - 0[0m
2022-12-28 19:00:20 info: [0mGET /configs/physical [36m304[0m 7.450 ms - -[0m
2022-12-28 19:00:48 info: [0mOPTIONS /configs/physical [32m204[0m 0.376 ms - 0[0m
2022-12-28 19:00:48 info: [0mGET /configs/physical [36m304[0m 7.269 ms - -[0m
