2022-12-08 09:11:53 info: =================================
2022-12-08 09:11:53 info: ======= ENV: development =======
2022-12-08 09:11:53 info: 🚀 App listening on the port 8080
2022-12-08 09:11:53 info: =================================
2022-12-08 09:11:59 info: =================================
2022-12-08 09:11:59 info: ======= ENV: development =======
2022-12-08 09:11:59 info: 🚀 App listening on the port 8080
2022-12-08 09:11:59 info: =================================
2022-12-08 09:12:05 info: =================================
2022-12-08 09:12:05 info: ======= ENV: development =======
2022-12-08 09:12:05 info: 🚀 App listening on the port 8080
2022-12-08 09:12:05 info: =================================
2022-12-08 09:16:16 info: =================================
2022-12-08 09:16:16 info: ======= ENV: development =======
2022-12-08 09:16:16 info: 🚀 App listening on the port 8080
2022-12-08 09:16:16 info: =================================
2022-12-08 09:16:54 info: =================================
2022-12-08 09:16:54 info: ======= ENV: development =======
2022-12-08 09:16:54 info: 🚀 App listening on the port 8080
2022-12-08 09:16:54 info: =================================
2022-12-08 09:17:03 info: =================================
2022-12-08 09:17:03 info: ======= ENV: development =======
2022-12-08 09:17:03 info: 🚀 App listening on the port 8080
2022-12-08 09:17:03 info: =================================
2022-12-08 09:17:13 info: =================================
2022-12-08 09:17:13 info: ======= ENV: development =======
2022-12-08 09:17:13 info: 🚀 App listening on the port 8080
2022-12-08 09:17:13 info: =================================
2022-12-08 09:17:44 info: =================================
2022-12-08 09:17:44 info: ======= ENV: development =======
2022-12-08 09:17:44 info: 🚀 App listening on the port 8080
2022-12-08 09:17:44 info: =================================
2022-12-08 09:18:29 info: =================================
2022-12-08 09:18:29 info: ======= ENV: development =======
2022-12-08 09:18:29 info: 🚀 App listening on the port 8080
2022-12-08 09:18:29 info: =================================
2022-12-08 09:19:38 info: =================================
2022-12-08 09:19:38 info: ======= ENV: development =======
2022-12-08 09:19:38 info: 🚀 App listening on the port 8080
2022-12-08 09:19:38 info: =================================
2022-12-08 09:28:39 info: =================================
2022-12-08 09:28:39 info: ======= ENV: development =======
2022-12-08 09:28:39 info: 🚀 App listening on the port 8080
2022-12-08 09:28:39 info: =================================
2022-12-08 09:29:05 info: =================================
2022-12-08 09:29:05 info: ======= ENV: development =======
2022-12-08 09:29:05 info: 🚀 App listening on the port 8080
2022-12-08 09:29:05 info: =================================
2022-12-08 09:29:10 info: [0mGET / [32m200[0m 9.451 ms - 869[0m
2022-12-08 09:37:45 info: =================================
2022-12-08 09:37:45 info: ======= ENV: development =======
2022-12-08 09:37:45 info: 🚀 App listening on the port 8080
2022-12-08 09:37:45 info: =================================
2022-12-08 09:38:26 info: =================================
2022-12-08 09:38:26 info: ======= ENV: development =======
2022-12-08 09:38:26 info: 🚀 App listening on the port 8080
2022-12-08 09:38:26 info: =================================
2022-12-08 09:38:32 info: [0mGET / [32m200[0m 28.831 ms - -[0m
2022-12-08 09:41:35 info: =================================
2022-12-08 09:41:35 info: ======= ENV: development =======
2022-12-08 09:41:35 info: 🚀 App listening on the port 8080
2022-12-08 09:41:35 info: =================================
2022-12-08 09:47:23 info: =================================
2022-12-08 09:47:23 info: ======= ENV: development =======
2022-12-08 09:47:23 info: 🚀 App listening on the port 8080
2022-12-08 09:47:23 info: =================================
2022-12-08 09:47:28 info: [0mGET / [36m304[0m 10.010 ms - -[0m
2022-12-08 09:47:29 info: [0mGET / [36m304[0m 3.115 ms - -[0m
2022-12-08 09:48:12 info: =================================
2022-12-08 09:48:12 info: ======= ENV: development =======
2022-12-08 09:48:12 info: 🚀 App listening on the port 8080
2022-12-08 09:48:12 info: =================================
2022-12-08 09:49:10 info: =================================
2022-12-08 09:49:10 info: ======= ENV: development =======
2022-12-08 09:49:10 info: 🚀 App listening on the port 8080
2022-12-08 09:49:10 info: =================================
2022-12-08 09:49:14 info: [0mGET / [32m200[0m 13.491 ms - -[0m
2022-12-08 09:50:43 info: =================================
2022-12-08 09:50:43 info: ======= ENV: development =======
2022-12-08 09:50:43 info: 🚀 App listening on the port 8080
2022-12-08 09:50:43 info: =================================
2022-12-08 10:02:50 info: =================================
2022-12-08 10:02:50 info: ======= ENV: development =======
2022-12-08 10:02:50 info: 🚀 App listening on the port 8080
2022-12-08 10:02:50 info: =================================
2022-12-08 10:03:12 info: =================================
2022-12-08 10:03:12 info: ======= ENV: development =======
2022-12-08 10:03:12 info: 🚀 App listening on the port 8080
2022-12-08 10:03:12 info: =================================
2022-12-08 10:03:31 info: =================================
2022-12-08 10:03:31 info: ======= ENV: development =======
2022-12-08 10:03:31 info: 🚀 App listening on the port 8080
2022-12-08 10:03:31 info: =================================
2022-12-08 10:03:52 info: =================================
2022-12-08 10:03:52 info: ======= ENV: development =======
2022-12-08 10:03:52 info: 🚀 App listening on the port 8080
2022-12-08 10:03:52 info: =================================
2022-12-08 10:06:42 info: =================================
2022-12-08 10:06:42 info: ======= ENV: development =======
2022-12-08 10:06:42 info: 🚀 App listening on the port 8080
2022-12-08 10:06:42 info: =================================
2022-12-08 10:08:25 info: =================================
2022-12-08 10:08:25 info: ======= ENV: development =======
2022-12-08 10:08:25 info: 🚀 App listening on the port 8080
2022-12-08 10:08:25 info: =================================
2022-12-08 10:09:40 info: =================================
2022-12-08 10:09:40 info: ======= ENV: development =======
2022-12-08 10:09:40 info: 🚀 App listening on the port 8080
2022-12-08 10:09:40 info: =================================
2022-12-08 10:10:40 info: =================================
2022-12-08 10:10:40 info: ======= ENV: development =======
2022-12-08 10:10:40 info: 🚀 App listening on the port 8080
2022-12-08 10:10:40 info: =================================
2022-12-08 10:12:01 info: =================================
2022-12-08 10:12:01 info: ======= ENV: development =======
2022-12-08 10:12:01 info: 🚀 App listening on the port 8080
2022-12-08 10:12:01 info: =================================
2022-12-08 10:13:34 info: =================================
2022-12-08 10:13:34 info: ======= ENV: development =======
2022-12-08 10:13:34 info: 🚀 App listening on the port 8080
2022-12-08 10:13:34 info: =================================
2022-12-08 10:17:18 info: =================================
2022-12-08 10:17:18 info: ======= ENV: development =======
2022-12-08 10:17:18 info: 🚀 App listening on the port 8080
2022-12-08 10:17:18 info: =================================
2022-12-08 10:17:30 info: =================================
2022-12-08 10:17:30 info: ======= ENV: development =======
2022-12-08 10:17:30 info: 🚀 App listening on the port 8080
2022-12-08 10:17:30 info: =================================
2022-12-08 10:17:41 info: =================================
2022-12-08 10:17:41 info: ======= ENV: development =======
2022-12-08 10:17:41 info: 🚀 App listening on the port 8080
2022-12-08 10:17:41 info: =================================
2022-12-08 10:17:53 info: [0mGET / [32m200[0m 13.216 ms - -[0m
2022-12-08 10:23:52 info: =================================
2022-12-08 10:23:52 info: ======= ENV: development =======
2022-12-08 10:23:52 info: 🚀 App listening on the port 8080
2022-12-08 10:23:52 info: =================================
2022-12-08 10:26:01 info: =================================
2022-12-08 10:26:01 info: ======= ENV: development =======
2022-12-08 10:26:01 info: 🚀 App listening on the port 8080
2022-12-08 10:26:01 info: =================================
2022-12-08 10:26:04 error: [GET] / >> StatusCode:: 500, Message:: user_role is not associated to user!
2022-12-08 10:26:04 info: [0mGET / [31m500[0m 18.750 ms - 50[0m
2022-12-08 10:27:04 info: =================================
2022-12-08 10:27:04 info: ======= ENV: development =======
2022-12-08 10:27:04 info: 🚀 App listening on the port 8080
2022-12-08 10:27:04 info: =================================
2022-12-08 10:27:09 error: [GET] / >> StatusCode:: 500, Message:: Class constructor model cannot be invoked without 'new'
2022-12-08 10:27:09 info: [0mGET / [31m500[0m 36.613 ms - 69[0m
2022-12-08 10:30:04 info: =================================
2022-12-08 10:30:04 info: ======= ENV: development =======
2022-12-08 10:30:04 info: 🚀 App listening on the port 8080
2022-12-08 10:30:04 info: =================================
2022-12-08 10:30:26 error: [GET] / >> StatusCode:: 500, Message:: Unknown column 'users.userRoleIdRole' in 'field list'
2022-12-08 10:30:26 info: [0mGET / [31m500[0m 46.123 ms - 67[0m
2022-12-08 10:30:45 info: =================================
2022-12-08 10:30:45 info: ======= ENV: development =======
2022-12-08 10:30:45 info: 🚀 App listening on the port 8080
2022-12-08 10:30:45 info: =================================
2022-12-08 10:30:54 error: [GET] / >> StatusCode:: 500, Message:: Unknown column 'users.userRoleIdRole' in 'field list'
2022-12-08 10:30:54 info: [0mGET / [31m500[0m 54.343 ms - 67[0m
2022-12-08 10:31:29 info: =================================
2022-12-08 10:31:29 info: ======= ENV: development =======
2022-12-08 10:31:29 info: 🚀 App listening on the port 8080
2022-12-08 10:31:29 info: =================================
2022-12-08 10:31:37 info: [0mGET / [32m200[0m 23.875 ms - 2[0m
2022-12-08 10:31:49 info: =================================
2022-12-08 10:31:49 info: ======= ENV: development =======
2022-12-08 10:31:49 info: 🚀 App listening on the port 8080
2022-12-08 10:31:49 info: =================================
2022-12-08 10:31:50 info: [0mGET / [36m304[0m 13.777 ms - -[0m
2022-12-08 10:32:42 error: [GET] / >> StatusCode:: 500, Message:: Class constructor model cannot be invoked without 'new'
2022-12-08 10:32:42 info: [0mGET / [31m500[0m 10.186 ms - 69[0m
2022-12-08 10:32:51 error: [GET] / >> StatusCode:: 500, Message:: Class constructor model cannot be invoked without 'new'
2022-12-08 10:32:51 info: [0mGET / [31m500[0m 4.037 ms - 69[0m
2022-12-08 10:33:40 info: =================================
2022-12-08 10:33:40 info: ======= ENV: development =======
2022-12-08 10:33:40 info: 🚀 App listening on the port 8080
2022-12-08 10:33:40 info: =================================
2022-12-08 10:33:43 error: [GET] / >> StatusCode:: 500, Message:: Class constructor model cannot be invoked without 'new'
2022-12-08 10:33:43 info: [0mGET / [31m500[0m 15.216 ms - 69[0m
2022-12-08 10:38:10 info: =================================
2022-12-08 10:38:10 info: ======= ENV: development =======
2022-12-08 10:38:10 info: 🚀 App listening on the port 8080
2022-12-08 10:38:10 info: =================================
2022-12-08 10:38:15 error: [GET] / >> StatusCode:: 500, Message:: Class constructor UserRepository cannot be invoked without 'new'
2022-12-08 10:38:15 info: [0mGET / [31m500[0m 17.254 ms - 78[0m
2022-12-08 10:46:00 info: =================================
2022-12-08 10:46:00 info: ======= ENV: development =======
2022-12-08 10:46:00 info: 🚀 App listening on the port 8080
2022-12-08 10:46:00 info: =================================
2022-12-08 10:46:05 error: [GET] / >> StatusCode:: 500, Message:: Class constructor UserRepository cannot be invoked without 'new'
2022-12-08 10:46:05 info: [0mGET / [31m500[0m 18.680 ms - 78[0m
2022-12-08 10:47:18 info: =================================
2022-12-08 10:47:18 info: ======= ENV: development =======
2022-12-08 10:47:18 info: 🚀 App listening on the port 8080
2022-12-08 10:47:18 info: =================================
2022-12-08 10:47:27 error: [GET] / >> StatusCode:: 500, Message:: Class constructor UserRepository cannot be invoked without 'new'
2022-12-08 10:47:27 info: [0mGET / [31m500[0m 14.467 ms - 78[0m
2022-12-08 10:50:03 info: =================================
2022-12-08 10:50:03 info: ======= ENV: development =======
2022-12-08 10:50:03 info: 🚀 App listening on the port 8080
2022-12-08 10:50:03 info: =================================
2022-12-08 10:50:11 error: [GET] / >> StatusCode:: 500, Message:: Class constructor UserRepository cannot be invoked without 'new'
2022-12-08 10:50:11 info: [0mGET / [31m500[0m 22.573 ms - 78[0m
2022-12-08 10:50:12 error: [GET] / >> StatusCode:: 500, Message:: Class constructor UserRepository cannot be invoked without 'new'
2022-12-08 10:50:12 info: [0mGET / [31m500[0m 6.023 ms - 78[0m
2022-12-08 10:54:10 info: =================================
2022-12-08 10:54:10 info: ======= ENV: development =======
2022-12-08 10:54:10 info: 🚀 App listening on the port 8080
2022-12-08 10:54:10 info: =================================
2022-12-08 10:54:12 error: [GET] / >> StatusCode:: 500, Message:: Class constructor UserRepository cannot be invoked without 'new'
2022-12-08 10:54:12 info: [0mGET / [31m500[0m 19.053 ms - 78[0m
2022-12-08 10:55:12 info: =================================
2022-12-08 10:55:12 info: ======= ENV: development =======
2022-12-08 10:55:12 info: 🚀 App listening on the port 8080
2022-12-08 10:55:12 info: =================================
2022-12-08 10:55:15 error: [GET] / >> StatusCode:: 500, Message:: Class constructor UserRepository cannot be invoked without 'new'
2022-12-08 10:55:15 info: [0mGET / [31m500[0m 15.251 ms - 78[0m
2022-12-08 10:55:17 error: [GET] / >> StatusCode:: 500, Message:: Class constructor UserRepository cannot be invoked without 'new'
2022-12-08 10:55:17 info: [0mGET / [31m500[0m 8.841 ms - 78[0m
2022-12-08 10:56:07 info: =================================
2022-12-08 10:56:07 info: ======= ENV: development =======
2022-12-08 10:56:07 info: 🚀 App listening on the port 8080
2022-12-08 10:56:07 info: =================================
2022-12-08 10:56:12 error: [GET] / >> StatusCode:: 500, Message:: Class constructor UserRepository cannot be invoked without 'new'
2022-12-08 10:56:12 info: [0mGET / [31m500[0m 24.635 ms - 78[0m
2022-12-08 10:56:14 error: [GET] / >> StatusCode:: 500, Message:: Class constructor UserRepository cannot be invoked without 'new'
2022-12-08 10:56:14 info: [0mGET / [31m500[0m 4.436 ms - 78[0m
2022-12-08 10:56:44 info: =================================
2022-12-08 10:56:44 info: ======= ENV: development =======
2022-12-08 10:56:44 info: 🚀 App listening on the port 8080
2022-12-08 10:56:44 info: =================================
2022-12-08 10:56:48 error: [GET] / >> StatusCode:: 500, Message:: Class constructor UserRepository cannot be invoked without 'new'
2022-12-08 10:56:48 info: [0mGET / [31m500[0m 16.840 ms - 78[0m
2022-12-08 10:57:36 info: =================================
2022-12-08 10:57:36 info: ======= ENV: development =======
2022-12-08 10:57:36 info: 🚀 App listening on the port 8080
2022-12-08 10:57:36 info: =================================
2022-12-08 10:57:39 error: [GET] / >> StatusCode:: 500, Message:: Class constructor UserRepository cannot be invoked without 'new'
2022-12-08 10:57:39 info: [0mGET / [31m500[0m 28.955 ms - 78[0m
2022-12-08 10:57:50 error: [GET] / >> StatusCode:: 500, Message:: Class constructor UserRepository cannot be invoked without 'new'
2022-12-08 10:57:50 info: [0mGET / [31m500[0m 6.685 ms - 78[0m
2022-12-08 10:58:58 info: =================================
2022-12-08 10:58:58 info: ======= ENV: development =======
2022-12-08 10:58:58 info: 🚀 App listening on the port 8080
2022-12-08 10:58:58 info: =================================
2022-12-08 10:59:00 info: [0mGET / [32m200[0m 9.829 ms - 268[0m
2022-12-08 10:59:14 info: =================================
2022-12-08 10:59:14 info: ======= ENV: development =======
2022-12-08 10:59:14 info: 🚀 App listening on the port 8080
2022-12-08 10:59:14 info: =================================
2022-12-08 11:59:07 info: =================================
2022-12-08 11:59:07 info: ======= ENV: development =======
2022-12-08 11:59:07 info: 🚀 App listening on the port 8080
2022-12-08 11:59:07 info: =================================
2022-12-08 11:59:36 info: =================================
2022-12-08 11:59:36 info: ======= ENV: development =======
2022-12-08 11:59:36 info: 🚀 App listening on the port 8080
2022-12-08 11:59:36 info: =================================
2022-12-08 11:59:39 error: [GET] / >> StatusCode:: 500, Message:: user_role is not associated to user_role!
2022-12-08 11:59:39 info: [0mGET / [31m500[0m 10.354 ms - 55[0m
2022-12-08 11:59:49 info: =================================
2022-12-08 11:59:49 info: ======= ENV: development =======
2022-12-08 11:59:49 info: 🚀 App listening on the port 8080
2022-12-08 11:59:49 info: =================================
2022-12-08 11:59:49 error: [GET] / >> StatusCode:: 500, Message:: Class constructor model cannot be invoked without 'new'
2022-12-08 11:59:49 info: [0mGET / [31m500[0m 22.081 ms - 69[0m
2022-12-08 12:12:54 info: =================================
2022-12-08 12:12:54 info: ======= ENV: development =======
2022-12-08 12:12:54 info: 🚀 App listening on the port 8080
2022-12-08 12:12:54 info: =================================
2022-12-08 12:13:48 info: =================================
2022-12-08 12:13:48 info: ======= ENV: development =======
2022-12-08 12:13:48 info: 🚀 App listening on the port 8080
2022-12-08 12:13:48 info: =================================
2022-12-08 12:13:52 error: [GET] / >> StatusCode:: 500, Message:: Class constructor model cannot be invoked without 'new'
2022-12-08 12:13:52 info: [0mGET / [31m500[0m 26.088 ms - 69[0m
2022-12-08 12:14:03 info: =================================
2022-12-08 12:14:03 info: ======= ENV: development =======
2022-12-08 12:14:03 info: 🚀 App listening on the port 8080
2022-12-08 12:14:03 info: =================================
2022-12-08 12:14:03 info: [0mGET / [32m200[0m 10.729 ms - 514[0m
2022-12-08 12:21:02 info: =================================
2022-12-08 12:21:02 info: ======= ENV: development =======
2022-12-08 12:21:02 info: 🚀 App listening on the port 8080
2022-12-08 12:21:02 info: =================================
2022-12-08 12:21:06 error: [GET] / >> StatusCode:: 500, Message:: Cannot read properties of undefined (reading 'findAll')
2022-12-08 12:21:06 info: [0mGET / [31m500[0m 4.863 ms - 69[0m
2022-12-08 12:21:25 info: =================================
2022-12-08 12:21:25 info: ======= ENV: development =======
2022-12-08 12:21:25 info: 🚀 App listening on the port 8080
2022-12-08 12:21:25 info: =================================
2022-12-08 12:21:27 info: [0mGET / [32m200[0m 10.909 ms - 514[0m
2022-12-08 12:24:30 info: =================================
2022-12-08 12:24:30 info: ======= ENV: development =======
2022-12-08 12:24:30 info: 🚀 App listening on the port 8080
2022-12-08 12:24:30 info: =================================
2022-12-08 12:27:58 info: =================================
2022-12-08 12:27:58 info: ======= ENV: development =======
2022-12-08 12:27:58 info: 🚀 App listening on the port 8080
2022-12-08 12:27:58 info: =================================
2022-12-08 12:28:09 info: =================================
2022-12-08 12:28:09 info: ======= ENV: development =======
2022-12-08 12:28:09 info: 🚀 App listening on the port 8080
2022-12-08 12:28:09 info: =================================
2022-12-08 12:28:12 error: [GET] / >> StatusCode:: 500, Message:: database_1.default.findAll is not a function
2022-12-08 12:28:12 info: [0mGET / [31m500[0m 14.941 ms - 58[0m
2022-12-08 12:35:22 info: =================================
2022-12-08 12:35:22 info: ======= ENV: development =======
2022-12-08 12:35:22 info: 🚀 App listening on the port 8080
2022-12-08 12:35:22 info: =================================
2022-12-08 12:35:27 info: =================================
2022-12-08 12:35:27 info: ======= ENV: development =======
2022-12-08 12:35:27 info: 🚀 App listening on the port 8080
2022-12-08 12:35:27 info: =================================
2022-12-08 12:35:28 info: [0mGET / [32m200[0m 11.270 ms - 514[0m
2022-12-08 12:35:41 info: =================================
2022-12-08 12:35:41 info: ======= ENV: development =======
2022-12-08 12:35:41 info: 🚀 App listening on the port 8080
2022-12-08 12:35:41 info: =================================
2022-12-08 12:36:54 info: =================================
2022-12-08 12:36:54 info: ======= ENV: development =======
2022-12-08 12:36:54 info: 🚀 App listening on the port 8080
2022-12-08 12:36:54 info: =================================
2022-12-08 12:41:51 info: =================================
2022-12-08 12:41:51 info: ======= ENV: development =======
2022-12-08 12:41:51 info: 🚀 App listening on the port 8080
2022-12-08 12:41:51 info: =================================
2022-12-08 12:43:49 info: =================================
2022-12-08 12:43:49 info: ======= ENV: development =======
2022-12-08 12:43:49 info: 🚀 App listening on the port 8080
2022-12-08 12:43:49 info: =================================
2022-12-08 12:46:13 info: =================================
2022-12-08 12:46:13 info: ======= ENV: development =======
2022-12-08 12:46:13 info: 🚀 App listening on the port 8080
2022-12-08 12:46:13 info: =================================
2022-12-08 12:48:05 info: =================================
2022-12-08 12:48:05 info: ======= ENV: development =======
2022-12-08 12:48:05 info: 🚀 App listening on the port 8080
2022-12-08 12:48:05 info: =================================
2022-12-08 12:48:57 info: =================================
2022-12-08 12:48:57 info: ======= ENV: development =======
2022-12-08 12:48:57 info: 🚀 App listening on the port 8080
2022-12-08 12:48:57 info: =================================
2022-12-08 12:50:12 info: =================================
2022-12-08 12:50:12 info: ======= ENV: development =======
2022-12-08 12:50:12 info: 🚀 App listening on the port 8080
2022-12-08 12:50:12 info: =================================
2022-12-08 12:54:59 info: =================================
2022-12-08 12:54:59 info: ======= ENV: development =======
2022-12-08 12:54:59 info: 🚀 App listening on the port 8080
2022-12-08 12:54:59 info: =================================
2022-12-08 12:55:45 info: =================================
2022-12-08 12:55:45 info: ======= ENV: development =======
2022-12-08 12:55:45 info: 🚀 App listening on the port 8080
2022-12-08 12:55:45 info: =================================
2022-12-08 12:56:03 info: =================================
2022-12-08 12:56:03 info: ======= ENV: development =======
2022-12-08 12:56:03 info: 🚀 App listening on the port 8080
2022-12-08 12:56:03 info: =================================
2022-12-08 12:56:42 info: =================================
2022-12-08 12:56:42 info: ======= ENV: development =======
2022-12-08 12:56:42 info: 🚀 App listening on the port 8080
2022-12-08 12:56:42 info: =================================
2022-12-08 12:56:50 info: =================================
2022-12-08 12:56:50 info: ======= ENV: development =======
2022-12-08 12:56:50 info: 🚀 App listening on the port 8080
2022-12-08 12:56:50 info: =================================
2022-12-08 12:57:12 info: =================================
2022-12-08 12:57:12 info: ======= ENV: development =======
2022-12-08 12:57:12 info: 🚀 App listening on the port 8080
2022-12-08 12:57:12 info: =================================
2022-12-08 12:58:23 info: =================================
2022-12-08 12:58:23 info: ======= ENV: development =======
2022-12-08 12:58:23 info: 🚀 App listening on the port 8080
2022-12-08 12:58:23 info: =================================
2022-12-08 12:59:17 info: =================================
2022-12-08 12:59:17 info: ======= ENV: development =======
2022-12-08 12:59:17 info: 🚀 App listening on the port 8080
2022-12-08 12:59:17 info: =================================
2022-12-08 13:00:24 info: =================================
2022-12-08 13:00:24 info: ======= ENV: development =======
2022-12-08 13:00:24 info: 🚀 App listening on the port 8080
2022-12-08 13:00:24 info: =================================
2022-12-08 13:01:55 info: =================================
2022-12-08 13:01:55 info: ======= ENV: development =======
2022-12-08 13:01:55 info: 🚀 App listening on the port 8080
2022-12-08 13:01:55 info: =================================
2022-12-08 13:03:44 info: =================================
2022-12-08 13:03:44 info: ======= ENV: development =======
2022-12-08 13:03:44 info: 🚀 App listening on the port 8080
2022-12-08 13:03:44 info: =================================
2022-12-08 13:10:30 info: =================================
2022-12-08 13:10:30 info: ======= ENV: development =======
2022-12-08 13:10:30 info: 🚀 App listening on the port 8080
2022-12-08 13:10:30 info: =================================
2022-12-08 13:12:26 info: =================================
2022-12-08 13:12:26 info: ======= ENV: development =======
2022-12-08 13:12:26 info: 🚀 App listening on the port 8080
2022-12-08 13:12:26 info: =================================
2022-12-08 13:13:13 info: =================================
2022-12-08 13:13:13 info: ======= ENV: development =======
2022-12-08 13:13:13 info: 🚀 App listening on the port 8080
2022-12-08 13:13:13 info: =================================
2022-12-08 13:14:50 info: =================================
2022-12-08 13:14:50 info: ======= ENV: development =======
2022-12-08 13:14:50 info: 🚀 App listening on the port 8080
2022-12-08 13:14:50 info: =================================
2022-12-08 13:17:46 info: =================================
2022-12-08 13:17:46 info: ======= ENV: development =======
2022-12-08 13:17:46 info: 🚀 App listening on the port 8080
2022-12-08 13:17:46 info: =================================
2022-12-08 13:19:54 info: =================================
2022-12-08 13:19:54 info: ======= ENV: development =======
2022-12-08 13:19:54 info: 🚀 App listening on the port 8080
2022-12-08 13:19:54 info: =================================
2022-12-08 13:22:11 info: =================================
2022-12-08 13:22:11 info: ======= ENV: development =======
2022-12-08 13:22:11 info: 🚀 App listening on the port 8080
2022-12-08 13:22:11 info: =================================
2022-12-08 13:24:49 info: =================================
2022-12-08 13:24:49 info: ======= ENV: development =======
2022-12-08 13:24:49 info: 🚀 App listening on the port 8080
2022-12-08 13:24:49 info: =================================
2022-12-08 13:26:05 info: =================================
2022-12-08 13:26:05 info: ======= ENV: development =======
2022-12-08 13:26:05 info: 🚀 App listening on the port 8080
2022-12-08 13:26:05 info: =================================
2022-12-08 13:26:51 info: =================================
2022-12-08 13:26:51 info: ======= ENV: development =======
2022-12-08 13:26:51 info: 🚀 App listening on the port 8080
2022-12-08 13:26:51 info: =================================
2022-12-08 13:27:23 info: =================================
2022-12-08 13:27:23 info: ======= ENV: development =======
2022-12-08 13:27:23 info: 🚀 App listening on the port 8080
2022-12-08 13:27:23 info: =================================
2022-12-08 13:28:10 info: =================================
2022-12-08 13:28:10 info: ======= ENV: development =======
2022-12-08 13:28:10 info: 🚀 App listening on the port 8080
2022-12-08 13:28:10 info: =================================
2022-12-08 13:29:45 info: =================================
2022-12-08 13:29:45 info: ======= ENV: development =======
2022-12-08 13:29:45 info: 🚀 App listening on the port 8080
2022-12-08 13:29:45 info: =================================
2022-12-08 13:31:50 info: =================================
2022-12-08 13:31:50 info: ======= ENV: development =======
2022-12-08 13:31:50 info: 🚀 App listening on the port 8080
2022-12-08 13:31:50 info: =================================
2022-12-08 13:32:21 info: =================================
2022-12-08 13:32:21 info: ======= ENV: development =======
2022-12-08 13:32:21 info: 🚀 App listening on the port 8080
2022-12-08 13:32:21 info: =================================
2022-12-08 13:45:21 info: =================================
2022-12-08 13:45:21 info: ======= ENV: development =======
2022-12-08 13:45:21 info: 🚀 App listening on the port 8080
2022-12-08 13:45:21 info: =================================
2022-12-08 13:46:01 info: =================================
2022-12-08 13:46:01 info: ======= ENV: development =======
2022-12-08 13:46:01 info: 🚀 App listening on the port 8080
2022-12-08 13:46:01 info: =================================
2022-12-08 13:46:13 info: [0mGET / [32m200[0m 14.108 ms - -[0m
2022-12-08 13:46:21 info: =================================
2022-12-08 13:46:21 info: ======= ENV: development =======
2022-12-08 13:46:21 info: 🚀 App listening on the port 8080
2022-12-08 13:46:21 info: =================================
2022-12-08 13:46:22 info: [0mGET / [32m200[0m 12.609 ms - -[0m
2022-12-08 13:47:02 info: =================================
2022-12-08 13:47:02 info: ======= ENV: development =======
2022-12-08 13:47:02 info: 🚀 App listening on the port 8080
2022-12-08 13:47:02 info: =================================
2022-12-08 13:47:07 info: =================================
2022-12-08 13:47:07 info: ======= ENV: development =======
2022-12-08 13:47:07 info: 🚀 App listening on the port 8080
2022-12-08 13:47:07 info: =================================
2022-12-08 13:47:21 info: =================================
2022-12-08 13:47:21 info: ======= ENV: development =======
2022-12-08 13:47:21 info: 🚀 App listening on the port 8080
2022-12-08 13:47:21 info: =================================
2022-12-08 13:50:32 info: =================================
2022-12-08 13:50:32 info: ======= ENV: development =======
2022-12-08 13:50:32 info: 🚀 App listening on the port 8080
2022-12-08 13:50:32 info: =================================
2022-12-08 13:53:34 info: =================================
2022-12-08 13:53:34 info: ======= ENV: development =======
2022-12-08 13:53:34 info: 🚀 App listening on the port 8080
2022-12-08 13:53:34 info: =================================
2022-12-08 13:57:20 info: =================================
2022-12-08 13:57:20 info: ======= ENV: development =======
2022-12-08 13:57:20 info: 🚀 App listening on the port 8080
2022-12-08 13:57:20 info: =================================
2022-12-08 13:58:58 info: =================================
2022-12-08 13:58:58 info: ======= ENV: development =======
2022-12-08 13:58:58 info: 🚀 App listening on the port 8080
2022-12-08 13:58:58 info: =================================
2022-12-08 13:59:44 info: =================================
2022-12-08 13:59:44 info: ======= ENV: development =======
2022-12-08 13:59:44 info: 🚀 App listening on the port 8080
2022-12-08 13:59:44 info: =================================
2022-12-08 13:59:50 info: =================================
2022-12-08 13:59:50 info: ======= ENV: development =======
2022-12-08 13:59:50 info: 🚀 App listening on the port 8080
2022-12-08 13:59:50 info: =================================
2022-12-08 14:02:07 info: =================================
2022-12-08 14:02:07 info: ======= ENV: development =======
2022-12-08 14:02:07 info: 🚀 App listening on the port 8080
2022-12-08 14:02:07 info: =================================
2022-12-08 14:02:43 info: =================================
2022-12-08 14:02:43 info: ======= ENV: development =======
2022-12-08 14:02:43 info: 🚀 App listening on the port 8080
2022-12-08 14:02:43 info: =================================
2022-12-08 14:05:07 info: =================================
2022-12-08 14:05:07 info: ======= ENV: development =======
2022-12-08 14:05:07 info: 🚀 App listening on the port 8080
2022-12-08 14:05:07 info: =================================
2022-12-08 14:06:20 info: =================================
2022-12-08 14:06:20 info: ======= ENV: development =======
2022-12-08 14:06:20 info: 🚀 App listening on the port 8080
2022-12-08 14:06:20 info: =================================
2022-12-08 14:10:01 info: =================================
2022-12-08 14:10:01 info: ======= ENV: development =======
2022-12-08 14:10:01 info: 🚀 App listening on the port 8080
2022-12-08 14:10:01 info: =================================
2022-12-08 14:10:08 info: =================================
2022-12-08 14:10:08 info: ======= ENV: development =======
2022-12-08 14:10:08 info: 🚀 App listening on the port 8080
2022-12-08 14:10:08 info: =================================
2022-12-08 14:10:31 info: =================================
2022-12-08 14:10:31 info: ======= ENV: development =======
2022-12-08 14:10:31 info: 🚀 App listening on the port 8080
2022-12-08 14:10:31 info: =================================
2022-12-08 14:12:08 info: =================================
2022-12-08 14:12:08 info: ======= ENV: development =======
2022-12-08 14:12:08 info: 🚀 App listening on the port 8080
2022-12-08 14:12:08 info: =================================
2022-12-08 14:14:05 info: =================================
2022-12-08 14:14:05 info: ======= ENV: development =======
2022-12-08 14:14:05 info: 🚀 App listening on the port 8080
2022-12-08 14:14:05 info: =================================
2022-12-08 14:16:01 info: =================================
2022-12-08 14:16:01 info: ======= ENV: development =======
2022-12-08 14:16:01 info: 🚀 App listening on the port 8080
2022-12-08 14:16:01 info: =================================
2022-12-08 14:19:14 error: [POST] /signup >> StatusCode:: 409, Message:: This phone 8029293923 already exists
2022-12-08 14:19:14 info: [0mPOST /signup [33m409[0m 179.154 ms - 50[0m
2022-12-08 14:20:07 info: =================================
2022-12-08 14:20:07 info: ======= ENV: development =======
2022-12-08 14:20:07 info: 🚀 App listening on the port 8080
2022-12-08 14:20:07 info: =================================
2022-12-08 14:20:44 info: =================================
2022-12-08 14:20:44 info: ======= ENV: development =======
2022-12-08 14:20:44 info: 🚀 App listening on the port 8080
2022-12-08 14:20:44 info: =================================
2022-12-08 14:21:55 info: =================================
2022-12-08 14:21:55 info: ======= ENV: development =======
2022-12-08 14:21:55 info: 🚀 App listening on the port 8080
2022-12-08 14:21:55 info: =================================
2022-12-08 14:21:59 error: [POST] /signup >> StatusCode:: 409, Message:: This phone 8029293343923 already exists
2022-12-08 14:21:59 info: [0mPOST /signup [33m409[0m 75.479 ms - 53[0m
2022-12-08 14:23:39 info: =================================
2022-12-08 14:23:39 info: ======= ENV: development =======
2022-12-08 14:23:39 info: 🚀 App listening on the port 8080
2022-12-08 14:23:39 info: =================================
2022-12-08 14:23:43 error: [POST] /signup >> StatusCode:: 409, Message:: This phone 8029293343923 already exists
2022-12-08 14:23:43 info: [0mPOST /signup [33m409[0m 42.566 ms - 53[0m
2022-12-08 14:24:02 info: =================================
2022-12-08 14:24:02 info: ======= ENV: development =======
2022-12-08 14:24:02 info: 🚀 App listening on the port 8080
2022-12-08 14:24:02 info: =================================
2022-12-08 14:24:02 info: [0mPOST /signup [32m201[0m 146.099 ms - 216[0m
2022-12-08 14:25:41 info: =================================
2022-12-08 14:25:41 info: ======= ENV: development =======
2022-12-08 14:25:41 info: 🚀 App listening on the port 8080
2022-12-08 14:25:41 info: =================================
2022-12-08 14:25:43 info: [0mPOST /signup [32m201[0m 112.434 ms - 216[0m
2022-12-08 14:26:14 info: =================================
2022-12-08 14:26:14 info: ======= ENV: development =======
2022-12-08 14:26:14 info: 🚀 App listening on the port 8080
2022-12-08 14:26:14 info: =================================
2022-12-08 14:26:44 info: =================================
2022-12-08 14:26:44 info: ======= ENV: development =======
2022-12-08 14:26:44 info: 🚀 App listening on the port 8080
2022-12-08 14:26:44 info: =================================
2022-12-08 14:26:49 info: [0mPOST /signup [32m201[0m 108.941 ms - 216[0m
2022-12-08 14:27:36 info: =================================
2022-12-08 14:27:36 info: ======= ENV: development =======
2022-12-08 14:27:36 info: 🚀 App listening on the port 8080
2022-12-08 14:27:36 info: =================================
2022-12-08 14:27:39 info: [0mGET / [32m200[0m 24.454 ms - 38[0m
2022-12-08 14:27:55 info: =================================
2022-12-08 14:27:55 info: ======= ENV: development =======
2022-12-08 14:27:55 info: 🚀 App listening on the port 8080
2022-12-08 14:27:55 info: =================================
2022-12-08 14:27:57 info: [0mGET / [32m200[0m 23.711 ms - 22[0m
2022-12-08 14:27:59 info: [0mGET / [32m200[0m 3.173 ms - 22[0m
2022-12-08 14:28:07 info: =================================
2022-12-08 14:28:07 info: ======= ENV: development =======
2022-12-08 14:28:07 info: 🚀 App listening on the port 8080
2022-12-08 14:28:07 info: =================================
2022-12-08 14:28:10 info: [0mGET / [32m200[0m 23.540 ms - 2[0m
2022-12-08 14:28:40 info: =================================
2022-12-08 14:28:40 info: ======= ENV: development =======
2022-12-08 14:28:40 info: 🚀 App listening on the port 8080
2022-12-08 14:28:40 info: =================================
2022-12-08 14:28:56 info: =================================
2022-12-08 14:28:56 info: ======= ENV: development =======
2022-12-08 14:28:56 info: 🚀 App listening on the port 8080
2022-12-08 14:28:56 info: =================================
2022-12-08 14:29:00 info: =================================
2022-12-08 14:29:00 info: ======= ENV: development =======
2022-12-08 14:29:00 info: 🚀 App listening on the port 8080
2022-12-08 14:29:00 info: =================================
2022-12-08 14:29:01 info: [0mGET / [32m200[0m 36.011 ms - -[0m
2022-12-08 14:29:13 info: =================================
2022-12-08 14:29:13 info: ======= ENV: development =======
2022-12-08 14:29:13 info: 🚀 App listening on the port 8080
2022-12-08 14:29:13 info: =================================
2022-12-08 14:29:18 info: =================================
2022-12-08 14:29:18 info: ======= ENV: development =======
2022-12-08 14:29:18 info: 🚀 App listening on the port 8080
2022-12-08 14:29:18 info: =================================
2022-12-08 14:29:24 info: [0mGET /signup [33m404[0m 19.406 ms - 145[0m
2022-12-08 14:29:31 error: [POST] /signup >> StatusCode:: 500, Message:: notNull Violation: user.roleId cannot be null
2022-12-08 14:29:31 info: [0mPOST /signup [31m500[0m 99.678 ms - 59[0m
2022-12-08 14:30:24 info: =================================
2022-12-08 14:30:24 info: ======= ENV: development =======
2022-12-08 14:30:24 info: 🚀 App listening on the port 8080
2022-12-08 14:30:24 info: =================================
2022-12-08 14:30:26 error: [POST] /signup >> StatusCode:: 500, Message:: notNull Violation: user.roleId cannot be null
2022-12-08 14:30:26 info: [0mPOST /signup [31m500[0m 128.877 ms - 59[0m
2022-12-08 14:30:34 info: =================================
2022-12-08 14:30:34 info: ======= ENV: development =======
2022-12-08 14:30:34 info: 🚀 App listening on the port 8080
2022-12-08 14:30:34 info: =================================
2022-12-08 14:30:43 info: =================================
2022-12-08 14:30:43 info: ======= ENV: development =======
2022-12-08 14:30:43 info: 🚀 App listening on the port 8080
2022-12-08 14:30:43 info: =================================
2022-12-08 14:30:45 error: [POST] /signup >> StatusCode:: 500, Message:: notNull Violation: user.roleId cannot be null
2022-12-08 14:30:45 info: [0mPOST /signup [31m500[0m 118.874 ms - 59[0m
2022-12-08 14:30:53 info: =================================
2022-12-08 14:30:53 info: ======= ENV: development =======
2022-12-08 14:30:53 info: 🚀 App listening on the port 8080
2022-12-08 14:30:53 info: =================================
2022-12-08 14:31:11 info: =================================
2022-12-08 14:31:11 info: ======= ENV: development =======
2022-12-08 14:31:11 info: 🚀 App listening on the port 8080
2022-12-08 14:31:11 info: =================================
2022-12-08 14:31:14 error: [POST] /signup >> StatusCode:: 500, Message:: Data too long for column 'phoneNumber' at row 1
2022-12-08 14:31:14 info: [0mPOST /signup [31m500[0m 168.539 ms - 61[0m
2022-12-08 14:31:23 error: [POST] /signup >> StatusCode:: 500, Message:: Data too long for column 'password' at row 1
2022-12-08 14:31:23 info: [0mPOST /signup [31m500[0m 79.750 ms - 58[0m
2022-12-08 14:31:56 error: [POST] /signup >> StatusCode:: 500, Message:: Check constraint 'chk_PhoneNumberTemplate' is violated.
2022-12-08 14:31:56 info: [0mPOST /signup [31m500[0m 86.430 ms - 69[0m
2022-12-08 14:32:31 error: [POST] /signup >> StatusCode:: 409, Message:: This phone (029)2699665 already exists
2022-12-08 14:32:31 info: [0mPOST /signup [33m409[0m 11.813 ms - 52[0m
2022-12-08 14:32:36 info: [0mPOST /signup [32m201[0m 81.002 ms - 215[0m
2022-12-08 14:33:59 info: =================================
2022-12-08 14:33:59 info: ======= ENV: development =======
2022-12-08 14:33:59 info: 🚀 App listening on the port 8080
2022-12-08 14:33:59 info: =================================
2022-12-08 14:35:41 error: [GET] / >> StatusCode:: 500, Message:: Class constructor model cannot be invoked without 'new'
2022-12-08 14:35:41 info: [0mGET / [31m500[0m 27.396 ms - 69[0m
2022-12-08 14:41:55 info: =================================
2022-12-08 14:41:55 info: ======= ENV: development =======
2022-12-08 14:41:55 info: 🚀 App listening on the port 8080
2022-12-08 14:41:55 info: =================================
2022-12-08 14:52:33 info: =================================
2022-12-08 14:52:33 info: ======= ENV: development =======
2022-12-08 14:52:33 info: 🚀 App listening on the port 8080
2022-12-08 14:52:33 info: =================================
2022-12-08 14:53:11 info: =================================
2022-12-08 14:53:11 info: ======= ENV: development =======
2022-12-08 14:53:11 info: 🚀 App listening on the port 8080
2022-12-08 14:53:11 info: =================================
2022-12-08 14:54:00 info: =================================
2022-12-08 14:54:00 info: ======= ENV: development =======
2022-12-08 14:54:00 info: 🚀 App listening on the port 8080
2022-12-08 14:54:00 info: =================================
2022-12-08 14:54:14 info: =================================
2022-12-08 14:54:14 info: ======= ENV: development =======
2022-12-08 14:54:14 info: 🚀 App listening on the port 8080
2022-12-08 14:54:14 info: =================================
2022-12-08 14:55:05 info: =================================
2022-12-08 14:55:05 info: ======= ENV: development =======
2022-12-08 14:55:05 info: 🚀 App listening on the port 8080
2022-12-08 14:55:05 info: =================================
2022-12-08 14:55:31 info: =================================
2022-12-08 14:55:31 info: ======= ENV: development =======
2022-12-08 14:55:31 info: 🚀 App listening on the port 8080
2022-12-08 14:55:31 info: =================================
2022-12-08 14:56:47 info: =================================
2022-12-08 14:56:47 info: ======= ENV: development =======
2022-12-08 14:56:47 info: 🚀 App listening on the port 8080
2022-12-08 14:56:47 info: =================================
2022-12-08 14:56:58 info: =================================
2022-12-08 14:56:58 info: ======= ENV: development =======
2022-12-08 14:56:58 info: 🚀 App listening on the port 8080
2022-12-08 14:56:58 info: =================================
2022-12-08 14:57:26 info: =================================
2022-12-08 14:57:26 info: ======= ENV: development =======
2022-12-08 14:57:26 info: 🚀 App listening on the port 8080
2022-12-08 14:57:26 info: =================================
2022-12-08 14:58:13 info: =================================
2022-12-08 14:58:13 info: ======= ENV: development =======
2022-12-08 14:58:13 info: 🚀 App listening on the port 8080
2022-12-08 14:58:13 info: =================================
2022-12-08 14:58:13 info: [0mGET / [32m200[0m 21.817 ms - 6[0m
2022-12-08 14:58:31 info: [0mGET / [32m200[0m 2.632 ms - 6[0m
2022-12-08 14:59:00 info: =================================
2022-12-08 14:59:00 info: ======= ENV: development =======
2022-12-08 14:59:00 info: 🚀 App listening on the port 8080
2022-12-08 14:59:00 info: =================================
2022-12-08 14:59:03 info: [0mGET / [32m200[0m 17.898 ms - 6[0m
2022-12-08 14:59:28 info: =================================
2022-12-08 14:59:28 info: ======= ENV: development =======
2022-12-08 14:59:28 info: 🚀 App listening on the port 8080
2022-12-08 14:59:28 info: =================================
2022-12-08 15:00:02 info: =================================
2022-12-08 15:00:02 info: ======= ENV: development =======
2022-12-08 15:00:02 info: 🚀 App listening on the port 8080
2022-12-08 15:00:02 info: =================================
2022-12-08 15:00:29 info: =================================
2022-12-08 15:00:29 info: ======= ENV: development =======
2022-12-08 15:00:29 info: 🚀 App listening on the port 8080
2022-12-08 15:00:29 info: =================================
2022-12-08 15:00:29 info: [0mGET / [32m200[0m 22.248 ms - 6[0m
2022-12-08 15:00:32 info: [0mGET / [32m200[0m 1.927 ms - 6[0m
2022-12-08 15:01:22 info: =================================
2022-12-08 15:01:22 info: ======= ENV: development =======
2022-12-08 15:01:22 info: 🚀 App listening on the port 8080
2022-12-08 15:01:22 info: =================================
2022-12-08 15:01:23 info: [0mGET / [32m200[0m 23.917 ms - 6[0m
2022-12-08 15:01:25 info: [0mGET / [32m200[0m 2.051 ms - 6[0m
2022-12-08 15:03:29 info: =================================
2022-12-08 15:03:29 info: ======= ENV: development =======
2022-12-08 15:03:29 info: 🚀 App listening on the port 8080
2022-12-08 15:03:29 info: =================================
2022-12-08 15:03:39 info: =================================
2022-12-08 15:03:39 info: ======= ENV: development =======
2022-12-08 15:03:39 info: 🚀 App listening on the port 8080
2022-12-08 15:03:39 info: =================================
2022-12-08 15:03:42 error: [GET] / >> StatusCode:: 231, Message:: 32123
2022-12-08 15:03:42 info: [0mGET / [32m231[0m 39.668 ms - 19[0m
2022-12-08 15:05:35 info: =================================
2022-12-08 15:05:35 info: ======= ENV: development =======
2022-12-08 15:05:35 info: 🚀 App listening on the port 8080
2022-12-08 15:05:35 info: =================================
2022-12-08 15:06:41 info: =================================
2022-12-08 15:06:41 info: ======= ENV: development =======
2022-12-08 15:06:41 info: 🚀 App listening on the port 8080
2022-12-08 15:06:41 info: =================================
2022-12-08 15:06:44 error: [GET] / >> StatusCode:: 231, Message:: 32123
2022-12-08 15:06:44 info: [0mGET / [32m231[0m 36.674 ms - 19[0m
2022-12-08 15:08:01 info: =================================
2022-12-08 15:08:01 info: ======= ENV: development =======
2022-12-08 15:08:01 info: 🚀 App listening on the port 8080
2022-12-08 15:08:01 info: =================================
2022-12-08 15:08:02 error: [GET] / >> StatusCode:: 401, Message:: No access permissions
2022-12-08 15:08:02 info: [0mGET / [33m401[0m 50.599 ms - 35[0m
2022-12-08 15:08:26 info: =================================
2022-12-08 15:08:26 info: ======= ENV: development =======
2022-12-08 15:08:26 info: 🚀 App listening on the port 8080
2022-12-08 15:08:26 info: =================================
2022-12-08 15:08:27 error: [GET] / >> StatusCode:: 401, Message:: No access permissions
2022-12-08 15:08:27 info: [0mGET / [33m401[0m 46.743 ms - 35[0m
2022-12-08 15:08:31 error: [GET] / >> StatusCode:: 401, Message:: No access permissions
2022-12-08 15:08:31 info: [0mGET / [33m401[0m 3.168 ms - 35[0m
2022-12-08 15:08:38 info: =================================
2022-12-08 15:08:38 info: ======= ENV: development =======
2022-12-08 15:08:38 info: 🚀 App listening on the port 8080
2022-12-08 15:08:38 info: =================================
2022-12-08 15:08:47 info: =================================
2022-12-08 15:08:47 info: ======= ENV: development =======
2022-12-08 15:08:47 info: 🚀 App listening on the port 8080
2022-12-08 15:08:47 info: =================================
2022-12-08 15:08:49 error: [GET] / >> StatusCode:: 401, Message:: No access permissions
2022-12-08 15:08:49 info: [0mGET / [33m401[0m 53.112 ms - 35[0m
2022-12-08 15:09:18 info: =================================
2022-12-08 15:09:18 info: ======= ENV: development =======
2022-12-08 15:09:18 info: 🚀 App listening on the port 8080
2022-12-08 15:09:18 info: =================================
2022-12-08 15:09:20 error: [GET] / >> StatusCode:: 401, Message:: No access permissions
2022-12-08 15:09:20 info: [0mGET / [33m401[0m 37.026 ms - 35[0m
2022-12-08 15:10:15 info: =================================
2022-12-08 15:10:15 info: ======= ENV: development =======
2022-12-08 15:10:15 info: 🚀 App listening on the port 8080
2022-12-08 15:10:15 info: =================================
2022-12-08 15:10:17 error: [GET] / >> StatusCode:: 409, Message:: Permissions not found
2022-12-08 15:10:17 info: [0mGET / [33m409[0m 43.914 ms - 35[0m
2022-12-08 15:10:24 error: [GET] / >> StatusCode:: 401, Message:: No access permissions
2022-12-08 15:10:24 info: [0mGET / [33m401[0m 6.605 ms - 35[0m
2022-12-08 15:10:49 info: =================================
2022-12-08 15:10:49 info: ======= ENV: development =======
2022-12-08 15:10:49 info: 🚀 App listening on the port 8080
2022-12-08 15:10:49 info: =================================
2022-12-08 15:10:51 error: [GET] / >> StatusCode:: 401, Message:: No access permissions
2022-12-08 15:10:51 info: [0mGET / [33m401[0m 32.383 ms - 35[0m
2022-12-08 15:11:12 info: =================================
2022-12-08 15:11:12 info: ======= ENV: development =======
2022-12-08 15:11:12 info: 🚀 App listening on the port 8080
2022-12-08 15:11:12 info: =================================
2022-12-08 15:12:08 info: [0mGET / [32m200[0m 30.090 ms - 6[0m
2022-12-08 15:16:00 info: =================================
2022-12-08 15:16:00 info: ======= ENV: development =======
2022-12-08 15:16:00 info: 🚀 App listening on the port 8080
2022-12-08 15:16:00 info: =================================
2022-12-08 15:21:51 info: =================================
2022-12-08 15:21:51 info: ======= ENV: development =======
2022-12-08 15:21:51 info: 🚀 App listening on the port 8080
2022-12-08 15:21:51 info: =================================
2022-12-08 16:16:18 info: =================================
2022-12-08 16:16:18 info: ======= ENV: development =======
2022-12-08 16:16:18 info: 🚀 App listening on the port 8080
2022-12-08 16:16:18 info: =================================
2022-12-08 16:20:51 info: =================================
2022-12-08 16:20:51 info: ======= ENV: development =======
2022-12-08 16:20:51 info: 🚀 App listening on the port 8080
2022-12-08 16:20:51 info: =================================
2022-12-08 16:21:32 info: =================================
2022-12-08 16:21:32 info: ======= ENV: development =======
2022-12-08 16:21:32 info: 🚀 App listening on the port 8080
2022-12-08 16:21:32 info: =================================
2022-12-08 16:21:41 info: =================================
2022-12-08 16:21:41 info: ======= ENV: development =======
2022-12-08 16:21:41 info: 🚀 App listening on the port 8080
2022-12-08 16:21:41 info: =================================
2022-12-08 16:21:52 info: =================================
2022-12-08 16:21:52 info: ======= ENV: development =======
2022-12-08 16:21:52 info: 🚀 App listening on the port 8080
2022-12-08 16:21:52 info: =================================
2022-12-08 16:21:59 info: =================================
2022-12-08 16:21:59 info: ======= ENV: development =======
2022-12-08 16:21:59 info: 🚀 App listening on the port 8080
2022-12-08 16:21:59 info: =================================
2022-12-08 16:22:09 info: =================================
2022-12-08 16:22:09 info: ======= ENV: development =======
2022-12-08 16:22:09 info: 🚀 App listening on the port 8080
2022-12-08 16:22:09 info: =================================
2022-12-08 16:22:38 info: =================================
2022-12-08 16:22:38 info: ======= ENV: development =======
2022-12-08 16:22:38 info: 🚀 App listening on the port 8080
2022-12-08 16:22:38 info: =================================
2022-12-08 16:24:47 info: =================================
2022-12-08 16:24:47 info: ======= ENV: development =======
2022-12-08 16:24:47 info: 🚀 App listening on the port 8080
2022-12-08 16:24:47 info: =================================
2022-12-08 16:41:41 info: =================================
2022-12-08 16:41:41 info: ======= ENV: development =======
2022-12-08 16:41:41 info: 🚀 App listening on the port 8080
2022-12-08 16:41:41 info: =================================
2022-12-08 16:42:31 info: =================================
2022-12-08 16:42:31 info: ======= ENV: development =======
2022-12-08 16:42:31 info: 🚀 App listening on the port 8080
2022-12-08 16:42:31 info: =================================
2022-12-08 16:43:06 error: [POST] /login >> StatusCode:: 400, Message:: name should not be empty, surname should not be empty, middleName should not be empty
2022-12-08 16:43:06 info: [0mPOST /login [33m400[0m 118.203 ms - 99[0m
2022-12-08 16:43:47 info: =================================
2022-12-08 16:43:47 info: ======= ENV: development =======
2022-12-08 16:43:47 info: 🚀 App listening on the port 8080
2022-12-08 16:43:47 info: =================================
2022-12-08 16:43:49 error: [POST] /login >> StatusCode:: 500, Message:: this.users.find is not a function
2022-12-08 16:43:49 info: [0mPOST /login [31m500[0m 25.728 ms - 47[0m
2022-12-08 16:43:59 info: =================================
2022-12-08 16:43:59 info: ======= ENV: development =======
2022-12-08 16:43:59 info: 🚀 App listening on the port 8080
2022-12-08 16:44:00 info: =================================
2022-12-08 16:44:01 error: [POST] /login >> StatusCode:: 500, Message:: data and hash arguments required
2022-12-08 16:44:01 info: [0mPOST /login [31m500[0m 33.677 ms - 46[0m
2022-12-08 16:44:48 info: =================================
2022-12-08 16:44:48 info: ======= ENV: development =======
2022-12-08 16:44:48 info: 🚀 App listening on the port 8080
2022-12-08 16:44:48 info: =================================
2022-12-08 16:44:52 error: [POST] /login >> StatusCode:: 500, Message:: data and hash arguments required
2022-12-08 16:44:52 info: [0mPOST /login [31m500[0m 34.018 ms - 46[0m
2022-12-08 16:45:21 error: [POST] /login >> StatusCode:: 500, Message:: data and hash arguments required
2022-12-08 16:45:21 info: [0mPOST /login [31m500[0m 4.532 ms - 46[0m
2022-12-08 16:47:11 info: =================================
2022-12-08 16:47:11 info: ======= ENV: development =======
2022-12-08 16:47:11 info: 🚀 App listening on the port 8080
2022-12-08 16:47:11 info: =================================
2022-12-08 16:47:13 error: [POST] /login >> StatusCode:: 500, Message:: data and hash arguments required
2022-12-08 16:47:13 info: [0mPOST /login [31m500[0m 33.334 ms - 46[0m
2022-12-08 16:47:29 info: =================================
2022-12-08 16:47:29 info: ======= ENV: development =======
2022-12-08 16:47:29 info: 🚀 App listening on the port 8080
2022-12-08 16:47:29 info: =================================
2022-12-08 16:47:32 info: [0mPOST /login [32m200[0m 106.241 ms - 699[0m
2022-12-08 16:49:49 info: =================================
2022-12-08 16:49:49 info: ======= ENV: development =======
2022-12-08 16:49:49 info: 🚀 App listening on the port 8080
2022-12-08 16:49:49 info: =================================
2022-12-08 16:54:04 info: =================================
2022-12-08 16:54:04 info: ======= ENV: development =======
2022-12-08 16:54:04 info: 🚀 App listening on the port 8080
2022-12-08 16:54:04 info: =================================
2022-12-08 16:58:05 info: =================================
2022-12-08 16:58:05 info: ======= ENV: development =======
2022-12-08 16:58:05 info: 🚀 App listening on the port 8080
2022-12-08 16:58:05 info: =================================
2022-12-08 16:58:18 info: =================================
2022-12-08 16:58:18 info: ======= ENV: development =======
2022-12-08 16:58:18 info: 🚀 App listening on the port 8080
2022-12-08 16:58:18 info: =================================
2022-12-08 16:58:28 info: [0mPOST /login [32m200[0m 127.784 ms - 140[0m
