2022-12-24 19:01:59 info: =================================
2022-12-24 19:01:59 info: ======= ENV: development =======
2022-12-24 19:01:59 info: 🚀 App listening on the port 8080
2022-12-24 19:01:59 info: =================================
2022-12-24 19:02:11 info: [0mGET / [32m200[0m 7.930 ms - 2[0m
2022-12-24 19:02:12 info: [0mGET /favicon.ico [33m404[0m 2.673 ms - 150[0m
2022-12-24 19:02:43 info: =================================
2022-12-24 19:02:43 info: ======= ENV: development =======
2022-12-24 19:02:43 info: 🚀 App listening on the port 8080
2022-12-24 19:02:43 info: =================================
2022-12-24 19:03:02 info: =================================
2022-12-24 19:03:02 info: ======= ENV: development =======
2022-12-24 19:03:02 info: 🚀 App listening on the port 8080
2022-12-24 19:03:02 info: =================================
2022-12-24 19:03:53 info: =================================
2022-12-24 19:03:53 info: ======= ENV: development =======
2022-12-24 19:03:53 info: 🚀 App listening on the port 8080
2022-12-24 19:03:53 info: =================================
2022-12-24 19:04:13 info: =================================
2022-12-24 19:04:13 info: ======= ENV: development =======
2022-12-24 19:04:13 info: 🚀 App listening on the port 8080
2022-12-24 19:04:13 info: =================================
2022-12-24 19:04:26 info: =================================
2022-12-24 19:04:26 info: ======= ENV: development =======
2022-12-24 19:04:26 info: 🚀 App listening on the port 8080
2022-12-24 19:04:26 info: =================================
2022-12-24 19:04:52 info: =================================
2022-12-24 19:04:52 info: ======= ENV: development =======
2022-12-24 19:04:52 info: 🚀 App listening on the port 8080
2022-12-24 19:04:52 info: =================================
2022-12-24 19:05:04 info: =================================
2022-12-24 19:05:05 info: ======= ENV: development =======
2022-12-24 19:05:05 info: 🚀 App listening on the port 8080
2022-12-24 19:05:05 info: =================================
2022-12-24 19:05:12 info: =================================
2022-12-24 19:05:12 info: ======= ENV: development =======
2022-12-24 19:05:12 info: 🚀 App listening on the port 8080
2022-12-24 19:05:12 info: =================================
2022-12-24 19:05:19 info: =================================
2022-12-24 19:05:19 info: ======= ENV: development =======
2022-12-24 19:05:19 info: 🚀 App listening on the port 8080
2022-12-24 19:05:19 info: =================================
2022-12-24 19:05:31 info: =================================
2022-12-24 19:05:31 info: ======= ENV: development =======
2022-12-24 19:05:31 info: 🚀 App listening on the port 8080
2022-12-24 19:05:31 info: =================================
2022-12-24 19:05:54 info: =================================
2022-12-24 19:05:54 info: ======= ENV: development =======
2022-12-24 19:05:54 info: 🚀 App listening on the port 8080
2022-12-24 19:05:54 info: =================================
2022-12-24 19:06:03 info: =================================
2022-12-24 19:06:03 info: ======= ENV: development =======
2022-12-24 19:06:03 info: 🚀 App listening on the port 8080
2022-12-24 19:06:03 info: =================================
2022-12-24 19:12:19 info: =================================
2022-12-24 19:12:19 info: ======= ENV: development =======
2022-12-24 19:12:19 info: 🚀 App listening on the port 8080
2022-12-24 19:12:19 info: =================================
2022-12-24 19:12:27 info: [0mGET / [33m404[0m 5.986 ms - 139[0m
2022-12-24 19:12:36 info: [0mGET /images [33m404[0m 1.747 ms - 145[0m
2022-12-24 19:13:01 info: =================================
2022-12-24 19:13:01 info: ======= ENV: development =======
2022-12-24 19:13:01 info: 🚀 App listening on the port 8080
2022-12-24 19:13:01 info: =================================
2022-12-24 19:13:01 error: [GET] /images >> StatusCode:: 500, Message:: Something went wrong
2022-12-24 19:13:01 info: [0mGET /images [31m500[0m 69.930 ms - 34[0m
2022-12-24 19:13:09 error: [GET] /images >> StatusCode:: 500, Message:: Something went wrong
2022-12-24 19:13:09 info: [0mGET /images [31m500[0m 2.450 ms - 34[0m
2022-12-24 19:14:02 info: =================================
2022-12-24 19:14:02 info: ======= ENV: development =======
2022-12-24 19:14:02 info: 🚀 App listening on the port 8080
2022-12-24 19:14:02 info: =================================
2022-12-24 19:14:02 info: [0mGET /images [32m200[0m 7.883 ms - 2[0m
2022-12-24 19:15:33 info: =================================
2022-12-24 19:15:33 info: ======= ENV: development =======
2022-12-24 19:15:33 info: 🚀 App listening on the port 8080
2022-12-24 19:15:33 info: =================================
2022-12-24 19:15:36 error: [GET] /images >> StatusCode:: 500, Message:: Something went wrong
2022-12-24 19:15:36 info: [0mGET /images [31m500[0m 30.838 ms - -[0m
2022-12-24 19:16:40 info: =================================
2022-12-24 19:16:40 info: ======= ENV: development =======
2022-12-24 19:16:40 info: 🚀 App listening on the port 8080
2022-12-24 19:16:40 info: =================================
2022-12-24 19:16:40 error: [GET] /images >> StatusCode:: 500, Message:: path must be absolute or specify root to res.sendFile
2022-12-24 19:16:40 info: [0mGET /images [31m500[0m 8.193 ms - 67[0m
2022-12-24 19:16:42 error: [GET] /images >> StatusCode:: 500, Message:: path must be absolute or specify root to res.sendFile
2022-12-24 19:16:42 info: [0mGET /images [31m500[0m 2.345 ms - 67[0m
2022-12-24 19:16:56 info: =================================
2022-12-24 19:16:56 info: ======= ENV: development =======
2022-12-24 19:16:56 info: 🚀 App listening on the port 8080
2022-12-24 19:16:56 info: =================================
2022-12-24 19:16:56 error: [GET] /images >> StatusCode:: 500, Message:: path must be absolute or specify root to res.sendFile
2022-12-24 19:16:56 info: [0mGET /images [31m500[0m 7.389 ms - 67[0m
2022-12-24 19:17:03 info: =================================
2022-12-24 19:17:03 info: ======= ENV: development =======
2022-12-24 19:17:03 info: 🚀 App listening on the port 8080
2022-12-24 19:17:03 info: =================================
2022-12-24 19:17:03 error: [GET] /images >> StatusCode:: 500, Message:: path must be absolute or specify root to res.sendFile
2022-12-24 19:17:03 info: [0mGET /images [31m500[0m 7.354 ms - 67[0m
2022-12-24 19:17:58 info: =================================
2022-12-24 19:17:58 info: ======= ENV: development =======
2022-12-24 19:17:58 info: 🚀 App listening on the port 8080
2022-12-24 19:17:58 info: =================================
2022-12-24 19:17:58 error: [GET] /images >> StatusCode:: 500, Message:: Something went wrong
2022-12-24 19:17:58 info: [0mGET /images [31m500[0m 23.725 ms - 34[0m
2022-12-24 19:18:13 info: =================================
2022-12-24 19:18:13 info: ======= ENV: development =======
2022-12-24 19:18:13 info: 🚀 App listening on the port 8080
2022-12-24 19:18:13 info: =================================
2022-12-24 19:18:13 error: [GET] /images >> StatusCode:: 500, Message:: path must be absolute or specify root to res.sendFile
2022-12-24 19:18:13 info: [0mGET /images [31m500[0m 8.100 ms - 67[0m
2022-12-24 19:18:15 error: [GET] /images >> StatusCode:: 500, Message:: path must be absolute or specify root to res.sendFile
2022-12-24 19:18:15 info: [0mGET /images [31m500[0m 2.596 ms - 67[0m
2022-12-24 19:19:07 info: =================================
2022-12-24 19:19:07 info: ======= ENV: development =======
2022-12-24 19:19:07 info: 🚀 App listening on the port 8080
2022-12-24 19:19:07 info: =================================
2022-12-24 19:19:08 error: [GET] /images >> StatusCode:: 500, Message:: Something went wrong
2022-12-24 19:19:08 info: [0mGET /images [31m500[0m 23.948 ms - 34[0m
2022-12-24 19:19:39 info: =================================
2022-12-24 19:19:39 info: ======= ENV: development =======
2022-12-24 19:19:39 info: 🚀 App listening on the port 8080
2022-12-24 19:19:39 info: =================================
2022-12-24 19:19:39 info: [0mGET /images [32m200[0m 8.173 ms - 60[0m
2022-12-24 19:19:43 info: [0mGET /images [36m304[0m 1.734 ms - -[0m
2022-12-24 19:19:58 info: =================================
2022-12-24 19:19:58 info: ======= ENV: development =======
2022-12-24 19:19:58 info: 🚀 App listening on the port 8080
2022-12-24 19:19:58 info: =================================
2022-12-24 19:19:59 info: [0mGET /images [36m304[0m 6.919 ms - -[0m
2022-12-24 19:20:00 info: [0mGET /images [36m304[0m 1.588 ms - -[0m
2022-12-24 19:20:02 info: [0mGET /images [36m304[0m 0.886 ms - -[0m
2022-12-24 19:20:28 info: =================================
2022-12-24 19:20:28 info: ======= ENV: development =======
2022-12-24 19:20:28 info: 🚀 App listening on the port 8080
2022-12-24 19:20:28 info: =================================
2022-12-24 19:20:32 info: [0mGET /images [36m304[0m 6.216 ms - -[0m
2022-12-24 19:20:50 info: =================================
2022-12-24 19:20:50 info: ======= ENV: development =======
2022-12-24 19:20:50 info: 🚀 App listening on the port 8080
2022-12-24 19:20:50 info: =================================
2022-12-24 19:20:58 info: =================================
2022-12-24 19:20:58 info: ======= ENV: development =======
2022-12-24 19:20:58 info: 🚀 App listening on the port 8080
2022-12-24 19:20:58 info: =================================
2022-12-24 19:21:32 info: =================================
2022-12-24 19:21:32 info: ======= ENV: development =======
2022-12-24 19:21:32 info: 🚀 App listening on the port 8080
2022-12-24 19:21:32 info: =================================
2022-12-24 19:21:32 error: [GET] /images >> StatusCode:: 500, Message:: Something went wrong
2022-12-24 19:21:32 info: [0mGET /images [31m500[0m 24.269 ms - 34[0m
2022-12-24 19:28:33 error: [GET] /images >> StatusCode:: 500, Message:: Something went wrong
2022-12-24 19:28:33 info: [0mGET /images [31m500[0m 3.633 ms - 34[0m
2022-12-24 19:28:50 info: =================================
2022-12-24 19:28:50 info: ======= ENV: development =======
2022-12-24 19:28:50 info: 🚀 App listening on the port 8080
2022-12-24 19:28:50 info: =================================
2022-12-24 19:29:36 error: [GET] /images >> StatusCode:: 500, Message:: Something went wrong
2022-12-24 19:29:36 info: [0mGET /images [31m500[0m 26.787 ms - 34[0m
2022-12-24 19:30:34 info: =================================
2022-12-24 19:30:34 info: ======= ENV: development =======
2022-12-24 19:30:34 info: 🚀 App listening on the port 8080
2022-12-24 19:30:34 info: =================================
2022-12-24 19:30:35 info: [0mGET /images [32m200[0m 5.668 ms - 60[0m
2022-12-24 19:30:46 info: =================================
2022-12-24 19:30:46 info: ======= ENV: development =======
2022-12-24 19:30:46 info: 🚀 App listening on the port 8080
2022-12-24 19:30:46 info: =================================
2022-12-24 19:31:00 info: [0mGET /images [32m200[0m 6.621 ms - 60[0m
2022-12-24 19:31:55 info: =================================
2022-12-24 19:31:55 info: ======= ENV: development =======
2022-12-24 19:31:55 info: 🚀 App listening on the port 8080
2022-12-24 19:31:55 info: =================================
2022-12-24 19:32:04 info: [0mGET /images [32m200[0m 5.732 ms - 44[0m
2022-12-24 19:32:54 info: =================================
2022-12-24 19:32:54 info: ======= ENV: development =======
2022-12-24 19:32:54 info: 🚀 App listening on the port 8080
2022-12-24 19:32:54 info: =================================
2022-12-24 19:33:01 error: [GET] /images >> StatusCode:: 500, Message:: Something went wrong
2022-12-24 19:33:01 info: [0mGET /images [31m500[0m 26.052 ms - 34[0m
2022-12-24 19:34:38 info: =================================
2022-12-24 19:34:38 info: ======= ENV: development =======
2022-12-24 19:34:38 info: 🚀 App listening on the port 8080
2022-12-24 19:34:38 info: =================================
2022-12-24 19:34:40 error: [GET] /images >> StatusCode:: 500, Message:: Something went wrong
2022-12-24 19:34:40 info: [0mGET /images [31m500[0m 25.651 ms - 34[0m
2022-12-24 19:34:49 error: [GET] /images >> StatusCode:: 500, Message:: Something went wrong
2022-12-24 19:34:49 info: [0mGET /images [31m500[0m 3.487 ms - 34[0m
2022-12-24 19:37:55 info: =================================
2022-12-24 19:37:55 info: ======= ENV: development =======
2022-12-24 19:37:55 info: 🚀 App listening on the port 8080
2022-12-24 19:37:55 info: =================================
2022-12-24 19:38:01 error: [GET] /images >> StatusCode:: 500, Message:: Something went wrong
2022-12-24 19:38:01 info: [0mGET /images [31m500[0m 61.363 ms - 34[0m
2022-12-24 19:42:27 info: =================================
2022-12-24 19:42:27 info: ======= ENV: development =======
2022-12-24 19:42:27 info: 🚀 App listening on the port 8080
2022-12-24 19:42:27 info: =================================
2022-12-24 19:42:35 error: [GET] /images >> StatusCode:: 500, Message:: Something went wrong
2022-12-24 19:42:35 info: [0mGET /images [31m500[0m 25.509 ms - 34[0m
2022-12-24 19:43:05 info: =================================
2022-12-24 19:43:05 info: ======= ENV: development =======
2022-12-24 19:43:05 info: 🚀 App listening on the port 8080
2022-12-24 19:43:05 info: =================================
2022-12-24 19:43:10 info: [0mGET /images [33m404[0m 24.441 ms - 145[0m
2022-12-24 19:44:11 info: =================================
2022-12-24 19:44:11 info: ======= ENV: development =======
2022-12-24 19:44:11 info: 🚀 App listening on the port 8080
2022-12-24 19:44:11 info: =================================
2022-12-24 19:44:39 info: [0mGET /images [32m200[0m 6.082 ms - 68[0m
2022-12-24 19:44:54 info: =================================
2022-12-24 19:44:54 info: ======= ENV: development =======
2022-12-24 19:44:54 info: 🚀 App listening on the port 8080
2022-12-24 19:44:54 info: =================================
2022-12-24 19:44:59 info: =================================
2022-12-24 19:44:59 info: ======= ENV: development =======
2022-12-24 19:44:59 info: 🚀 App listening on the port 8080
2022-12-24 19:44:59 info: =================================
2022-12-24 19:45:09 error: [GET] /images >> StatusCode:: 500, Message:: Something went wrong
2022-12-24 19:45:09 info: [0mGET /images [31m500[0m 24.276 ms - 34[0m
2022-12-24 19:45:22 info: =================================
2022-12-24 19:45:22 info: ======= ENV: development =======
2022-12-24 19:45:22 info: 🚀 App listening on the port 8080
2022-12-24 19:45:22 info: =================================
2022-12-24 19:45:30 info: [0mGET /images [32m200[0m 6.287 ms - 68[0m
2022-12-24 19:47:21 info: =================================
2022-12-24 19:47:21 info: ======= ENV: development =======
2022-12-24 19:47:21 info: 🚀 App listening on the port 8080
2022-12-24 19:47:21 info: =================================
2022-12-24 19:47:33 error: [GET] /images >> StatusCode:: 500, Message:: Something went wrong
2022-12-24 19:47:33 info: [0mGET /images [31m500[0m 30.347 ms - 34[0m
2022-12-24 19:47:58 info: =================================
2022-12-24 19:47:58 info: ======= ENV: development =======
2022-12-24 19:47:58 info: 🚀 App listening on the port 8080
2022-12-24 19:47:58 info: =================================
2022-12-24 19:49:04 info: =================================
2022-12-24 19:49:04 info: ======= ENV: development =======
2022-12-24 19:49:04 info: 🚀 App listening on the port 8080
2022-12-24 19:49:04 info: =================================
2022-12-24 19:49:08 error: [GET] /images >> StatusCode:: 500, Message:: Something went wrong
2022-12-24 19:49:08 info: [0mGET /images [31m500[0m 28.498 ms - 34[0m
2022-12-24 19:49:46 info: =================================
2022-12-24 19:49:46 info: ======= ENV: development =======
2022-12-24 19:49:46 info: 🚀 App listening on the port 8080
2022-12-24 19:49:46 info: =================================
2022-12-24 19:49:55 info: =================================
2022-12-24 19:49:55 info: ======= ENV: development =======
2022-12-24 19:49:55 info: 🚀 App listening on the port 8080
2022-12-24 19:49:55 info: =================================
2022-12-24 19:49:57 error: [GET] /images >> StatusCode:: 500, Message:: Something went wrong
2022-12-24 19:49:57 info: [0mGET /images [31m500[0m 26.476 ms - 34[0m
2022-12-24 19:50:11 info: =================================
2022-12-24 19:50:11 info: ======= ENV: development =======
2022-12-24 19:50:11 info: 🚀 App listening on the port 8080
2022-12-24 19:50:11 info: =================================
2022-12-24 19:50:16 info: [0mGET /images [33m404[0m 25.406 ms - 145[0m
2022-12-24 19:51:39 info: =================================
2022-12-24 19:51:39 info: ======= ENV: development =======
2022-12-24 19:51:39 info: 🚀 App listening on the port 8080
2022-12-24 19:51:39 info: =================================
2022-12-24 19:52:17 info: =================================
2022-12-24 19:52:17 info: ======= ENV: development =======
2022-12-24 19:52:17 info: 🚀 App listening on the port 8080
2022-12-24 19:52:17 info: =================================
2022-12-24 19:52:20 info: [0mGET /images [32m200[0m 7.306 ms - 68[0m
2022-12-24 19:53:09 info: =================================
2022-12-24 19:53:09 info: ======= ENV: development =======
2022-12-24 19:53:09 info: 🚀 App listening on the port 8080
2022-12-24 19:53:09 info: =================================
2022-12-24 19:53:21 info: [0mGET /images [33m404[0m 24.080 ms - 145[0m
2022-12-24 19:53:28 info: [0mGET / [33m404[0m 1.919 ms - 139[0m
2022-12-24 19:53:32 info: [0mGET /images [33m404[0m 2.196 ms - 145[0m
2022-12-24 19:55:36 info: =================================
2022-12-24 19:55:36 info: ======= ENV: development =======
2022-12-24 19:55:36 info: 🚀 App listening on the port 8080
2022-12-24 19:55:36 info: =================================
2022-12-24 19:55:47 info: =================================
2022-12-24 19:55:47 info: ======= ENV: development =======
2022-12-24 19:55:47 info: 🚀 App listening on the port 8080
2022-12-24 19:55:47 info: =================================
2022-12-24 19:55:49 info: [0mGET /images [32m200[0m 4.679 ms - -[0m
2022-12-24 19:55:51 info: [0mGET /images [32m200[0m 1.034 ms - -[0m
2022-12-24 19:56:02 info: =================================
2022-12-24 19:56:02 info: ======= ENV: development =======
2022-12-24 19:56:02 info: 🚀 App listening on the port 8080
2022-12-24 19:56:02 info: =================================
2022-12-24 19:56:11 error: [GET] /images >> StatusCode:: 500, Message:: Something went wrong
2022-12-24 19:56:11 info: [0mGET /images [31m500[0m 3.959 ms - -[0m
2022-12-24 19:57:42 info: =================================
2022-12-24 19:57:42 info: ======= ENV: development =======
2022-12-24 19:57:42 info: 🚀 App listening on the port 8080
2022-12-24 19:57:42 info: =================================
2022-12-24 19:57:47 error: [GET] /images >> StatusCode:: 500, Message:: Something went wrong
2022-12-24 19:57:47 info: [0mGET /images [31m500[0m 3.900 ms - -[0m
2022-12-24 19:57:53 error: [GET] /images >> StatusCode:: 500, Message:: Something went wrong
2022-12-24 19:57:53 info: [0mGET /images [31m500[0m 1.363 ms - -[0m
2022-12-24 19:58:17 info: =================================
2022-12-24 19:58:17 info: ======= ENV: development =======
2022-12-24 19:58:17 info: 🚀 App listening on the port 8080
2022-12-24 19:58:17 info: =================================
2022-12-24 19:58:18 error: [GET] /images >> StatusCode:: 500, Message:: Something went wrong
2022-12-24 19:58:18 info: [0mGET /images [31m500[0m 3.983 ms - -[0m
2022-12-24 19:58:20 error: [GET] /images >> StatusCode:: 500, Message:: Something went wrong
2022-12-24 19:58:20 info: [0mGET /images [31m500[0m 1.408 ms - -[0m
2022-12-24 19:58:27 error: [GET] /images >> StatusCode:: 500, Message:: Something went wrong
2022-12-24 19:58:27 info: [0mGET /images [31m500[0m 0.882 ms - -[0m
2022-12-24 19:59:26 info: =================================
2022-12-24 19:59:26 info: ======= ENV: development =======
2022-12-24 19:59:26 info: 🚀 App listening on the port 8080
2022-12-24 19:59:26 info: =================================
2022-12-24 19:59:26 error: [GET] /images >> StatusCode:: 500, Message:: Cannot set headers after they are sent to the client
2022-12-24 19:59:26 info: [0mGET /images [31m500[0m 3.895 ms - -[0m
2022-12-24 19:59:27 error: [GET] /images >> StatusCode:: 500, Message:: Cannot set headers after they are sent to the client
2022-12-24 19:59:27 info: [0mGET /images [31m500[0m 0.891 ms - -[0m
2022-12-24 19:59:35 info: =================================
2022-12-24 19:59:35 info: ======= ENV: development =======
2022-12-24 19:59:35 info: 🚀 App listening on the port 8080
2022-12-24 19:59:35 info: =================================
2022-12-24 19:59:39 error: [GET] /images >> StatusCode:: 500, Message:: Something went wrong
2022-12-24 19:59:39 info: [0mGET /images [31m500[0m 3.899 ms - -[0m
2022-12-24 20:00:17 info: =================================
2022-12-24 20:00:17 info: ======= ENV: development =======
2022-12-24 20:00:17 info: 🚀 App listening on the port 8080
2022-12-24 20:00:17 info: =================================
2022-12-24 20:00:25 error: [GET] /images >> StatusCode:: 500, Message:: The "chunk" argument must be of type string or an instance of Buffer or Uint8Array. Received an instance of Array
2022-12-24 20:00:25 info: [0mGET /images [31m500[0m 5.190 ms - -[0m
2022-12-24 20:01:23 info: =================================
2022-12-24 20:01:23 info: ======= ENV: development =======
2022-12-24 20:01:23 info: 🚀 App listening on the port 8080
2022-12-24 20:01:23 info: =================================
2022-12-24 20:01:50 info: =================================
2022-12-24 20:01:50 info: ======= ENV: development =======
2022-12-24 20:01:50 info: 🚀 App listening on the port 8080
2022-12-24 20:01:50 info: =================================
2022-12-24 20:03:03 info: =================================
2022-12-24 20:03:03 info: ======= ENV: development =======
2022-12-24 20:03:03 info: 🚀 App listening on the port 8080
2022-12-24 20:03:03 info: =================================
2022-12-24 20:05:47 info: =================================
2022-12-24 20:05:47 info: ======= ENV: development =======
2022-12-24 20:05:47 info: 🚀 App listening on the port 8080
2022-12-24 20:05:47 info: =================================
2022-12-24 20:06:03 info: =================================
2022-12-24 20:06:03 info: ======= ENV: development =======
2022-12-24 20:06:03 info: 🚀 App listening on the port 8080
2022-12-24 20:06:03 info: =================================
2022-12-24 20:06:41 info: =================================
2022-12-24 20:06:41 info: ======= ENV: development =======
2022-12-24 20:06:41 info: 🚀 App listening on the port 8080
2022-12-24 20:06:42 info: =================================
2022-12-24 20:08:08 info: =================================
2022-12-24 20:08:08 info: ======= ENV: development =======
2022-12-24 20:08:08 info: 🚀 App listening on the port 8080
2022-12-24 20:08:08 info: =================================
2022-12-24 20:08:23 info: =================================
2022-12-24 20:08:23 info: ======= ENV: development =======
2022-12-24 20:08:23 info: 🚀 App listening on the port 8080
2022-12-24 20:08:23 info: =================================
2022-12-24 20:08:38 info: [0mGET /images [33m404[0m 5.403 ms - 145[0m
2022-12-24 20:08:50 info: =================================
2022-12-24 20:08:50 info: ======= ENV: development =======
2022-12-24 20:08:50 info: 🚀 App listening on the port 8080
2022-12-24 20:08:50 info: =================================
2022-12-24 20:08:55 error: [GET] /images >> StatusCode:: 500, Message:: Something went wrong
2022-12-24 20:08:55 info: [0mGET /images [31m500[0m 22.753 ms - 34[0m
2022-12-24 20:09:12 info: =================================
2022-12-24 20:09:12 info: ======= ENV: development =======
2022-12-24 20:09:12 info: 🚀 App listening on the port 8080
2022-12-24 20:09:12 info: =================================
2022-12-24 20:10:35 info: =================================
2022-12-24 20:10:35 info: ======= ENV: development =======
2022-12-24 20:10:35 info: 🚀 App listening on the port 8080
2022-12-24 20:10:35 info: =================================
2022-12-24 20:17:26 info: =================================
2022-12-24 20:17:26 info: ======= ENV: development =======
2022-12-24 20:17:26 info: 🚀 App listening on the port 8080
2022-12-24 20:17:26 info: =================================
2022-12-24 20:18:03 info: =================================
2022-12-24 20:18:03 info: ======= ENV: development =======
2022-12-24 20:18:03 info: 🚀 App listening on the port 8080
2022-12-24 20:18:03 info: =================================
2022-12-24 20:18:38 info: =================================
2022-12-24 20:18:38 info: ======= ENV: development =======
2022-12-24 20:18:38 info: 🚀 App listening on the port 8080
2022-12-24 20:18:38 info: =================================
2022-12-24 20:18:51 error: [GET] /images >> StatusCode:: 500, Message:: Something went wrong
2022-12-24 20:18:51 info: [0mGET /images?path=temp.png [31m500[0m 24.492 ms - 34[0m
2022-12-24 20:19:06 error: [GET] /images/path=temp.png >> StatusCode:: 500, Message:: ENOENT: no such file or directory, open 'E:\WorkingRepository\SertificatesSite\server\src\userImages\path=temp.png'
2022-12-24 20:19:06 info: [0mGET /images/path=temp.png [31m500[0m 4.081 ms - 135[0m
2022-12-24 20:19:17 error: [GET] /images/temp.png >> StatusCode:: 500, Message:: Something went wrong
2022-12-24 20:19:17 info: [0mGET /images/temp.png [31m500[0m 1.989 ms - -[0m
2022-12-24 20:19:36 info: =================================
2022-12-24 20:19:36 info: ======= ENV: development =======
2022-12-24 20:19:36 info: 🚀 App listening on the port 8080
2022-12-24 20:19:36 info: =================================
2022-12-24 20:19:49 info: =================================
2022-12-24 20:19:49 info: ======= ENV: development =======
2022-12-24 20:19:49 info: 🚀 App listening on the port 8080
2022-12-24 20:19:49 info: =================================
2022-12-24 20:19:53 error: [GET] /images >> StatusCode:: 500, Message:: Something went wrong
2022-12-24 20:19:53 info: [0mGET /images?path=temp.png [31m500[0m 23.042 ms - 34[0m
2022-12-24 20:21:56 info: =================================
2022-12-24 20:21:56 info: ======= ENV: development =======
2022-12-24 20:21:56 info: 🚀 App listening on the port 8080
2022-12-24 20:21:56 info: =================================
2022-12-24 20:22:12 info: =================================
2022-12-24 20:22:12 info: ======= ENV: development =======
2022-12-24 20:22:12 info: 🚀 App listening on the port 8080
2022-12-24 20:22:12 info: =================================
2022-12-24 20:22:14 error: [GET] /images >> StatusCode:: 500, Message:: Something went wrong
2022-12-24 20:22:14 info: [0mGET /images?path=temp.png [31m500[0m 24.994 ms - 34[0m
2022-12-24 20:22:16 error: [GET] /images >> StatusCode:: 500, Message:: Something went wrong
2022-12-24 20:22:16 info: [0mGET /images?path=temp.png [31m500[0m 3.309 ms - 34[0m
2022-12-24 20:22:29 info: =================================
2022-12-24 20:22:29 info: ======= ENV: development =======
2022-12-24 20:22:29 info: 🚀 App listening on the port 8080
2022-12-24 20:22:29 info: =================================
2022-12-24 20:22:32 error: [GET] /images >> StatusCode:: 500, Message:: Something went wrong
2022-12-24 20:22:32 info: [0mGET /images?path=temp.png [31m500[0m 23.693 ms - 34[0m
2022-12-24 20:22:42 error: [GET] /images/temp.png >> StatusCode:: 500, Message:: Something went wrong
2022-12-24 20:22:42 info: [0mGET /images/temp.png [31m500[0m 2.779 ms - -[0m
2022-12-24 20:22:54 info: =================================
2022-12-24 20:22:54 info: ======= ENV: development =======
2022-12-24 20:22:54 info: 🚀 App listening on the port 8080
2022-12-24 20:22:54 info: =================================
2022-12-24 20:23:18 info: =================================
2022-12-24 20:23:18 info: ======= ENV: development =======
2022-12-24 20:23:18 info: 🚀 App listening on the port 8080
2022-12-24 20:23:18 info: =================================
2022-12-24 20:23:23 info: =================================
2022-12-24 20:23:23 info: ======= ENV: development =======
2022-12-24 20:23:23 info: 🚀 App listening on the port 8080
2022-12-24 20:23:23 info: =================================
2022-12-24 20:23:24 error: [GET] /images/temp.png >> StatusCode:: 500, Message:: The "chunk" argument must be of type string or an instance of Buffer or Uint8Array. Received an instance of Object
2022-12-24 20:23:24 info: [0mGET /images/temp.png [31m500[0m 5.607 ms - -[0m
2022-12-24 20:23:38 info: =================================
2022-12-24 20:23:38 info: ======= ENV: development =======
2022-12-24 20:23:38 info: 🚀 App listening on the port 8080
2022-12-24 20:23:38 info: =================================
2022-12-24 20:23:44 info: =================================
2022-12-24 20:23:44 info: ======= ENV: development =======
2022-12-24 20:23:44 info: 🚀 App listening on the port 8080
2022-12-24 20:23:44 info: =================================
2022-12-24 20:23:48 error: [GET] /images/temp.png >> StatusCode:: 500, Message:: Something went wrong
2022-12-24 20:23:48 info: [0mGET /images/temp.png [31m500[0m 6.087 ms - -[0m
2022-12-24 20:25:29 info: =================================
2022-12-24 20:25:29 info: ======= ENV: development =======
2022-12-24 20:25:29 info: 🚀 App listening on the port 8080
2022-12-24 20:25:29 info: =================================
2022-12-24 20:25:29 error: [GET] /images >> StatusCode:: 500, Message:: Something went wrong
2022-12-24 20:25:29 info: [0mGET /images [31m500[0m 23.311 ms - 34[0m
2022-12-24 20:25:33 error: [GET] /images/temp.png >> StatusCode:: 500, Message:: Something went wrong
2022-12-24 20:25:33 info: [0mGET /images/temp.png [31m500[0m 3.092 ms - -[0m
2022-12-24 20:26:33 info: =================================
2022-12-24 20:26:33 info: ======= ENV: development =======
2022-12-24 20:26:33 info: 🚀 App listening on the port 8080
2022-12-24 20:26:33 info: =================================
2022-12-24 20:26:52 error: [GET] /images/temp.png >> StatusCode:: 500, Message:: Something went wrong
2022-12-24 20:26:52 info: [0mGET /images/temp.png [31m500[0m 6.050 ms - -[0m
2022-12-24 20:27:15 info: =================================
2022-12-24 20:27:15 info: ======= ENV: development =======
2022-12-24 20:27:15 info: 🚀 App listening on the port 8080
2022-12-24 20:27:15 info: =================================
2022-12-24 20:27:18 error: [GET] /images/temp.png >> StatusCode:: 500, Message:: Something went wrong
2022-12-24 20:27:18 info: [0mGET /images/temp.png [31m500[0m 5.209 ms - -[0m
2022-12-24 20:27:24 error: [GET] /images/temp.png >> StatusCode:: 500, Message:: Something went wrong
2022-12-24 20:27:24 info: [0mGET /images/temp.png [31m500[0m 1.443 ms - -[0m
2022-12-24 20:28:33 error: [GET] /images/temp.png >> StatusCode:: 500, Message:: Something went wrong
2022-12-24 20:28:33 info: [0mGET /images/temp.png [31m500[0m 1.148 ms - -[0m
2022-12-24 20:28:36 error: [GET] /images/temp.png >> StatusCode:: 500, Message:: Something went wrong
2022-12-24 20:28:36 info: [0mGET /images/temp.png [31m500[0m 0.968 ms - -[0m
2022-12-24 20:28:57 info: =================================
2022-12-24 20:28:57 info: ======= ENV: development =======
2022-12-24 20:28:57 info: 🚀 App listening on the port 8080
2022-12-24 20:28:57 info: =================================
2022-12-24 20:28:57 error: [GET] /images/temp.png >> StatusCode:: 500, Message:: Something went wrong
2022-12-24 20:28:57 info: [0mGET /images/temp.png [31m500[0m 5.574 ms - -[0m
2022-12-24 20:29:19 error: [GET] /images/temp.png >> StatusCode:: 500, Message:: Something went wrong
2022-12-24 20:29:19 info: [0mGET /images/temp.png [31m500[0m 1.628 ms - -[0m
2022-12-24 20:30:45 info: =================================
2022-12-24 20:30:45 info: ======= ENV: development =======
2022-12-24 20:30:45 info: 🚀 App listening on the port 8080
2022-12-24 20:30:45 info: =================================
2022-12-24 20:30:49 error: [GET] /images/temp.png >> StatusCode:: 500, Message:: Something went wrong
2022-12-24 20:30:49 info: [0mGET /images/temp.png [31m500[0m 5.233 ms - -[0m
2022-12-24 20:30:53 error: [GET] /images/temp.png >> StatusCode:: 500, Message:: Something went wrong
2022-12-24 20:30:53 info: [0mGET /images/temp.png [31m500[0m 1.706 ms - -[0m
2022-12-24 20:31:54 info: =================================
2022-12-24 20:31:54 info: ======= ENV: development =======
2022-12-24 20:31:54 info: 🚀 App listening on the port 8080
2022-12-24 20:31:54 info: =================================
2022-12-24 20:32:08 error: [GET] /images/temp.png >> StatusCode:: 500, Message:: Something went wrong
2022-12-24 20:32:08 info: [0mGET /images/temp.png [31m500[0m 6.452 ms - 6451[0m
2022-12-24 20:32:29 info: =================================
2022-12-24 20:32:29 info: ======= ENV: development =======
2022-12-24 20:32:29 info: 🚀 App listening on the port 8080
2022-12-24 20:32:29 info: =================================
2022-12-24 20:32:33 error: [GET] /images/temp.png >> StatusCode:: 500, Message:: Something went wrong
2022-12-24 20:32:33 info: [0mGET /images/temp.png [31m500[0m 6.778 ms - 6451[0m
2022-12-24 20:32:41 info: =================================
2022-12-24 20:32:41 info: ======= ENV: development =======
2022-12-24 20:32:41 info: 🚀 App listening on the port 8080
2022-12-24 20:32:41 info: =================================
2022-12-24 20:32:46 error: [GET] /images/temp.png >> StatusCode:: 500, Message:: Something went wrong
2022-12-24 20:32:46 info: [0mGET /images/temp.png [31m500[0m 6.274 ms - 6451[0m
2022-12-24 20:32:57 info: =================================
2022-12-24 20:32:57 info: ======= ENV: development =======
2022-12-24 20:32:57 info: 🚀 App listening on the port 8080
2022-12-24 20:32:57 info: =================================
2022-12-24 20:33:41 info: =================================
2022-12-24 20:33:41 info: ======= ENV: development =======
2022-12-24 20:33:41 info: 🚀 App listening on the port 8080
2022-12-24 20:33:41 info: =================================
2022-12-24 20:33:49 error: [GET] /images/temp.png >> StatusCode:: 500, Message:: Something went wrong
2022-12-24 20:33:49 info: [0mGET /images/temp.png [31m500[0m 5.346 ms - -[0m
2022-12-24 20:34:36 info: =================================
2022-12-24 20:34:36 info: ======= ENV: development =======
2022-12-24 20:34:36 info: 🚀 App listening on the port 8080
2022-12-24 20:34:36 info: =================================
2022-12-24 20:34:37 info: [0mGET /images/temp.png [32m200[0m 4.663 ms - -[0m
2022-12-24 20:34:41 info: [0mGET /images/temp.png [32m200[0m 1.578 ms - -[0m
2022-12-24 20:36:00 info: [0mGET /images/temp.png [32m200[0m 2.209 ms - -[0m
2022-12-24 20:37:26 info: [0mGET /images/temp.png [32m200[0m 1.006 ms - -[0m
2022-12-24 20:37:59 info: [0mGET /images/temp.png [32m200[0m 0.911 ms - -[0m
2022-12-24 20:38:08 info: [0mGET /images/temp.png [32m200[0m 0.743 ms - -[0m
2022-12-24 20:44:12 info: =================================
2022-12-24 20:44:12 info: ======= ENV: development =======
2022-12-24 20:44:12 info: 🚀 App listening on the port 8080
2022-12-24 20:44:12 info: =================================
2022-12-24 20:44:50 info: =================================
2022-12-24 20:44:50 info: ======= ENV: development =======
2022-12-24 20:44:50 info: 🚀 App listening on the port 8080
2022-12-24 20:44:50 info: =================================
2022-12-24 20:44:50 info: [0mGET /images/temp.png [32m200[0m 7.308 ms - -[0m
2022-12-24 20:45:01 info: [0mGET /images/temp.png [32m200[0m 2.668 ms - -[0m
2022-12-24 20:45:09 info: [0mGET /images/temp.png [32m200[0m 1.356 ms - -[0m
2022-12-24 20:45:40 info: [0mGET /images/temp.png [32m200[0m 1.363 ms - -[0m
2022-12-24 20:47:00 info: =================================
2022-12-24 20:47:00 info: ======= ENV: development =======
2022-12-24 20:47:00 info: 🚀 App listening on the port 8080
2022-12-24 20:47:00 info: =================================
2022-12-24 20:47:02 info: [0mGET /images/temp.png [32m200[0m 7.726 ms - -[0m
2022-12-24 20:47:03 info: [0mGET /images/temp.png [32m200[0m 2.098 ms - -[0m
2022-12-24 20:49:48 info: =================================
2022-12-24 20:49:48 info: ======= ENV: development =======
2022-12-24 20:49:48 info: 🚀 App listening on the port 8080
2022-12-24 20:49:48 info: =================================
2022-12-24 20:53:23 info: [0mGET /images/temp.png [32m200[0m 4.781 ms - -[0m
2022-12-24 20:53:57 info: [0mGET /images/temp.png [32m200[0m 1.837 ms - -[0m
2022-12-24 20:54:25 info: [0mGET /images/temp.png [32m200[0m 1.310 ms - -[0m
2022-12-24 21:11:02 info: =================================
2022-12-24 21:11:02 info: ======= ENV: development =======
2022-12-24 21:11:02 info: 🚀 App listening on the port 8080
2022-12-24 21:11:02 info: =================================
2022-12-24 21:11:09 error: [GET] /images/temp.png >> StatusCode:: 500, Message:: Something went wrong
2022-12-24 21:11:09 info: [0mGET /images/temp.png [31m500[0m 22.070 ms - -[0m
2022-12-24 21:11:35 info: =================================
2022-12-24 21:11:35 info: ======= ENV: development =======
2022-12-24 21:11:35 info: 🚀 App listening on the port 8080
2022-12-24 21:11:35 info: =================================
2022-12-24 21:11:36 info: [0mGET /images/temp.png [32m200[0m 6.404 ms - -[0m
2022-12-24 21:28:19 info: =================================
2022-12-24 21:28:19 info: ======= ENV: development =======
2022-12-24 21:28:19 info: 🚀 App listening on the port 8080
2022-12-24 21:28:19 info: =================================
2022-12-24 22:15:55 info: =================================
2022-12-24 22:15:55 info: ======= ENV: development =======
2022-12-24 22:15:55 info: 🚀 App listening on the port 8080
2022-12-24 22:15:55 info: =================================
2022-12-24 22:16:40 info: =================================
2022-12-24 22:16:40 info: ======= ENV: development =======
2022-12-24 22:16:40 info: 🚀 App listening on the port 8080
2022-12-24 22:16:40 info: =================================
2022-12-24 22:17:25 info: =================================
2022-12-24 22:17:25 info: ======= ENV: development =======
2022-12-24 22:17:25 info: 🚀 App listening on the port 8080
2022-12-24 22:17:25 info: =================================
2022-12-24 22:21:11 info: =================================
2022-12-24 22:21:11 info: ======= ENV: development =======
2022-12-24 22:21:11 info: 🚀 App listening on the port 8080
2022-12-24 22:21:11 info: =================================
2022-12-24 22:22:04 info: =================================
2022-12-24 22:22:04 info: ======= ENV: development =======
2022-12-24 22:22:04 info: 🚀 App listening on the port 8080
2022-12-24 22:22:04 info: =================================
2022-12-24 22:22:12 info: =================================
2022-12-24 22:22:12 info: ======= ENV: development =======
2022-12-24 22:22:12 info: 🚀 App listening on the port 8080
2022-12-24 22:22:12 info: =================================
2022-12-24 22:22:56 info: =================================
2022-12-24 22:22:56 info: ======= ENV: development =======
2022-12-24 22:22:56 info: 🚀 App listening on the port 8080
2022-12-24 22:22:56 info: =================================
2022-12-24 22:24:58 info: =================================
2022-12-24 22:24:58 info: ======= ENV: development =======
2022-12-24 22:24:58 info: 🚀 App listening on the port 8080
2022-12-24 22:24:58 info: =================================
2022-12-24 22:25:41 info: =================================
2022-12-24 22:25:41 info: ======= ENV: development =======
2022-12-24 22:25:41 info: 🚀 App listening on the port 8080
2022-12-24 22:25:41 info: =================================
2022-12-24 22:26:40 info: =================================
2022-12-24 22:26:40 info: ======= ENV: development =======
2022-12-24 22:26:40 info: 🚀 App listening on the port 8080
2022-12-24 22:26:40 info: =================================
2022-12-24 22:27:47 info: =================================
2022-12-24 22:27:47 info: ======= ENV: development =======
2022-12-24 22:27:47 info: 🚀 App listening on the port 8080
2022-12-24 22:27:47 info: =================================
2022-12-24 22:27:58 info: =================================
2022-12-24 22:27:58 info: ======= ENV: development =======
2022-12-24 22:27:58 info: 🚀 App listening on the port 8080
2022-12-24 22:27:58 info: =================================
2022-12-24 22:29:20 error: [POST] /signup >> StatusCode:: 409, Message:: This email admin already exists
2022-12-24 22:29:20 info: [0mPOST /signup [33m409[0m 101.758 ms - 45[0m
2022-12-24 22:30:27 info: =================================
2022-12-24 22:30:27 info: ======= ENV: development =======
2022-12-24 22:30:27 info: 🚀 App listening on the port 8080
2022-12-24 22:30:27 info: =================================
2022-12-24 22:30:37 info: =================================
2022-12-24 22:30:37 info: ======= ENV: development =======
2022-12-24 22:30:37 info: 🚀 App listening on the port 8080
2022-12-24 22:30:37 info: =================================
2022-12-24 22:30:38 error: [POST] /signup >> StatusCode:: 409, Message:: This username admin already exists
2022-12-24 22:30:38 info: [0mPOST /signup [33m409[0m 56.496 ms - 48[0m
2022-12-24 22:31:21 info: =================================
2022-12-24 22:31:21 info: ======= ENV: development =======
2022-12-24 22:31:21 info: 🚀 App listening on the port 8080
2022-12-24 22:31:21 info: =================================
2022-12-24 22:31:22 info: [0mPOST /signup [32m201[0m 166.020 ms - 392[0m
2022-12-24 22:32:16 info: =================================
2022-12-24 22:32:16 info: ======= ENV: development =======
2022-12-24 22:32:16 info: 🚀 App listening on the port 8080
2022-12-24 22:32:16 info: =================================
2022-12-24 22:32:23 info: [0mPOST /signup [32m201[0m 146.525 ms - 390[0m
2022-12-24 22:35:59 info: [0mPOST /login [32m200[0m 98.795 ms - 132[0m
2022-12-24 22:37:43 info: =================================
2022-12-24 22:37:43 info: ======= ENV: development =======
2022-12-24 22:37:43 info: 🚀 App listening on the port 8080
2022-12-24 22:37:43 info: =================================
2022-12-24 22:39:19 info: =================================
2022-12-24 22:39:19 info: ======= ENV: development =======
2022-12-24 22:39:19 info: 🚀 App listening on the port 8080
2022-12-24 22:39:19 info: =================================
2022-12-24 22:41:01 info: =================================
2022-12-24 22:41:01 info: ======= ENV: development =======
2022-12-24 22:41:01 info: 🚀 App listening on the port 8080
2022-12-24 22:41:01 info: =================================
2022-12-24 22:41:59 info: =================================
2022-12-24 22:41:59 info: ======= ENV: development =======
2022-12-24 22:41:59 info: 🚀 App listening on the port 8080
2022-12-24 22:41:59 info: =================================
2022-12-24 22:42:43 info: =================================
2022-12-24 22:42:43 info: ======= ENV: development =======
2022-12-24 22:42:43 info: 🚀 App listening on the port 8080
2022-12-24 22:42:43 info: =================================
2022-12-24 22:43:33 info: =================================
2022-12-24 22:43:33 info: ======= ENV: development =======
2022-12-24 22:43:33 info: 🚀 App listening on the port 8080
2022-12-24 22:43:33 info: =================================
2022-12-24 22:43:55 info: [0mGET /configs [32m200[0m 16.653 ms - 2[0m
2022-12-24 22:47:26 info: =================================
2022-12-24 22:47:26 info: ======= ENV: development =======
2022-12-24 22:47:26 info: 🚀 App listening on the port 8080
2022-12-24 22:47:26 info: =================================
2022-12-24 22:48:38 info: [0mGET /configs [32m200[0m 20.869 ms - 780[0m
2022-12-24 22:51:30 info: =================================
2022-12-24 22:51:30 info: ======= ENV: development =======
2022-12-24 22:51:30 info: 🚀 App listening on the port 8080
2022-12-24 22:51:30 info: =================================
2022-12-24 22:51:45 info: =================================
2022-12-24 22:51:45 info: ======= ENV: development =======
2022-12-24 22:51:45 info: 🚀 App listening on the port 8080
2022-12-24 22:51:45 info: =================================
2022-12-24 22:51:50 info: =================================
2022-12-24 22:51:50 info: ======= ENV: development =======
2022-12-24 22:51:50 info: 🚀 App listening on the port 8080
2022-12-24 22:51:50 info: =================================
2022-12-24 22:53:38 info: =================================
2022-12-24 22:53:38 info: ======= ENV: development =======
2022-12-24 22:53:38 info: 🚀 App listening on the port 8080
2022-12-24 22:53:38 info: =================================
2022-12-24 22:55:18 info: =================================
2022-12-24 22:55:18 info: ======= ENV: development =======
2022-12-24 22:55:18 info: 🚀 App listening on the port 8080
2022-12-24 22:55:18 info: =================================
2022-12-24 22:56:10 info: =================================
2022-12-24 22:56:10 info: ======= ENV: development =======
2022-12-24 22:56:10 info: 🚀 App listening on the port 8080
2022-12-24 22:56:10 info: =================================
2022-12-24 22:56:17 info: =================================
2022-12-24 22:56:17 info: ======= ENV: development =======
2022-12-24 22:56:17 info: 🚀 App listening on the port 8080
2022-12-24 22:56:17 info: =================================
2022-12-24 22:57:32 info: =================================
2022-12-24 22:57:32 info: ======= ENV: development =======
2022-12-24 22:57:32 info: 🚀 App listening on the port 8080
2022-12-24 22:57:32 info: =================================
2022-12-24 22:59:24 info: =================================
2022-12-24 22:59:24 info: ======= ENV: development =======
2022-12-24 22:59:24 info: 🚀 App listening on the port 8080
2022-12-24 22:59:24 info: =================================
2022-12-24 22:59:31 info: =================================
2022-12-24 22:59:31 info: ======= ENV: development =======
2022-12-24 22:59:31 info: 🚀 App listening on the port 8080
2022-12-24 22:59:31 info: =================================
2022-12-24 22:59:37 info: =================================
2022-12-24 22:59:37 info: ======= ENV: development =======
2022-12-24 22:59:37 info: 🚀 App listening on the port 8080
2022-12-24 22:59:37 info: =================================
2022-12-24 23:02:33 info: =================================
2022-12-24 23:02:33 info: ======= ENV: development =======
2022-12-24 23:02:33 info: 🚀 App listening on the port 8080
2022-12-24 23:02:33 info: =================================
2022-12-24 23:26:45 info: [0mGET /configs/physical [32m200[0m 29.755 ms - -[0m
2022-12-24 23:27:13 info: [0mGET /configs/physical [32m200[0m 11.199 ms - -[0m
2022-12-24 23:29:18 info: [0mGET /configs/physical [32m200[0m 10.861 ms - -[0m
2022-12-24 23:35:40 info: [0mGET /configs/physical [32m200[0m 13.390 ms - 331[0m
2022-12-24 23:35:41 info: [0mGET /configs/physical [32m200[0m 5.732 ms - 331[0m
