2022-12-26 09:00:03 info: =================================
2022-12-26 09:00:03 info: ======= ENV: development =======
2022-12-26 09:00:03 info: 🚀 App listening on the port 8080
2022-12-26 09:00:03 info: =================================
2022-12-26 09:01:31 info: =================================
2022-12-26 09:01:31 info: ======= ENV: development =======
2022-12-26 09:01:31 info: 🚀 App listening on the port 8080
2022-12-26 09:01:31 info: =================================
2022-12-26 09:09:05 info: =================================
2022-12-26 09:09:05 info: ======= ENV: development =======
2022-12-26 09:09:05 info: 🚀 App listening on the port 8080
2022-12-26 09:09:05 info: =================================
2022-12-26 09:09:54 info: [0mGET /configs/physical [32m200[0m 20.585 ms - 285[0m
2022-12-26 09:11:01 info: =================================
2022-12-26 09:11:01 info: ======= ENV: development =======
2022-12-26 09:11:01 info: 🚀 App listening on the port 8080
2022-12-26 09:11:01 info: =================================
2022-12-26 09:13:14 info: =================================
2022-12-26 09:13:14 info: ======= ENV: development =======
2022-12-26 09:13:14 info: 🚀 App listening on the port 8080
2022-12-26 09:13:14 info: =================================
2022-12-26 09:14:13 info: =================================
2022-12-26 09:14:13 info: ======= ENV: development =======
2022-12-26 09:14:13 info: 🚀 App listening on the port 8080
2022-12-26 09:14:13 info: =================================
2022-12-26 09:14:32 info: [0mGET /save [33m404[0m 70.118 ms - 143[0m
2022-12-26 09:14:39 error: [POST] /save >> StatusCode:: 500, Message:: Something went wrong
2022-12-26 09:14:39 info: [0mPOST /save [31m500[0m 48.989 ms - 34[0m
2022-12-26 09:15:07 info: =================================
2022-12-26 09:15:07 info: ======= ENV: development =======
2022-12-26 09:15:07 info: 🚀 App listening on the port 8080
2022-12-26 09:15:07 info: =================================
2022-12-26 09:15:09 info: [0mPOST /save [32m200[0m 22.541 ms - 2[0m
2022-12-26 09:15:33 info: [0mGET /configs/physical [32m200[0m 9.235 ms - 210[0m
2022-12-26 09:16:45 info: [0mGET /configs/physical [32m200[0m 6.273 ms - 210[0m
2022-12-26 09:16:54 info: [0mGET /configs/physical [32m200[0m 2.640 ms - 210[0m
2022-12-26 09:18:29 info: =================================
2022-12-26 09:18:29 info: ======= ENV: development =======
2022-12-26 09:18:29 info: 🚀 App listening on the port 8080
2022-12-26 09:18:29 info: =================================
2022-12-26 09:18:37 info: =================================
2022-12-26 09:18:37 info: ======= ENV: development =======
2022-12-26 09:18:37 info: 🚀 App listening on the port 8080
2022-12-26 09:18:37 info: =================================
2022-12-26 09:18:38 info: [0mPOST /configs/physical [33m404[0m 12.095 ms - 156[0m
2022-12-26 09:19:09 info: [0mPOST /configs/physical [33m404[0m 2.040 ms - 156[0m
2022-12-26 09:19:09 info: [0mPOST /configs/physical [33m404[0m 0.999 ms - 156[0m
2022-12-26 09:19:23 info: [0mGET /configs/physical [32m200[0m 15.341 ms - 298[0m
2022-12-26 09:20:50 info: [0mPOST /configs/physical [33m404[0m 0.666 ms - 156[0m
2022-12-26 09:21:01 info: [0mPOST /configs/physical [33m404[0m 0.771 ms - 156[0m
2022-12-26 09:21:29 info: [0mPOST /configs/physical [33m404[0m 0.713 ms - 156[0m
2022-12-26 09:21:34 info: [0mPOST /configs/physical [33m404[0m 0.868 ms - 156[0m
2022-12-26 09:21:48 info: [0mPOST /configs/physical [33m404[0m 1.131 ms - 156[0m
2022-12-26 09:21:48 info: [0mPOST /configs/physical [33m404[0m 1.045 ms - 156[0m
2022-12-26 09:23:40 info: [0mGET /configs/physical [32m200[0m 6.766 ms - 298[0m
2022-12-26 09:24:36 info: [0mGET /configs/physical [32m200[0m 6.788 ms - 298[0m
2022-12-26 09:25:20 info: =================================
2022-12-26 09:25:20 info: ======= ENV: development =======
2022-12-26 09:25:20 info: 🚀 App listening on the port 8080
2022-12-26 09:25:20 info: =================================
2022-12-26 09:26:30 error: [PATCH] /configs >> StatusCode:: 500, Message:: Cannot read properties of null (reading 'set')
2022-12-26 09:26:30 info: [0mPATCH /configs [31m500[0m 19.915 ms - 60[0m
2022-12-26 09:26:39 error: [PATCH] /configs >> StatusCode:: 500, Message:: Cannot read properties of null (reading 'set')
2022-12-26 09:26:39 info: [0mPATCH /configs [31m500[0m 2.481 ms - 60[0m
2022-12-26 09:26:49 info: [0mGET /configs/physical [32m200[0m 11.800 ms - 298[0m
2022-12-26 09:28:51 info: =================================
2022-12-26 09:28:51 info: ======= ENV: development =======
2022-12-26 09:28:51 info: 🚀 App listening on the port 8080
2022-12-26 09:28:51 info: =================================
2022-12-26 09:29:33 info: =================================
2022-12-26 09:29:33 info: ======= ENV: development =======
2022-12-26 09:29:33 info: 🚀 App listening on the port 8080
2022-12-26 09:29:33 info: =================================
2022-12-26 09:29:42 info: [0mGET /configs/physical [32m200[0m 11.668 ms - 298[0m
2022-12-26 09:29:53 error: [PATCH] /configs >> StatusCode:: 500, Message:: Cannot read properties of null (reading 'set')
2022-12-26 09:29:53 info: [0mPATCH /configs [31m500[0m 12.397 ms - 60[0m
2022-12-26 09:31:01 info: =================================
2022-12-26 09:31:01 info: ======= ENV: development =======
2022-12-26 09:31:01 info: 🚀 App listening on the port 8080
2022-12-26 09:31:01 info: =================================
2022-12-26 09:31:36 info: =================================
2022-12-26 09:31:36 info: ======= ENV: development =======
2022-12-26 09:31:36 info: 🚀 App listening on the port 8080
2022-12-26 09:31:36 info: =================================
2022-12-26 09:31:39 error: [PATCH] /configs >> StatusCode:: 500, Message:: Cannot read properties of null (reading 'save')
2022-12-26 09:31:39 info: [0mPATCH /configs [31m500[0m 12.290 ms - 61[0m
2022-12-26 09:32:31 info: =================================
2022-12-26 09:32:31 info: ======= ENV: development =======
2022-12-26 09:32:31 info: 🚀 App listening on the port 8080
2022-12-26 09:32:31 info: =================================
2022-12-26 09:32:34 info: [0mPATCH /configs [32m204[0m 14.415 ms - -[0m
2022-12-26 09:32:45 info: =================================
2022-12-26 09:32:45 info: ======= ENV: development =======
2022-12-26 09:32:45 info: 🚀 App listening on the port 8080
2022-12-26 09:32:45 info: =================================
2022-12-26 09:32:45 info: [0mPATCH /configs [32m204[0m 13.117 ms - -[0m
2022-12-26 09:33:02 info: =================================
2022-12-26 09:33:02 info: ======= ENV: development =======
2022-12-26 09:33:02 info: 🚀 App listening on the port 8080
2022-12-26 09:33:02 info: =================================
2022-12-26 09:33:02 info: [0mPATCH /configs [32m204[0m 17.841 ms - -[0m
2022-12-26 09:42:14 info: [0mPATCH /configs [32m200[0m 14.245 ms - 813[0m
2022-12-26 09:42:24 info: =================================
2022-12-26 09:42:24 info: ======= ENV: development =======
2022-12-26 09:42:24 info: 🚀 App listening on the port 8080
2022-12-26 09:42:24 info: =================================
2022-12-26 09:42:26 info: [0mPATCH /configs [32m200[0m 22.306 ms - 813[0m
2022-12-26 09:42:40 info: =================================
2022-12-26 09:42:40 info: ======= ENV: development =======
2022-12-26 09:42:40 info: 🚀 App listening on the port 8080
2022-12-26 09:42:40 info: =================================
2022-12-26 09:42:43 info: [0mPATCH /configs [32m200[0m 31.346 ms - -[0m
2022-12-26 09:42:47 info: [0mGET /configs/physical [32m200[0m 6.702 ms - -[0m
2022-12-26 09:43:06 info: [0mGET /configs/physical [32m200[0m 7.114 ms - -[0m
2022-12-26 09:43:07 info: [0mGET /configs/physical [32m200[0m 4.324 ms - -[0m
2022-12-26 09:44:20 info: [0mGET /images/temp.png [32m200[0m 6.929 ms - 6451[0m
2022-12-26 09:44:35 info: [0mGET /images/temp.png [32m200[0m 1.450 ms - 6451[0m
2022-12-26 09:44:54 info: =================================
2022-12-26 09:44:54 info: ======= ENV: development =======
2022-12-26 09:44:54 info: 🚀 App listening on the port 8080
2022-12-26 09:44:54 info: =================================
2022-12-26 09:44:56 info: [0mGET /images/temp.png [32m200[0m 3.073 ms - -[0m
2022-12-26 09:44:58 info: [0mGET /images/temp.png [32m200[0m 1.623 ms - -[0m
2022-12-26 09:44:58 info: [0mGET /favicon.ico [33m404[0m 2.465 ms - 150[0m
2022-12-26 09:45:42 info: [0mGET /images/temp.png [32m200[0m 0.785 ms - -[0m
2022-12-26 09:47:57 info: [0mGET /configs/physical [32m200[0m 12.336 ms - -[0m
2022-12-26 09:49:42 info: [0mGET /images/temp.png [32m200[0m 0.594 ms - -[0m
2022-12-26 09:49:47 info: [0mGET /images/temp.png [32m200[0m 0.696 ms - -[0m
2022-12-26 09:50:10 info: [0mGET /images/temp.png [32m200[0m 0.723 ms - -[0m
2022-12-26 09:53:00 info: =================================
2022-12-26 09:53:00 info: ======= ENV: development =======
2022-12-26 09:53:00 info: 🚀 App listening on the port 8080
2022-12-26 09:53:00 info: =================================
2022-12-26 09:53:06 info: [0mGET /images/temp.png [32m200[0m 6.222 ms - -[0m
2022-12-26 09:53:30 info: =================================
2022-12-26 09:53:30 info: ======= ENV: development =======
2022-12-26 09:53:30 info: 🚀 App listening on the port 8080
2022-12-26 09:53:30 info: =================================
2022-12-26 09:53:33 info: [0mGET /images/temp.png [32m200[0m 5.688 ms - -[0m
2022-12-26 09:56:55 info: [0mGET /configs/physical [32m200[0m 14.903 ms - -[0m
2022-12-26 10:00:22 info: [0mGET /configs/physical [32m200[0m 5.769 ms - -[0m
2022-12-26 10:01:28 info: [0mPATCH /configs [32m200[0m 33.943 ms - -[0m
2022-12-26 10:01:30 info: [0mGET /configs/physical [32m200[0m 6.244 ms - -[0m
2022-12-26 10:01:40 info: [0mGET /configs/physical [32m200[0m 3.100 ms - -[0m
2022-12-26 10:01:40 info: [0mGET /configs/physical [32m200[0m 4.093 ms - -[0m
2022-12-26 10:02:09 info: [0mGET /configs/physical [32m200[0m 4.995 ms - -[0m
2022-12-26 10:05:01 info: [0mGET /configs/physical [32m200[0m 7.292 ms - -[0m
2022-12-26 10:05:25 info: [0mGET /configs/physical [32m200[0m 6.677 ms - -[0m
2022-12-26 10:06:00 info: [0mGET /configs/physical [32m200[0m 4.977 ms - -[0m
2022-12-26 10:06:07 info: [0mGET /configs/physical [32m200[0m 2.466 ms - -[0m
2022-12-26 10:06:56 info: =================================
2022-12-26 10:06:56 info: ======= ENV: development =======
2022-12-26 10:06:56 info: 🚀 App listening on the port 8080
2022-12-26 10:06:56 info: =================================
2022-12-26 10:07:09 info: =================================
2022-12-26 10:07:09 info: ======= ENV: development =======
2022-12-26 10:07:09 info: 🚀 App listening on the port 8080
2022-12-26 10:07:09 info: =================================
2022-12-26 10:07:14 info: [0mGET /configs/physical [32m200[0m 13.586 ms - -[0m
2022-12-26 10:07:25 info: =================================
2022-12-26 10:07:25 info: ======= ENV: development =======
2022-12-26 10:07:25 info: 🚀 App listening on the port 8080
2022-12-26 10:07:25 info: =================================
2022-12-26 10:07:27 info: [0mGET /configs/physical [32m200[0m 13.510 ms - -[0m
2022-12-26 10:08:40 info: [0mGET /configs/physical [32m200[0m 6.804 ms - -[0m
2022-12-26 10:09:28 info: =================================
2022-12-26 10:09:28 info: ======= ENV: development =======
2022-12-26 10:09:28 info: 🚀 App listening on the port 8080
2022-12-26 10:09:28 info: =================================
2022-12-26 10:09:50 info: =================================
2022-12-26 10:09:50 info: ======= ENV: development =======
2022-12-26 10:09:50 info: 🚀 App listening on the port 8080
2022-12-26 10:09:50 info: =================================
2022-12-26 10:10:59 info: =================================
2022-12-26 10:10:59 info: ======= ENV: development =======
2022-12-26 10:10:59 info: 🚀 App listening on the port 8080
2022-12-26 10:10:59 info: =================================
2022-12-26 10:16:21 info: =================================
2022-12-26 10:16:21 info: ======= ENV: development =======
2022-12-26 10:16:21 info: 🚀 App listening on the port 8080
2022-12-26 10:16:21 info: =================================
2022-12-26 10:17:38 info: =================================
2022-12-26 10:17:38 info: ======= ENV: development =======
2022-12-26 10:17:38 info: 🚀 App listening on the port 8080
2022-12-26 10:17:38 info: =================================
2022-12-26 10:18:01 info: =================================
2022-12-26 10:18:01 info: ======= ENV: development =======
2022-12-26 10:18:01 info: 🚀 App listening on the port 8080
2022-12-26 10:18:01 info: =================================
2022-12-26 10:18:06 info: =================================
2022-12-26 10:18:06 info: ======= ENV: development =======
2022-12-26 10:18:06 info: 🚀 App listening on the port 8080
2022-12-26 10:18:06 info: =================================
2022-12-26 10:18:18 info: =================================
2022-12-26 10:18:18 info: ======= ENV: development =======
2022-12-26 10:18:18 info: 🚀 App listening on the port 8080
2022-12-26 10:18:18 info: =================================
2022-12-26 10:21:12 info: =================================
2022-12-26 10:21:12 info: ======= ENV: development =======
2022-12-26 10:21:12 info: 🚀 App listening on the port 8080
2022-12-26 10:21:12 info: =================================
2022-12-26 10:21:29 error: [POST] /configs >> StatusCode:: 500, Message:: Unknown column 'config.title' in 'where clause'
2022-12-26 10:21:29 info: [0mPOST /configs [31m500[0m 59.676 ms - 61[0m
2022-12-26 10:22:02 info: =================================
2022-12-26 10:22:02 info: ======= ENV: development =======
2022-12-26 10:22:02 info: 🚀 App listening on the port 8080
2022-12-26 10:22:02 info: =================================
2022-12-26 10:22:04 error: [POST] /configs >> StatusCode:: 500, Message:: Unknown column 'config.title' in 'where clause'
2022-12-26 10:22:04 info: [0mPOST /configs [31m500[0m 38.218 ms - 61[0m
2022-12-26 10:22:30 info: =================================
2022-12-26 10:22:30 info: ======= ENV: development =======
2022-12-26 10:22:30 info: 🚀 App listening on the port 8080
2022-12-26 10:22:30 info: =================================
2022-12-26 10:22:32 info: [0mPOST /configs [32m200[0m 37.072 ms - -[0m
2022-12-26 10:24:51 info: [0mGET /configs/buyingpage [32m200[0m 7.671 ms - 491[0m
2022-12-26 10:25:41 info: [0mGET /configs/buyingpage [32m200[0m 4.934 ms - 491[0m
2022-12-26 10:38:20 info: [0mPOST /configs [32m200[0m 12.776 ms - -[0m
2022-12-26 10:42:47 info: [0mGET /configs/physical [32m200[0m 5.695 ms - -[0m
2022-12-26 11:06:37 info: [0mPOST /configs [32m200[0m 12.679 ms - -[0m
2022-12-26 11:06:37 info: [0mGET /configs/physical [32m200[0m 2.788 ms - -[0m
2022-12-26 11:09:42 info: =================================
2022-12-26 11:09:42 info: ======= ENV: development =======
2022-12-26 11:09:42 info: 🚀 App listening on the port 8080
2022-12-26 11:09:42 info: =================================
2022-12-26 11:10:04 info: [0mPOST /configs [32m200[0m 31.997 ms - -[0m
2022-12-26 11:10:04 info: [0mGET /configs/physical [32m200[0m 4.525 ms - -[0m
2022-12-26 11:10:38 info: [0mPATCH /configs [32m200[0m 14.404 ms - -[0m
2022-12-26 11:10:38 info: [0mGET /configs/physical [32m200[0m 4.718 ms - -[0m
2022-12-26 11:13:16 info: [0mPATCH /configs [32m200[0m 6.392 ms - -[0m
2022-12-26 11:13:16 info: [0mGET /configs/physical [32m200[0m 4.154 ms - -[0m
2022-12-26 11:16:10 info: [0mPATCH /configs [32m200[0m 7.669 ms - -[0m
2022-12-26 11:16:10 info: [0mGET /configs/physical [32m200[0m 2.981 ms - -[0m
2022-12-26 11:16:22 info: [0mPATCH /configs [32m200[0m 10.971 ms - -[0m
2022-12-26 11:16:22 info: [0mGET /configs/physical [32m200[0m 4.661 ms - -[0m
2022-12-26 11:17:54 info: [0mPATCH /configs [32m200[0m 6.592 ms - -[0m
2022-12-26 11:17:54 info: [0mGET /configs/physical [32m200[0m 3.502 ms - -[0m
2022-12-26 11:18:30 info: [0mPATCH /configs [32m200[0m 5.058 ms - -[0m
2022-12-26 11:18:30 info: [0mGET /configs/physical [32m200[0m 2.359 ms - -[0m
2022-12-26 11:19:16 info: [0mPATCH /configs [32m200[0m 5.516 ms - -[0m
2022-12-26 11:19:16 info: [0mGET /configs/physical [32m200[0m 2.990 ms - -[0m
2022-12-26 11:20:08 info: [0mPATCH /configs [32m200[0m 4.490 ms - -[0m
2022-12-26 11:20:08 info: [0mGET /configs/physical [32m200[0m 4.010 ms - -[0m
2022-12-26 11:22:31 info: [0mPATCH /configs [32m200[0m 7.106 ms - -[0m
2022-12-26 11:22:31 info: [0mGET /configs/physical [32m200[0m 3.186 ms - -[0m
2022-12-26 11:24:46 info: [0mPATCH /configs [32m200[0m 7.698 ms - -[0m
2022-12-26 11:24:46 info: [0mGET /configs/physical [32m200[0m 2.736 ms - -[0m
2022-12-26 11:26:12 info: [0mPATCH /configs [32m200[0m 5.461 ms - -[0m
2022-12-26 11:26:12 info: [0mGET /configs/physical [32m200[0m 2.181 ms - -[0m
2022-12-26 11:26:48 info: [0mPATCH /configs [32m200[0m 4.828 ms - -[0m
2022-12-26 11:26:48 info: [0mGET /configs/physical [32m200[0m 1.877 ms - -[0m
2022-12-26 11:28:45 info: [0mPATCH /configs [32m200[0m 5.387 ms - -[0m
2022-12-26 11:28:45 info: [0mGET /configs/physical [32m200[0m 2.096 ms - -[0m
2022-12-26 11:29:00 info: [0mPATCH /configs [32m200[0m 6.111 ms - -[0m
2022-12-26 11:29:00 info: [0mGET /configs/physical [32m200[0m 2.284 ms - -[0m
2022-12-26 11:32:23 info: [0mPATCH /configs [32m200[0m 7.950 ms - -[0m
2022-12-26 11:32:23 info: [0mGET /configs/physical [32m200[0m 3.839 ms - -[0m
2022-12-26 12:27:06 info: [0mPATCH /configs [32m200[0m 5.090 ms - -[0m
2022-12-26 12:27:06 info: [0mGET /configs/physical [32m200[0m 2.012 ms - -[0m
2022-12-26 12:30:09 info: [0mPATCH /configs [32m200[0m 5.223 ms - -[0m
2022-12-26 12:30:09 info: [0mGET /configs/physical [32m200[0m 1.990 ms - -[0m
2022-12-26 12:41:21 info: [0mPATCH /configs [32m200[0m 6.640 ms - -[0m
2022-12-26 12:41:21 info: [0mGET /configs/physical [32m200[0m 1.962 ms - -[0m
2022-12-26 12:42:12 info: [0mPATCH /configs [32m200[0m 5.080 ms - -[0m
2022-12-26 12:42:12 info: [0mGET /configs/physical [32m200[0m 2.515 ms - -[0m
2022-12-26 12:42:28 info: [0mPATCH /configs [32m200[0m 4.592 ms - -[0m
2022-12-26 12:42:28 info: [0mGET /configs/physical [32m200[0m 3.152 ms - -[0m
2022-12-26 12:49:00 info: =================================
2022-12-26 12:49:00 info: ======= ENV: development =======
2022-12-26 12:49:00 info: 🚀 App listening on the port 8080
2022-12-26 12:49:00 info: =================================
2022-12-26 12:50:07 info: [0mPOST /configs [32m200[0m 30.627 ms - -[0m
2022-12-26 12:55:00 info: [0mGET /configs/uridical [32m200[0m 7.267 ms - -[0m
2022-12-26 13:07:20 info: [0mGET /configs/physical [32m200[0m 7.014 ms - -[0m
2022-12-26 13:41:29 info: [0mGET /configs/uridical [32m200[0m 5.847 ms - -[0m
2022-12-26 13:41:30 info: [0mGET /configs/uridical [32m200[0m 9.875 ms - -[0m
2022-12-26 13:51:46 info: [0mGET /configs/physical [32m200[0m 7.582 ms - -[0m
2022-12-26 13:51:53 info: [0mGET /configs/uridical [32m200[0m 6.382 ms - -[0m
2022-12-26 13:56:38 info: [0mGET /configs/uridical [32m200[0m 7.041 ms - -[0m
2022-12-26 13:56:43 info: [0mGET /configs/physical [32m200[0m 3.720 ms - -[0m
2022-12-26 14:00:51 info: [0mGET /configs/physical [32m200[0m 5.223 ms - -[0m
2022-12-26 14:01:59 info: [0mGET /configs/uridical [32m200[0m 5.853 ms - -[0m
2022-12-26 14:10:42 info: [0mPATCH /configs [32m200[0m 19.451 ms - -[0m
2022-12-26 14:10:42 info: [0mGET /configs/uridical [32m200[0m 2.958 ms - -[0m
2022-12-26 14:11:18 info: [0mPATCH /configs [32m200[0m 10.336 ms - -[0m
2022-12-26 14:11:18 info: [0mGET /configs/uridical [32m200[0m 3.004 ms - -[0m
2022-12-26 15:43:47 info: [0mPATCH /configs [32m200[0m 25.237 ms - -[0m
2022-12-26 15:43:47 info: [0mGET /configs/uridical [32m200[0m 3.980 ms - -[0m
2022-12-26 15:54:21 info: [0mPATCH /configs [32m200[0m 14.315 ms - -[0m
2022-12-26 15:54:21 info: [0mGET /configs/uridical [32m200[0m 2.350 ms - -[0m
