2022-12-07 09:04:20 error: uncaughtException: Cannot find module 'class-transformer/types/storage'
Require stack:
- D:\repository\newRepo\server\src\app.ts
- D:\repository\newRepo\server\src\server.ts
Error: Cannot find module 'class-transformer/types/storage'
Require stack:
- D:\repository\newRepo\server\src\app.ts
- D:\repository\newRepo\server\src\server.ts
    at Function.Module._resolveFilename (node:internal/modules/cjs/loader:933:15)
    at Function.Module._resolveFilename.sharedData.moduleResolveFilenameHook.installedValue (D:\repository\newRepo\server\node_modules\@cspotcode\source-map-support\source-map-support.js:811:30)
    at Function.Module._resolveFilename (D:\repository\newRepo\server\node_modules\tsconfig-paths\src\register.ts:115:36)
    at Function.Module._load (node:internal/modules/cjs/loader:778:27)
    at Module.require (node:internal/modules/cjs/loader:1005:19)
    at require (node:internal/modules/cjs/helpers:102:18)
    at Object.<anonymous> (D:\repository\newRepo\server\src\app.ts:15:1)
    at Module._compile (node:internal/modules/cjs/loader:1103:14)
    at Module.m._compile (D:\repository\newRepo\server\node_modules\ts-node\src\index.ts:1618:23)
    at Module._extensions..js (node:internal/modules/cjs/loader:1157:10)
2022-12-07 09:05:07 error: uncaughtException: Cannot find module 'class-transformer/types/storage'
Require stack:
- D:\repository\newRepo\server\src\app.ts
- D:\repository\newRepo\server\src\server.ts
Error: Cannot find module 'class-transformer/types/storage'
Require stack:
- D:\repository\newRepo\server\src\app.ts
- D:\repository\newRepo\server\src\server.ts
    at Function.Module._resolveFilename (node:internal/modules/cjs/loader:933:15)
    at Function.Module._resolveFilename.sharedData.moduleResolveFilenameHook.installedValue (D:\repository\newRepo\server\node_modules\@cspotcode\source-map-support\source-map-support.js:811:30)
    at Function.Module._resolveFilename (D:\repository\newRepo\server\node_modules\tsconfig-paths\src\register.ts:115:36)
    at Function.Module._load (node:internal/modules/cjs/loader:778:27)
    at Module.require (node:internal/modules/cjs/loader:1005:19)
    at require (node:internal/modules/cjs/helpers:102:18)
    at Object.<anonymous> (D:\repository\newRepo\server\src\app.ts:15:1)
    at Module._compile (node:internal/modules/cjs/loader:1103:14)
    at Module.m._compile (D:\repository\newRepo\server\node_modules\ts-node\src\index.ts:1618:23)
    at Module._extensions..js (node:internal/modules/cjs/loader:1157:10)
2022-12-07 09:07:30 error: uncaughtException: Cannot find module 'class-transformer/types/storage'
Require stack:
- D:\repository\newRepo\server\src\app.ts
- D:\repository\newRepo\server\src\server.ts
Error: Cannot find module 'class-transformer/types/storage'
Require stack:
- D:\repository\newRepo\server\src\app.ts
- D:\repository\newRepo\server\src\server.ts
    at Function.Module._resolveFilename (node:internal/modules/cjs/loader:933:15)
    at Function.Module._resolveFilename.sharedData.moduleResolveFilenameHook.installedValue (D:\repository\newRepo\server\node_modules\@cspotcode\source-map-support\source-map-support.js:811:30)
    at Function.Module._resolveFilename (D:\repository\newRepo\server\node_modules\tsconfig-paths\src\register.ts:115:36)
    at Function.Module._load (node:internal/modules/cjs/loader:778:27)
    at Module.require (node:internal/modules/cjs/loader:1005:19)
    at require (node:internal/modules/cjs/helpers:102:18)
    at Object.<anonymous> (D:\repository\newRepo\server\src\app.ts:15:1)
    at Module._compile (node:internal/modules/cjs/loader:1103:14)
    at Module.m._compile (D:\repository\newRepo\server\node_modules\ts-node\src\index.ts:1618:23)
    at Module._extensions..js (node:internal/modules/cjs/loader:1157:10)
2022-12-07 09:07:41 error: uncaughtException: Cannot find module 'class-transformer/types/storage'
Require stack:
- D:\repository\newRepo\server\src\app.ts
- D:\repository\newRepo\server\src\server.ts
Error: Cannot find module 'class-transformer/types/storage'
Require stack:
- D:\repository\newRepo\server\src\app.ts
- D:\repository\newRepo\server\src\server.ts
    at Function.Module._resolveFilename (node:internal/modules/cjs/loader:933:15)
    at Function.Module._resolveFilename.sharedData.moduleResolveFilenameHook.installedValue (D:\repository\newRepo\server\node_modules\@cspotcode\source-map-support\source-map-support.js:811:30)
    at Function.Module._resolveFilename (D:\repository\newRepo\server\node_modules\tsconfig-paths\src\register.ts:115:36)
    at Function.Module._load (node:internal/modules/cjs/loader:778:27)
    at Module.require (node:internal/modules/cjs/loader:1005:19)
    at require (node:internal/modules/cjs/helpers:102:18)
    at Object.<anonymous> (D:\repository\newRepo\server\src\app.ts:15:1)
    at Module._compile (node:internal/modules/cjs/loader:1103:14)
    at Module.m._compile (D:\repository\newRepo\server\node_modules\ts-node\src\index.ts:1618:23)
    at Module._extensions..js (node:internal/modules/cjs/loader:1157:10)
2022-12-07 09:10:40 error: uncaughtException: Cannot find module 'class-transformer/types/storage'
Require stack:
- D:\repository\newRepo\server\src\app.ts
- D:\repository\newRepo\server\src\server.ts
Error: Cannot find module 'class-transformer/types/storage'
Require stack:
- D:\repository\newRepo\server\src\app.ts
- D:\repository\newRepo\server\src\server.ts
    at Function.Module._resolveFilename (node:internal/modules/cjs/loader:933:15)
    at Function.Module._resolveFilename.sharedData.moduleResolveFilenameHook.installedValue (D:\repository\newRepo\server\node_modules\@cspotcode\source-map-support\source-map-support.js:811:30)
    at Function.Module._resolveFilename (D:\repository\newRepo\server\node_modules\tsconfig-paths\src\register.ts:115:36)
    at Function.Module._load (node:internal/modules/cjs/loader:778:27)
    at Module.require (node:internal/modules/cjs/loader:1005:19)
    at require (node:internal/modules/cjs/helpers:102:18)
    at Object.<anonymous> (D:\repository\newRepo\server\src\app.ts:15:1)
    at Module._compile (node:internal/modules/cjs/loader:1103:14)
    at Module.m._compile (D:\repository\newRepo\server\node_modules\ts-node\src\index.ts:1618:23)
    at Module._extensions..js (node:internal/modules/cjs/loader:1157:10)
2022-12-07 09:12:47 error: uncaughtException: Cannot find module 'class-transformer/types/storage'
Require stack:
- D:\repository\newRepo\server\src\app.ts
- D:\repository\newRepo\server\src\server.ts
Error: Cannot find module 'class-transformer/types/storage'
Require stack:
- D:\repository\newRepo\server\src\app.ts
- D:\repository\newRepo\server\src\server.ts
    at Function.Module._resolveFilename (node:internal/modules/cjs/loader:933:15)
    at Function.Module._resolveFilename.sharedData.moduleResolveFilenameHook.installedValue (D:\repository\newRepo\server\node_modules\@cspotcode\source-map-support\source-map-support.js:811:30)
    at Function.Module._resolveFilename (D:\repository\newRepo\server\node_modules\tsconfig-paths\src\register.ts:115:36)
    at Function.Module._load (node:internal/modules/cjs/loader:778:27)
    at Module.require (node:internal/modules/cjs/loader:1005:19)
    at require (node:internal/modules/cjs/helpers:102:18)
    at Object.<anonymous> (D:\repository\newRepo\server\src\app.ts:15:1)
    at Module._compile (node:internal/modules/cjs/loader:1103:14)
    at Module.m._compile (D:\repository\newRepo\server\node_modules\ts-node\src\index.ts:1618:23)
    at Module._extensions..js (node:internal/modules/cjs/loader:1157:10)
2022-12-07 09:19:52 error: uncaughtException: Cannot find module 'class-transformer/types/storage'
Require stack:
- D:\repository\newRepo\server\src\app.ts
- D:\repository\newRepo\server\src\server.ts
Error: Cannot find module 'class-transformer/types/storage'
Require stack:
- D:\repository\newRepo\server\src\app.ts
- D:\repository\newRepo\server\src\server.ts
    at Function.Module._resolveFilename (node:internal/modules/cjs/loader:933:15)
    at Function.Module._resolveFilename.sharedData.moduleResolveFilenameHook.installedValue (D:\repository\newRepo\server\node_modules\@cspotcode\source-map-support\source-map-support.js:811:30)
    at Function.Module._resolveFilename (D:\repository\newRepo\server\node_modules\tsconfig-paths\src\register.ts:115:36)
    at Function.Module._load (node:internal/modules/cjs/loader:778:27)
    at Module.require (node:internal/modules/cjs/loader:1005:19)
    at require (node:internal/modules/cjs/helpers:102:18)
    at Object.<anonymous> (D:\repository\newRepo\server\src\app.ts:15:1)
    at Module._compile (node:internal/modules/cjs/loader:1103:14)
    at Module.m._compile (D:\repository\newRepo\server\node_modules\ts-node\src\index.ts:1618:23)
    at Module._extensions..js (node:internal/modules/cjs/loader:1157:10)
2022-12-07 09:20:09 error: uncaughtException: Cannot find module 'class-transformer/types/storage'
Require stack:
- D:\repository\newRepo\server\src\app.ts
- D:\repository\newRepo\server\src\server.ts
Error: Cannot find module 'class-transformer/types/storage'
Require stack:
- D:\repository\newRepo\server\src\app.ts
- D:\repository\newRepo\server\src\server.ts
    at Function.Module._resolveFilename (node:internal/modules/cjs/loader:933:15)
    at Function.Module._resolveFilename.sharedData.moduleResolveFilenameHook.installedValue (D:\repository\newRepo\server\node_modules\@cspotcode\source-map-support\source-map-support.js:811:30)
    at Function.Module._resolveFilename (D:\repository\newRepo\server\node_modules\tsconfig-paths\src\register.ts:115:36)
    at Function.Module._load (node:internal/modules/cjs/loader:778:27)
    at Module.require (node:internal/modules/cjs/loader:1005:19)
    at require (node:internal/modules/cjs/helpers:102:18)
    at Object.<anonymous> (D:\repository\newRepo\server\src\app.ts:15:1)
    at Module._compile (node:internal/modules/cjs/loader:1103:14)
    at Module.m._compile (D:\repository\newRepo\server\node_modules\ts-node\src\index.ts:1618:23)
    at Module._extensions..js (node:internal/modules/cjs/loader:1157:10)
2022-12-07 09:24:43 error: uncaughtException: Cannot find module 'class-transformer/types/storage'
Require stack:
- D:\repository\newRepo\server\src\app.ts
- D:\repository\newRepo\server\src\server.ts
Error: Cannot find module 'class-transformer/types/storage'
Require stack:
- D:\repository\newRepo\server\src\app.ts
- D:\repository\newRepo\server\src\server.ts
    at Function.Module._resolveFilename (node:internal/modules/cjs/loader:933:15)
    at Function.Module._resolveFilename.sharedData.moduleResolveFilenameHook.installedValue (D:\repository\newRepo\server\node_modules\@cspotcode\source-map-support\source-map-support.js:811:30)
    at Function.Module._resolveFilename (D:\repository\newRepo\server\node_modules\tsconfig-paths\src\register.ts:115:36)
    at Function.Module._load (node:internal/modules/cjs/loader:778:27)
    at Module.require (node:internal/modules/cjs/loader:1005:19)
    at require (node:internal/modules/cjs/helpers:102:18)
    at Object.<anonymous> (D:\repository\newRepo\server\src\app.ts:15:1)
    at Module._compile (node:internal/modules/cjs/loader:1103:14)
    at Module.m._compile (D:\repository\newRepo\server\node_modules\ts-node\src\index.ts:1618:23)
    at Module._extensions..js (node:internal/modules/cjs/loader:1157:10)
2022-12-07 09:25:07 error: uncaughtException: Cannot find module 'class-transformer/types/storage'
Require stack:
- D:\repository\newRepo\server\src\app.ts
- D:\repository\newRepo\server\src\server.ts
Error: Cannot find module 'class-transformer/types/storage'
Require stack:
- D:\repository\newRepo\server\src\app.ts
- D:\repository\newRepo\server\src\server.ts
    at Function.Module._resolveFilename (node:internal/modules/cjs/loader:933:15)
    at Function.Module._resolveFilename.sharedData.moduleResolveFilenameHook.installedValue (D:\repository\newRepo\server\node_modules\@cspotcode\source-map-support\source-map-support.js:811:30)
    at Function.Module._resolveFilename (D:\repository\newRepo\server\node_modules\tsconfig-paths\src\register.ts:115:36)
    at Function.Module._load (node:internal/modules/cjs/loader:778:27)
    at Module.require (node:internal/modules/cjs/loader:1005:19)
    at require (node:internal/modules/cjs/helpers:102:18)
    at Object.<anonymous> (D:\repository\newRepo\server\src\app.ts:15:1)
    at Module._compile (node:internal/modules/cjs/loader:1103:14)
    at Module.m._compile (D:\repository\newRepo\server\node_modules\ts-node\src\index.ts:1618:23)
    at Module._extensions..js (node:internal/modules/cjs/loader:1157:10)
2022-12-07 09:38:11 error: uncaughtException: Cannot find module 'class-transformer/types/storage'
Require stack:
- D:\repository\newRepo\server\src\app.ts
- D:\repository\newRepo\server\src\server.ts
Error: Cannot find module 'class-transformer/types/storage'
Require stack:
- D:\repository\newRepo\server\src\app.ts
- D:\repository\newRepo\server\src\server.ts
    at Function.Module._resolveFilename (node:internal/modules/cjs/loader:933:15)
    at Function.Module._resolveFilename.sharedData.moduleResolveFilenameHook.installedValue (D:\repository\newRepo\server\node_modules\@cspotcode\source-map-support\source-map-support.js:811:30)
    at Function.Module._resolveFilename (D:\repository\newRepo\server\node_modules\tsconfig-paths\src\register.ts:115:36)
    at Function.Module._load (node:internal/modules/cjs/loader:778:27)
    at Module.require (node:internal/modules/cjs/loader:1005:19)
    at require (node:internal/modules/cjs/helpers:102:18)
    at Object.<anonymous> (D:\repository\newRepo\server\src\app.ts:15:1)
    at Module._compile (node:internal/modules/cjs/loader:1103:14)
    at Module.m._compile (D:\repository\newRepo\server\node_modules\ts-node\src\index.ts:1618:23)
    at Module._extensions..js (node:internal/modules/cjs/loader:1157:10)
2022-12-07 09:43:01 error: uncaughtException: Cannot find module 'class-transformer/types/storage'
Require stack:
- D:\repository\newRepo\server\src\app.ts
- D:\repository\newRepo\server\src\server.ts
Error: Cannot find module 'class-transformer/types/storage'
Require stack:
- D:\repository\newRepo\server\src\app.ts
- D:\repository\newRepo\server\src\server.ts
    at Function.Module._resolveFilename (node:internal/modules/cjs/loader:933:15)
    at Function.Module._resolveFilename.sharedData.moduleResolveFilenameHook.installedValue (D:\repository\newRepo\server\node_modules\@cspotcode\source-map-support\source-map-support.js:811:30)
    at Function.Module._resolveFilename (D:\repository\newRepo\server\node_modules\tsconfig-paths\src\register.ts:115:36)
    at Function.Module._load (node:internal/modules/cjs/loader:778:27)
    at Module.require (node:internal/modules/cjs/loader:1005:19)
    at require (node:internal/modules/cjs/helpers:102:18)
    at Object.<anonymous> (D:\repository\newRepo\server\src\app.ts:15:1)
    at Module._compile (node:internal/modules/cjs/loader:1103:14)
    at Module.m._compile (D:\repository\newRepo\server\node_modules\ts-node\src\index.ts:1618:23)
    at Module._extensions..js (node:internal/modules/cjs/loader:1157:10)
2022-12-07 09:44:14 error: uncaughtException: Cannot find module 'class-transformer/types/storage'
Require stack:
- D:\repository\newRepo\server\src\app.ts
- D:\repository\newRepo\server\src\server.ts
Error: Cannot find module 'class-transformer/types/storage'
Require stack:
- D:\repository\newRepo\server\src\app.ts
- D:\repository\newRepo\server\src\server.ts
    at Function.Module._resolveFilename (node:internal/modules/cjs/loader:933:15)
    at Function.Module._resolveFilename.sharedData.moduleResolveFilenameHook.installedValue (D:\repository\newRepo\server\node_modules\@cspotcode\source-map-support\source-map-support.js:811:30)
    at Function.Module._resolveFilename (D:\repository\newRepo\server\node_modules\tsconfig-paths\src\register.ts:115:36)
    at Function.Module._load (node:internal/modules/cjs/loader:778:27)
    at Module.require (node:internal/modules/cjs/loader:1005:19)
    at require (node:internal/modules/cjs/helpers:102:18)
    at Object.<anonymous> (D:\repository\newRepo\server\src\app.ts:15:1)
    at Module._compile (node:internal/modules/cjs/loader:1103:14)
    at Module.m._compile (D:\repository\newRepo\server\node_modules\ts-node\src\index.ts:1618:23)
    at Module._extensions..js (node:internal/modules/cjs/loader:1157:10)
2022-12-07 10:04:38 error: uncaughtException: Cannot find module 'class-transformer/types/storage'
Require stack:
- D:\repository\NODEJS server temp\server\src\app.ts
- D:\repository\NODEJS server temp\server\src\server.ts
Error: Cannot find module 'class-transformer/types/storage'
Require stack:
- D:\repository\NODEJS server temp\server\src\app.ts
- D:\repository\NODEJS server temp\server\src\server.ts
    at Function.Module._resolveFilename (node:internal/modules/cjs/loader:933:15)
    at Function.Module._resolveFilename.sharedData.moduleResolveFilenameHook.installedValue (D:\repository\NODEJS server temp\server\node_modules\@cspotcode\source-map-support\source-map-support.js:811:30)
    at Function.Module._resolveFilename (D:\repository\NODEJS server temp\server\node_modules\tsconfig-paths\src\register.ts:115:36)
    at Function.Module._load (node:internal/modules/cjs/loader:778:27)
    at Module.require (node:internal/modules/cjs/loader:1005:19)
    at require (node:internal/modules/cjs/helpers:102:18)
    at Object.<anonymous> (D:\repository\NODEJS server temp\server\src\app.ts:15:1)
    at Module._compile (node:internal/modules/cjs/loader:1103:14)
    at Module.m._compile (D:\repository\NODEJS server temp\server\node_modules\ts-node\src\index.ts:1618:23)
    at Module._extensions..js (node:internal/modules/cjs/loader:1157:10)
2022-12-07 10:10:25 error: [GET] / >> StatusCode:: 500, Message:: Something went wrong
