2022-12-29 08:59:01 error: [PATCH] /configs >> StatusCode:: 404, Message:: Authentication token missing
2022-12-29 12:16:37 error: [POST] /auth >> StatusCode:: 404, Message:: Authentication token missing
2022-12-29 12:16:37 error: [POST] /auth >> StatusCode:: 404, Message:: Authentication token missing
2022-12-29 12:17:06 error: [POST] /auth >> StatusCode:: 404, Message:: Authentication token missing
2022-12-29 12:17:06 error: [POST] /auth >> StatusCode:: 404, Message:: Authentication token missing
2022-12-29 12:17:18 error: [POST] /auth >> StatusCode:: 404, Message:: Authentication token missing
2022-12-29 12:17:18 error: [POST] /auth >> StatusCode:: 404, Message:: Authentication token missing
2022-12-29 12:17:42 error: [POST] /auth >> StatusCode:: 404, Message:: Authentication token missing
2022-12-29 12:17:44 error: [POST] /auth >> StatusCode:: 404, Message:: Authentication token missing
2022-12-29 16:00:05 error: [PATCH] /configs >> StatusCode:: 404, Message:: Authentication token missing
2022-12-29 16:03:32 error: [PATCH] /configs >> StatusCode:: 404, Message:: Authentication token missing
2022-12-29 16:03:37 error: [PATCH] /configs >> StatusCode:: 404, Message:: Authentication token missing
2022-12-29 16:03:47 error: [PATCH] /configs >> StatusCode:: 404, Message:: Authentication token missing
2022-12-29 16:53:03 error: [POST] /images >> StatusCode:: 500, Message:: Cannot convert object to primitive value
2022-12-29 16:59:33 error: [POST] /images >> StatusCode:: 500, Message:: The "path" argument must be of type string or an instance of Buffer or URL. Received undefined
2022-12-29 17:08:35 error: [POST] /images >> StatusCode:: 500, Message:: Unexpected end of form
2022-12-29 17:11:46 error: uncaughtException: Cannot set headers after they are sent to the client
Error [ERR_HTTP_HEADERS_SENT]: Cannot set headers after they are sent to the client
    at new NodeError (node:internal/errors:371:5)
    at ServerResponse.setHeader (node:_http_outgoing:576:11)
    at ServerResponse.header (D:\repository\SertificatesSite\server\node_modules\express\lib\response.js:794:10)
    at ServerResponse.send (D:\repository\SertificatesSite\server\node_modules\express\lib\response.js:174:12)
    at D:\repository\SertificatesSite\server\src\controllers\image.controller.ts:44:27
    at done (D:\repository\SertificatesSite\server\node_modules\multer\lib\make-middleware.js:45:7)
    at D:\repository\SertificatesSite\server\node_modules\multer\lib\make-middleware.js:65:11
    at removeUploadedFiles (D:\repository\SertificatesSite\server\node_modules\multer\lib\remove-uploaded-files.js:5:28)
    at D:\repository\SertificatesSite\server\node_modules\multer\lib\make-middleware.js:61:9
    at Counter.onceZero (D:\repository\SertificatesSite\server\node_modules\multer\lib\counter.js:23:29)
