2022-12-30 09:08:30 error: [POST] /images >> StatusCode:: 500, Message:: Cannot read properties of undefined (reading 'originalname')
2022-12-30 10:42:17 error: uncaughtException: /var/www/server/node_modules/bcrypt/lib/binding/napi-v3/bcrypt_lib.node: invalid ELF header
Error: /var/www/server/node_modules/bcrypt/lib/binding/napi-v3/bcrypt_lib.node: invalid ELF header
    at Object.Module._extensions..node (node:internal/modules/cjs/loader:1243:18)
    at Module.load (node:internal/modules/cjs/loader:1037:32)
    at Function.Module._load (node:internal/modules/cjs/loader:878:12)
    at Module.require (node:internal/modules/cjs/loader:1061:19)
    at require (node:internal/modules/cjs/helpers:103:18)
    at Object.<anonymous> (/var/www/server/node_modules/bcrypt/bcrypt.js:6:16)
    at Module._compile (node:internal/modules/cjs/loader:1159:14)
    at Module._extensions..js (node:internal/modules/cjs/loader:1213:10)
    at Object.require.extensions.<computed> [as .js] (/var/www/server/node_modules/ts-node/src/index.ts:1608:43)
    at Module.load (node:internal/modules/cjs/loader:1037:32)
2022-12-30 10:50:05 error: uncaughtException: /var/www/server/node_modules/bcrypt/lib/binding/napi-v3/bcrypt_lib.node: invalid ELF header
Error: /var/www/server/node_modules/bcrypt/lib/binding/napi-v3/bcrypt_lib.node: invalid ELF header
    at Object.Module._extensions..node (node:internal/modules/cjs/loader:1243:18)
    at Module.load (node:internal/modules/cjs/loader:1037:32)
    at Function.Module._load (node:internal/modules/cjs/loader:878:12)
    at Module.require (node:internal/modules/cjs/loader:1061:19)
    at require (node:internal/modules/cjs/helpers:103:18)
    at Object.<anonymous> (/var/www/server/node_modules/bcrypt/bcrypt.js:6:16)
    at Module._compile (node:internal/modules/cjs/loader:1159:14)
    at Module._extensions..js (node:internal/modules/cjs/loader:1213:10)
    at Object.require.extensions.<computed> [as .js] (/var/www/server/node_modules/ts-node/src/index.ts:1608:43)
    at Module.load (node:internal/modules/cjs/loader:1037:32)
2022-12-30 10:53:04 error: uncaughtException: /var/www/server/node_modules/bcrypt/lib/binding/napi-v3/bcrypt_lib.node: invalid ELF header
Error: /var/www/server/node_modules/bcrypt/lib/binding/napi-v3/bcrypt_lib.node: invalid ELF header
    at Object.Module._extensions..node (node:internal/modules/cjs/loader:1243:18)
    at Module.load (node:internal/modules/cjs/loader:1037:32)
    at Function.Module._load (node:internal/modules/cjs/loader:878:12)
    at Module.require (node:internal/modules/cjs/loader:1061:19)
    at require (node:internal/modules/cjs/helpers:103:18)
    at Object.<anonymous> (/var/www/server/node_modules/bcrypt/bcrypt.js:6:16)
    at Module._compile (node:internal/modules/cjs/loader:1159:14)
    at Module._extensions..js (node:internal/modules/cjs/loader:1213:10)
    at Object.require.extensions.<computed> [as .js] (/var/www/server/node_modules/ts-node/src/index.ts:1608:43)
    at Module.load (node:internal/modules/cjs/loader:1037:32)
2022-12-30 10:58:15 error: uncaughtException: /var/www/server/node_modules/bcrypt/lib/binding/napi-v3/bcrypt_lib.node: invalid ELF header
Error: /var/www/server/node_modules/bcrypt/lib/binding/napi-v3/bcrypt_lib.node: invalid ELF header
    at Object.Module._extensions..node (node:internal/modules/cjs/loader:1243:18)
    at Module.load (node:internal/modules/cjs/loader:1037:32)
    at Function.Module._load (node:internal/modules/cjs/loader:878:12)
    at Module.require (node:internal/modules/cjs/loader:1061:19)
    at require (node:internal/modules/cjs/helpers:103:18)
    at Object.<anonymous> (/var/www/server/node_modules/bcrypt/bcrypt.js:6:16)
    at Module._compile (node:internal/modules/cjs/loader:1159:14)
    at Module._extensions..js (node:internal/modules/cjs/loader:1213:10)
    at Object.require.extensions.<computed> [as .js] (/var/www/server/node_modules/ts-node/src/index.ts:1608:43)
    at Module.load (node:internal/modules/cjs/loader:1037:32)
2022-12-30 11:05:38 error: uncaughtException: /var/www/server/node_modules/bcrypt/lib/binding/napi-v3/bcrypt_lib.node: invalid ELF header
Error: /var/www/server/node_modules/bcrypt/lib/binding/napi-v3/bcrypt_lib.node: invalid ELF header
    at Object.Module._extensions..node (node:internal/modules/cjs/loader:1243:18)
    at Module.load (node:internal/modules/cjs/loader:1037:32)
    at Function.Module._load (node:internal/modules/cjs/loader:878:12)
    at Module.require (node:internal/modules/cjs/loader:1061:19)
    at require (node:internal/modules/cjs/helpers:103:18)
    at Object.<anonymous> (/var/www/server/node_modules/bcrypt/bcrypt.js:6:16)
    at Module._compile (node:internal/modules/cjs/loader:1159:14)
    at Module._extensions..js (node:internal/modules/cjs/loader:1213:10)
    at Object.require.extensions.<computed> [as .js] (/var/www/server/node_modules/ts-node/src/index.ts:1608:43)
    at Module.load (node:internal/modules/cjs/loader:1037:32)
2022-12-30 11:14:51 error: uncaughtException: /var/www/server/node_modules/bcrypt/lib/binding/napi-v3/bcrypt_lib.node: invalid ELF header
Error: /var/www/server/node_modules/bcrypt/lib/binding/napi-v3/bcrypt_lib.node: invalid ELF header
    at Object.Module._extensions..node (node:internal/modules/cjs/loader:1243:18)
    at Module.load (node:internal/modules/cjs/loader:1037:32)
    at Function.Module._load (node:internal/modules/cjs/loader:878:12)
    at Module.require (node:internal/modules/cjs/loader:1061:19)
    at require (node:internal/modules/cjs/helpers:103:18)
    at Object.<anonymous> (/var/www/server/node_modules/bcrypt/bcrypt.js:6:16)
    at Module._compile (node:internal/modules/cjs/loader:1159:14)
    at Module._extensions..js (node:internal/modules/cjs/loader:1213:10)
    at Object.require.extensions.<computed> [as .js] (/var/www/server/node_modules/ts-node/src/index.ts:1608:43)
    at Module.load (node:internal/modules/cjs/loader:1037:32)
2022-12-30 11:18:32 error: uncaughtException: /var/www/server/node_modules/bcrypt/lib/binding/napi-v3/bcrypt_lib.node: invalid ELF header
Error: /var/www/server/node_modules/bcrypt/lib/binding/napi-v3/bcrypt_lib.node: invalid ELF header
    at Object.Module._extensions..node (node:internal/modules/cjs/loader:1243:18)
    at Module.load (node:internal/modules/cjs/loader:1037:32)
    at Function.Module._load (node:internal/modules/cjs/loader:878:12)
    at Module.require (node:internal/modules/cjs/loader:1061:19)
    at require (node:internal/modules/cjs/helpers:103:18)
    at Object.<anonymous> (/var/www/server/node_modules/bcrypt/bcrypt.js:6:16)
    at Module._compile (node:internal/modules/cjs/loader:1159:14)
    at Module._extensions..js (node:internal/modules/cjs/loader:1213:10)
    at Object.require.extensions.<computed> [as .js] (/var/www/server/node_modules/ts-node/src/index.ts:1608:43)
    at Module.load (node:internal/modules/cjs/loader:1037:32)
2022-12-30 11:25:37 error: uncaughtException: /var/www/server/node_modules/bcrypt/lib/binding/napi-v3/bcrypt_lib.node: invalid ELF header
Error: /var/www/server/node_modules/bcrypt/lib/binding/napi-v3/bcrypt_lib.node: invalid ELF header
    at Object.Module._extensions..node (node:internal/modules/cjs/loader:1243:18)
    at Module.load (node:internal/modules/cjs/loader:1037:32)
    at Function.Module._load (node:internal/modules/cjs/loader:878:12)
    at Module.require (node:internal/modules/cjs/loader:1061:19)
    at require (node:internal/modules/cjs/helpers:103:18)
    at Object.<anonymous> (/var/www/server/node_modules/bcrypt/bcrypt.js:6:16)
    at Module._compile (node:internal/modules/cjs/loader:1159:14)
    at Module._extensions..js (node:internal/modules/cjs/loader:1213:10)
    at Object.require.extensions.<computed> [as .js] (/var/www/server/node_modules/ts-node/src/index.ts:1608:43)
    at Module.load (node:internal/modules/cjs/loader:1037:32)
2022-12-30 11:28:06 error: uncaughtException: /var/www/server/node_modules/bcrypt/lib/binding/napi-v3/bcrypt_lib.node: invalid ELF header
Error: /var/www/server/node_modules/bcrypt/lib/binding/napi-v3/bcrypt_lib.node: invalid ELF header
    at Object.Module._extensions..node (node:internal/modules/cjs/loader:1243:18)
    at Module.load (node:internal/modules/cjs/loader:1037:32)
    at Function.Module._load (node:internal/modules/cjs/loader:878:12)
    at Module.require (node:internal/modules/cjs/loader:1061:19)
    at require (node:internal/modules/cjs/helpers:103:18)
    at Object.<anonymous> (/var/www/server/node_modules/bcrypt/bcrypt.js:6:16)
    at Module._compile (node:internal/modules/cjs/loader:1159:14)
    at Module._extensions..js (node:internal/modules/cjs/loader:1213:10)
    at Object.require.extensions.<computed> [as .js] (/var/www/server/node_modules/ts-node/src/index.ts:1608:43)
    at Module.load (node:internal/modules/cjs/loader:1037:32)
2022-12-30 11:39:59 error: uncaughtException: /var/www/server/node_modules/bcrypt/lib/binding/napi-v3/bcrypt_lib.node: invalid ELF header
Error: /var/www/server/node_modules/bcrypt/lib/binding/napi-v3/bcrypt_lib.node: invalid ELF header
    at Object.Module._extensions..node (node:internal/modules/cjs/loader:1243:18)
    at Module.load (node:internal/modules/cjs/loader:1037:32)
    at Function.Module._load (node:internal/modules/cjs/loader:878:12)
    at Module.require (node:internal/modules/cjs/loader:1061:19)
    at require (node:internal/modules/cjs/helpers:103:18)
    at Object.<anonymous> (/var/www/server/node_modules/bcrypt/bcrypt.js:6:16)
    at Module._compile (node:internal/modules/cjs/loader:1159:14)
    at Module._extensions..js (node:internal/modules/cjs/loader:1213:10)
    at Object.require.extensions.<computed> [as .js] (/var/www/server/node_modules/ts-node/src/index.ts:1608:43)
    at Module.load (node:internal/modules/cjs/loader:1037:32)
2022-12-30 11:52:44 error: uncaughtException: /var/www/server/node_modules/bcrypt/lib/binding/napi-v3/bcrypt_lib.node: invalid ELF header
Error: /var/www/server/node_modules/bcrypt/lib/binding/napi-v3/bcrypt_lib.node: invalid ELF header
    at Object.Module._extensions..node (node:internal/modules/cjs/loader:1243:18)
    at Module.load (node:internal/modules/cjs/loader:1037:32)
    at Function.Module._load (node:internal/modules/cjs/loader:878:12)
    at Module.require (node:internal/modules/cjs/loader:1061:19)
    at require (node:internal/modules/cjs/helpers:103:18)
    at Object.<anonymous> (/var/www/server/node_modules/bcrypt/bcrypt.js:6:16)
    at Module._compile (node:internal/modules/cjs/loader:1159:14)
    at Module._extensions..js (node:internal/modules/cjs/loader:1213:10)
    at Object.require.extensions.<computed> [as .js] (/var/www/server/node_modules/ts-node/src/index.ts:1608:43)
    at Module.load (node:internal/modules/cjs/loader:1037:32)
2022-12-30 12:05:42 error: uncaughtException: /var/www/server/node_modules/bcrypt/lib/binding/napi-v3/bcrypt_lib.node: invalid ELF header
Error: /var/www/server/node_modules/bcrypt/lib/binding/napi-v3/bcrypt_lib.node: invalid ELF header
    at Object.Module._extensions..node (node:internal/modules/cjs/loader:1243:18)
    at Module.load (node:internal/modules/cjs/loader:1037:32)
    at Function.Module._load (node:internal/modules/cjs/loader:878:12)
    at Module.require (node:internal/modules/cjs/loader:1061:19)
    at require (node:internal/modules/cjs/helpers:103:18)
    at Object.<anonymous> (/var/www/server/node_modules/bcrypt/bcrypt.js:6:16)
    at Module._compile (node:internal/modules/cjs/loader:1159:14)
    at Module._extensions..js (node:internal/modules/cjs/loader:1213:10)
    at Object.require.extensions.<computed> [as .js] (/var/www/server/node_modules/ts-node/src/index.ts:1608:43)
    at Module.load (node:internal/modules/cjs/loader:1037:32)
2022-12-30 12:10:11 error: uncaughtException: /var/www/server/node_modules/bcrypt/lib/binding/napi-v3/bcrypt_lib.node: invalid ELF header
Error: /var/www/server/node_modules/bcrypt/lib/binding/napi-v3/bcrypt_lib.node: invalid ELF header
    at Object.Module._extensions..node (node:internal/modules/cjs/loader:1243:18)
    at Module.load (node:internal/modules/cjs/loader:1037:32)
    at Function.Module._load (node:internal/modules/cjs/loader:878:12)
    at Module.require (node:internal/modules/cjs/loader:1061:19)
    at require (node:internal/modules/cjs/helpers:103:18)
    at Object.<anonymous> (/var/www/server/node_modules/bcrypt/bcrypt.js:6:16)
    at Module._compile (node:internal/modules/cjs/loader:1159:14)
    at Module._extensions..js (node:internal/modules/cjs/loader:1213:10)
    at Object.require.extensions.<computed> [as .js] (/var/www/server/node_modules/ts-node/src/index.ts:1608:43)
    at Module.load (node:internal/modules/cjs/loader:1037:32)
2022-12-30 12:13:38 error: uncaughtException: /var/www/server/node_modules/bcrypt/lib/binding/napi-v3/bcrypt_lib.node: invalid ELF header
Error: /var/www/server/node_modules/bcrypt/lib/binding/napi-v3/bcrypt_lib.node: invalid ELF header
    at Object.Module._extensions..node (node:internal/modules/cjs/loader:1243:18)
    at Module.load (node:internal/modules/cjs/loader:1037:32)
    at Function.Module._load (node:internal/modules/cjs/loader:878:12)
    at Module.require (node:internal/modules/cjs/loader:1061:19)
    at require (node:internal/modules/cjs/helpers:103:18)
    at Object.<anonymous> (/var/www/server/node_modules/bcrypt/bcrypt.js:6:16)
    at Module._compile (node:internal/modules/cjs/loader:1159:14)
    at Module._extensions..js (node:internal/modules/cjs/loader:1213:10)
    at Object.require.extensions.<computed> [as .js] (/var/www/server/node_modules/ts-node/src/index.ts:1608:43)
    at Module.load (node:internal/modules/cjs/loader:1037:32)
