2022-12-13 16:53:48 info: =================================
2022-12-13 16:53:48 info: ======= ENV: development =======
2022-12-13 16:53:48 info: 🚀 App listening on the port 3000
2022-12-13 16:53:48 info: =================================
2022-12-13 16:53:48 info: [0mGET /_next/webpack-hmr [33m404[0m 31.938 ms - 156[0m
2022-12-13 16:53:51 info: [0mGET /_next/webpack-hmr [33m404[0m 3.369 ms - 156[0m
2022-12-13 16:53:52 info: [0mGET /_next/webpack-hmr [33m404[0m 1.044 ms - 156[0m
2022-12-13 16:53:54 info: [0mGET / [32m200[0m 5.818 ms - 2[0m
2022-12-13 16:53:54 info: [0mGET /favicon.ico [33m404[0m 1.610 ms - 150[0m
2022-12-13 16:53:56 info: [0mGET /_next/webpack-hmr [33m404[0m 0.941 ms - 156[0m
2022-12-13 16:53:59 info: [0mGET /_next/webpack-hmr [33m404[0m 1.358 ms - 156[0m
2022-12-13 16:54:01 info: [0mGET /_next/webpack-hmr [33m404[0m 1.235 ms - 156[0m
2022-12-13 16:54:08 info: =================================
2022-12-13 16:54:08 info: ======= ENV: development =======
2022-12-13 16:54:08 info: 🚀 App listening on the port 3000
2022-12-13 16:54:08 info: =================================
2022-12-13 16:54:08 info: [0mGET /_next/webpack-hmr [33m404[0m 13.272 ms - 156[0m
2022-12-13 16:54:10 info: [0mGET /_next/webpack-hmr [33m404[0m 2.750 ms - 156[0m
2022-12-13 16:54:12 info: [0mGET /_next/webpack-hmr [33m404[0m 1.405 ms - 156[0m
2022-12-13 16:54:15 info: [0mGET /_next/webpack-hmr [33m404[0m 1.353 ms - 156[0m
